
＝＝＝＝＝＝＝＝＝＝                                   
【日志级别】ERROR                                   
【记录时间】2021-01-21 13:59:26,309                                   
【执行时间】[26247]毫秒                                   
【错误位置】System.String 属性[(null)]                                   
【错误描述】System.InvalidOperationException: Incorrect Content-Type: application/json
   at Microsoft.AspNetCore.Http.Features.FormFeature.ReadForm()
   at Microsoft.AspNetCore.Http.DefaultHttpRequest.get_Form()
   at WeChat.Core.Api.Middleware.LogReqResponseMiddleware.Invoke(HttpContext httpContext) in F:\ERP_Code\WeChat.Core.Api\src\WeChat.Core.Api\Middleware\LogReqResponseMiddleware.cs:line 27
   at Microsoft.AspNetCore.Authorization.AuthorizationMiddleware.Invoke(HttpContext context)
   at Microsoft.AspNetCore.Authentication.AuthenticationMiddleware.Invoke(HttpContext context)
   at WeChat.Core.Api.Middleware.CustomExceptionMiddleware.InvokeAsync(HttpContext httpContext) in F:\ERP_Code\WeChat.Core.Api\src\WeChat.Core.Api\Middleware\CustomExceptionMiddleware.cs:line 24                                   
【错误详情】

＝＝＝＝＝＝＝＝＝＝                                   
【日志级别】ERROR                                   
【记录时间】2021-01-21 14:01:14,381                                   
【执行时间】[51347]毫秒                                   
【错误位置】System.String 属性[(null)]                                   
【错误描述】System.InvalidOperationException: Incorrect Content-Type: application/json
   at Microsoft.AspNetCore.Http.Features.FormFeature.ReadForm()
   at Microsoft.AspNetCore.Http.DefaultHttpRequest.get_Form()
   at WeChat.Core.Api.Middleware.LogReqResponseMiddleware.Invoke(HttpContext httpContext) in F:\ERP_Code\WeChat.Core.Api\src\WeChat.Core.Api\Middleware\LogReqResponseMiddleware.cs:line 27
   at Microsoft.AspNetCore.Authorization.AuthorizationMiddleware.Invoke(HttpContext context)
   at Microsoft.AspNetCore.Authentication.AuthenticationMiddleware.Invoke(HttpContext context)
   at WeChat.Core.Api.Middleware.CustomExceptionMiddleware.InvokeAsync(HttpContext httpContext) in F:\ERP_Code\WeChat.Core.Api\src\WeChat.Core.Api\Middleware\CustomExceptionMiddleware.cs:line 24                                   
【错误详情】

＝＝＝＝＝＝＝＝＝＝                                   
【日志级别】ERROR                                   
【记录时间】2021-01-21 14:02:44,831                                   
【执行时间】[30444]毫秒                                   
【错误位置】System.String 属性[(null)]                                   
【错误描述】System.InvalidOperationException: Incorrect Content-Type: application/json
   at Microsoft.AspNetCore.Http.Features.FormFeature.ReadForm()
   at Microsoft.AspNetCore.Http.DefaultHttpRequest.get_Form()
   at WeChat.Core.Api.Middleware.LogReqResponseMiddleware.Invoke(HttpContext httpContext) in F:\ERP_Code\WeChat.Core.Api\src\WeChat.Core.Api\Middleware\LogReqResponseMiddleware.cs:line 25
   at Microsoft.AspNetCore.Authorization.AuthorizationMiddleware.Invoke(HttpContext context)
   at Microsoft.AspNetCore.Authentication.AuthenticationMiddleware.Invoke(HttpContext context)
   at WeChat.Core.Api.Middleware.CustomExceptionMiddleware.InvokeAsync(HttpContext httpContext) in F:\ERP_Code\WeChat.Core.Api\src\WeChat.Core.Api\Middleware\CustomExceptionMiddleware.cs:line 24                                   
【错误详情】
