
＝＝＝＝＝＝＝＝＝＝                                   
【日志级别】ERROR                                   
【记录时间】2021-03-05 09:19:15,786                                   
【执行时间】[59434]毫秒                                   
【错误位置】System.String 属性[(null)]                                   
【错误描述】出现未知异常                                   
【错误详情】
AutoMapper.AutoMapperMappingException: Error mapping types.

Mapping types:
PurchaseOrders -> PurchaseOrderViewModel
WeChat.Core.Model.EntityModel.ERP.PurchaseOrders -> WeChat.Core.Model.ViewModel.ERP.PurchaseOrderViewModel

Type Map configuration:
PurchaseOrders -> PurchaseOrderViewModel
WeChat.Core.Model.EntityModel.ERP.PurchaseOrders -> WeChat.Core.Model.ViewModel.ERP.PurchaseOrderViewModel

Destination Member:
OrderId

 ---> System.OverflowException: Value was either too large or too small for an Int32.
   at System.Number.ThrowOverflowOrFormatException(ParsingStatus status, TypeCode type)
   at System.Number.ParseInt32(ReadOnlySpan`1 value, NumberStyles styles, NumberFormatInfo info)
   at lambda_method(Closure , PurchaseOrders , PurchaseOrderViewModel , ResolutionContext )
   --- End of inner exception stack trace ---
   at lambda_method(Closure , PurchaseOrders , PurchaseOrderViewModel , ResolutionContext )
   at WeChat.Core.Api.Controllers.DepotController.Get(String trackNo) in F:\ERP_Code\WeChat.Core.Api\src\WeChat.Core.Api\Controllers\DepotController.cs:line 51
   at lambda_method(Closure , Object )
   at Microsoft.Extensions.Internal.ObjectMethodExecutorAwaitable.Awaiter.GetResult()
   at Microsoft.AspNetCore.Mvc.Infrastructure.ActionMethodExecutor.AwaitableObjectResultExecutor.Execute(IActionResultTypeMapper mapper, ObjectMethodExecutor executor, Object controller, Object[] arguments)
   at Microsoft.AspNetCore.Mvc.Infrastructure.ControllerActionInvoker.<InvokeActionMethodAsync>g__Awaited|12_0(ControllerActionInvoker invoker, ValueTask`1 actionResultValueTask)
   at Microsoft.AspNetCore.Mvc.Infrastructure.ControllerActionInvoker.<InvokeNextActionFilterAsync>g__Awaited|10_0(ControllerActionInvoker invoker, Task lastTask, State next, Scope scope, Object state, Boolean isCompleted)
   at Microsoft.AspNetCore.Mvc.Infrastructure.ControllerActionInvoker.Rethrow(ActionExecutedContextSealed context)
   at Microsoft.AspNetCore.Mvc.Infrastructure.ControllerActionInvoker.Next(State& next, Scope& scope, Object& state, Boolean& isCompleted)
   at Microsoft.AspNetCore.Mvc.Infrastructure.ControllerActionInvoker.<InvokeInnerFilterAsync>g__Awaited|13_0(ControllerActionInvoker invoker, Task lastTask, State next, Scope scope, Object state, Boolean isCompleted)
   at Microsoft.AspNetCore.Mvc.Infrastructure.ResourceInvoker.<InvokeNextExceptionFilterAsync>g__Awaited|25_0(ResourceInvoker invoker, Task lastTask, State next, Scope scope, Object state, Boolean isCompleted)
