
＝＝＝＝＝＝＝＝＝＝                                   
【日志级别】DEBUG                                   
【记录时间】2021-03-13 15:21:17,328                                   
【执行时间】[1364]毫秒                                   
【debug位置】System.String 属性[(null)]                                   
【debug描述】更新Token:
＝＝＝＝＝＝＝＝＝＝                                   
【日志级别】DEBUG                                   
【记录时间】2021-03-13 15:21:17,363                                   
【执行时间】[1399]毫秒                                   
【debug位置】System.String 属性[(null)]                                   
【debug描述】获取缓存
＝＝＝＝＝＝＝＝＝＝                                   
【日志级别】DEBUG                                   
【记录时间】2021-03-13 15:21:20,226                                   
【执行时间】[4262]毫秒                                   
【debug位置】System.String 属性[(null)]                                   
【debug描述】更新动态订单:2021/3/13 15:21:20
＝＝＝＝＝＝＝＝＝＝                                   
【日志级别】DEBUG                                   
【记录时间】2021-03-13 15:21:27,406                                   
【执行时间】[11441]毫秒                                   
【debug位置】System.String 属性[(null)]                                   
【debug描述】更新动态销售额:2021/3/13 15:21:27
＝＝＝＝＝＝＝＝＝＝                                   
【日志级别】DEBUG                                   
【记录时间】2021-03-13 15:21:40,227                                   
【执行时间】[1340]毫秒                                   
【debug位置】System.String 属性[(null)]                                   
【debug描述】更新Token:
＝＝＝＝＝＝＝＝＝＝                                   
【日志级别】DEBUG                                   
【记录时间】2021-03-13 15:21:40,256                                   
【执行时间】[1369]毫秒                                   
【debug位置】System.String 属性[(null)]                                   
【debug描述】获取缓存
＝＝＝＝＝＝＝＝＝＝                                   
【日志级别】DEBUG                                   
【记录时间】2021-03-13 15:21:43,180                                   
【执行时间】[4293]毫秒                                   
【debug位置】System.String 属性[(null)]                                   
【debug描述】更新动态订单:2021/3/13 15:21:43
＝＝＝＝＝＝＝＝＝＝                                   
【日志级别】DEBUG                                   
【记录时间】2021-03-13 15:21:51,456                                   
【执行时间】[12569]毫秒                                   
【debug位置】System.String 属性[(null)]                                   
【debug描述】更新动态销售额:2021/3/13 15:21:51