
＝＝＝＝＝＝＝＝＝＝                                   
【日志级别】DEBUG                                   
【记录时间】2021-03-05 17:11:22,078                                   
【执行时间】[2938]毫秒                                   
【debug位置】System.String 属性[(null)]                                   
【debug描述】更新Token:
＝＝＝＝＝＝＝＝＝＝                                   
【日志级别】DEBUG                                   
【记录时间】2021-03-05 17:11:22,111                                   
【执行时间】[2971]毫秒                                   
【debug位置】System.String 属性[(null)]                                   
【debug描述】获取缓存
＝＝＝＝＝＝＝＝＝＝                                   
【日志级别】DEBUG                                   
【记录时间】2021-03-05 17:12:29,756                                   
【执行时间】[1254]毫秒                                   
【debug位置】System.String 属性[(null)]                                   
【debug描述】更新Token:
＝＝＝＝＝＝＝＝＝＝                                   
【日志级别】DEBUG                                   
【记录时间】2021-03-05 17:12:29,790                                   
【执行时间】[1288]毫秒                                   
【debug位置】System.String 属性[(null)]                                   
【debug描述】获取缓存
＝＝＝＝＝＝＝＝＝＝                                   
【日志级别】DEBUG                                   
【记录时间】2021-03-05 17:14:02,282                                   
【执行时间】[1303]毫秒                                   
【debug位置】System.String 属性[(null)]                                   
【debug描述】更新Token:
＝＝＝＝＝＝＝＝＝＝                                   
【日志级别】DEBUG                                   
【记录时间】2021-03-05 17:14:02,312                                   
【执行时间】[1333]毫秒                                   
【debug位置】System.String 属性[(null)]                                   
【debug描述】获取缓存