
＝＝＝＝＝＝＝＝＝＝                                   
【日志级别】INFO                                   
【记录时间】2021-03-03 11:47:16,395                                   
【执行时间】[42916]毫秒                                   
【debug位置】WeChat.Core.Api.Middleware.LogReqResponseMiddleware 属性[(null)]                                   
【debug描述】Request:http localhost:5000 /api/Account/ErpToken POST  {"userName":"Wangjintao","passWord":"321517"}
＝＝＝＝＝＝＝＝＝＝                                   
【日志级别】INFO                                   
【记录时间】2021-03-03 11:47:36,232                                   
【执行时间】[62753]毫秒                                   
【debug位置】WeChat.Core.Api.Middleware.LogReqResponseMiddleware 属性[(null)]                                   
【debug描述】Response:500: {
  "message": "An exception was thrown while activating WeChat.Core.Service.WeChatSupplierService -> WeChat.Core.Common.WeChat.SendMessageHelper.SendMessage -> WeChat.Core.Common.WeChat.WeChatSDK -> WeChat.Core.Common.Redis.RedisCacheManager.",
  "developmentMessage": "   at Autofac.Core.Resolving.Middleware.ActivatorErrorHandlingMiddleware.Execute(ResolveRequestContext context, Action`1 next)\r\n   at Autofac.Core.Resolving.Pipeline.ResolvePipelineBuilder.<>c__DisplayClass14_0.<BuildPipeline>b__1(ResolveRequestContext ctxt)\r\n   at Autofac.Core.Pipeline.ResolvePipeline.Invoke(ResolveRequestContext ctxt)\r\n   at Autofac.Core.Resolving.Middleware.RegistrationPipelineInvokeMiddleware.Execute(ResolveRequestContext context, Action`1 next)\r\n   at Autofac.Core.Resolving.Pipeline.ResolvePipelineBuilder.<>c__DisplayClass14_0.<BuildPipeline>b__1(ResolveRequestContext ctxt)\r\n   at Autofac.Core.Resolving.Middleware.SharingMiddleware.Execute(ResolveRequestContext context, Action`1 next)\r\n   at Autofac.Core.Resolving.Pipeline.ResolvePipelineBuilder.<>c__DisplayClass14_0.<BuildPipeline>b__1(ResolveRequestContext ctxt)\r\n   at Autofac.Core.Resolving.Pipeline.ResolvePipelineBuilder.<>c__DisplayClass14_0.<BuildPipeline>b__1(ResolveRequestContext ctxt)\r\n   at Autofac.Core.Resolving.Middleware.CircularDependencyDetectorMiddleware.Execute(ResolveRequestContext context, Action`1 next)\r\n   at Autofac.Core.Resolving.Pipeline.ResolvePipelineBuilder.<>c__DisplayClass14_0.<BuildPipeline>b__1(ResolveRequestContext ctxt)\r\n   at Autofac.Core.Pipeline.ResolvePipeline.Invoke(ResolveRequestContext ctxt)\r\n   at Autofac.Core.Resolving.ResolveOperation.GetOrCreateInstance(ISharingLifetimeScope currentOperationScope, ResolveRequest request)\r\n   at Autofac.Core.Resolving.ResolveOperation.ExecuteOperation(ResolveRequest request)\r\n   at Autofac.Core.Resolving.ResolveOperation.Execute(ResolveRequest request)\r\n   at Autofac.Core.Lifetime.LifetimeScope.ResolveComponent(ResolveRequest request)\r\n   at Autofac.ResolutionExtensions.TryResolveService(IComponentContext context, Service service, IEnumerable`1 parameters, Object& instance)\r\n   at Autofac.ResolutionExtensions.ResolveOptionalService(IComponentContext context, Service service, IEnumerable`1 parameters)\r\n   at Autofac.ResolutionExtensions.ResolveOptional(IComponentContext context, Type serviceType, IEnumerable`1 parameters)\r\n   at Autofac.ResolutionExtensions.ResolveOptional(IComponentContext context, Type serviceType)\r\n   at Autofac.Extensions.DependencyInjection.AutofacServiceProvider.GetService(Type serviceType)\r\n   at Microsoft.Extensions.DependencyInjection.ActivatorUtilities.GetService(IServiceProvider sp, Type type, Type requiredBy, Boolean isDefaultParameterRequired)\r\n   at lambda_method(Closure , IServiceProvider , Object[] )\r\n   at Microsoft.AspNetCore.Mvc.Controllers.ControllerActivatorProvider.<>c__DisplayClass4_0.<CreateActivator>b__0(ControllerContext controllerContext)\r\n   at Microsoft.AspNetCore.Mvc.Controllers.ControllerFactoryProvider.<>c__DisplayClass5_0.<CreateControllerFactory>g__CreateController|0(ControllerContext controllerContext)\r\n   at Microsoft.AspNetCore.Mvc.Infrastructure.ControllerActionInvoker.Next(State& next, Scope& scope, Object& state, Boolean& isCompleted)\r\n   at Microsoft.AspNetCore.Mvc.Infrastructure.ControllerActionInvoker.InvokeInnerFilterAsync()\r\n--- End of stack trace from previous location where exception was thrown ---\r\n   at Microsoft.AspNetCore.Mvc.Infrastructure.ResourceInvoker.<InvokeNextExceptionFilterAsync>g__Awaited|25_0(ResourceInvoker invoker, Task lastTask, State next, Scope scope, Object state, Boolean isCompleted)"
}
＝＝＝＝＝＝＝＝＝＝                                   
【日志级别】DEBUG                                   
【记录时间】2021-03-03 11:48:21,115                                   
【执行时间】[1290]毫秒                                   
【debug位置】System.String 属性[(null)]                                   
【debug描述】更新Token:
＝＝＝＝＝＝＝＝＝＝                                   
【日志级别】DEBUG                                   
【记录时间】2021-03-03 11:48:21,142                                   
【执行时间】[1317]毫秒                                   
【debug位置】System.String 属性[(null)]                                   
【debug描述】获取缓存
＝＝＝＝＝＝＝＝＝＝                                   
【日志级别】INFO                                   
【记录时间】2021-03-03 11:48:36,171                                   
【执行时间】[16346]毫秒                                   
【debug位置】WeChat.Core.Api.Middleware.LogReqResponseMiddleware 属性[(null)]                                   
【debug描述】Request:http localhost:5000 /api/Account/ErpToken POST  {"userName":"Wangjintao","passWord":"321517"}
＝＝＝＝＝＝＝＝＝＝                                   
【日志级别】INFO                                   
【记录时间】2021-03-03 11:48:37,145                                   
【执行时间】[17320]毫秒                                   
【debug位置】WeChat.Core.Api.Middleware.LogReqResponseMiddleware 属性[(null)]                                   
【debug描述】Response:200: {
  "success": true,
  "token": "eyJhbGciOiJIUzI1NiIsInR5cCI6IkpXVCJ9.eyJodHRwOi8vc2NoZW1hcy54bWxzb2FwLm9yZy93cy8yMDA1LzA1L2lkZW50aXR5L2NsYWltcy9uYW1lIjoiMTAyIiwianRpIjoiMTAyIiwiaWF0IjoiMTYxNDc0MzMxNyIsIm5iZiI6IjE2MTQ3NDMzMTciLCJleHAiOiIxNjE0NzUwNTE3IiwiaHR0cDovL3NjaGVtYXMubWljcm9zb2Z0LmNvbS93cy8yMDA4LzA2L2lkZW50aXR5L2NsYWltcy9leHBpcmF0aW9uIjoiMDMvMDMvMjAyMSAxMzo0ODozNyIsImlzcyI6IkpvbnR5V2FuZyIsImF1ZCI6IlN1cHBsaWVyIiwiaHR0cDovL3NjaGVtYXMubWljcm9zb2Z0LmNvbS93cy8yMDA4LzA2L2lkZW50aXR5L2NsYWltcy9yb2xlIjoic3VwcGxpZXIifQ.s-072LMqRds_T8wxEjSpSwZLsbTAThKPRSv33caStwc",
  "expires_in": 7200,
  "token_type": "Bearer"
}
＝＝＝＝＝＝＝＝＝＝                                   
【日志级别】DEBUG                                   
【记录时间】2021-03-03 11:58:35,346                                   
【执行时间】[3342]毫秒                                   
【debug位置】System.String 属性[(null)]                                   
【debug描述】更新Token:
＝＝＝＝＝＝＝＝＝＝                                   
【日志级别】DEBUG                                   
【记录时间】2021-03-03 11:58:35,376                                   
【执行时间】[3372]毫秒                                   
【debug位置】System.String 属性[(null)]                                   
【debug描述】获取缓存
＝＝＝＝＝＝＝＝＝＝                                   
【日志级别】INFO                                   
【记录时间】2021-03-03 11:58:46,851                                   
【执行时间】[14847]毫秒                                   
【debug位置】WeChat.Core.Api.Middleware.LogReqResponseMiddleware 属性[(null)]                                   
【debug描述】Request:http localhost:5000 /api/Account/ErpToken POST  {"userName":"Admin","passWord":"Lzkj@!#$"}
＝＝＝＝＝＝＝＝＝＝                                   
【日志级别】INFO                                   
【记录时间】2021-03-03 11:59:43,538                                   
【执行时间】[71534]毫秒                                   
【debug位置】WeChat.Core.Api.Middleware.LogReqResponseMiddleware 属性[(null)]                                   
【debug描述】Response:500: {
  "message": "Sequence contains no matching element",
  "developmentMessage": "   at System.Linq.ThrowHelper.ThrowNoMatchException()\r\n   at System.Linq.Enumerable.First[TSource](IEnumerable`1 source, Func`2 predicate)\r\n   at WeChat.Core.Api.Controllers.AccountController.JwtToken(LoginViewModel model) in F:\\ERP_Code\\WeChat.Core.Api\\src\\WeChat.Core.Api\\Controllers\\AccountController.cs:line 200\r\n   at Microsoft.AspNetCore.Mvc.Infrastructure.ActionMethodExecutor.TaskOfIActionResultExecutor.Execute(IActionResultTypeMapper mapper, ObjectMethodExecutor executor, Object controller, Object[] arguments)\r\n   at Microsoft.AspNetCore.Mvc.Infrastructure.ControllerActionInvoker.<InvokeActionMethodAsync>g__Logged|12_1(ControllerActionInvoker invoker)\r\n   at Microsoft.AspNetCore.Mvc.Infrastructure.ControllerActionInvoker.<InvokeNextActionFilterAsync>g__Awaited|10_0(ControllerActionInvoker invoker, Task lastTask, State next, Scope scope, Object state, Boolean isCompleted)\r\n   at Microsoft.AspNetCore.Mvc.Infrastructure.ControllerActionInvoker.Rethrow(ActionExecutedContextSealed context)\r\n   at Microsoft.AspNetCore.Mvc.Infrastructure.ControllerActionInvoker.Next(State& next, Scope& scope, Object& state, Boolean& isCompleted)\r\n   at Microsoft.AspNetCore.Mvc.Infrastructure.ControllerActionInvoker.<InvokeInnerFilterAsync>g__Awaited|13_0(ControllerActionInvoker invoker, Task lastTask, State next, Scope scope, Object state, Boolean isCompleted)\r\n   at Microsoft.AspNetCore.Mvc.Infrastructure.ResourceInvoker.<InvokeNextExceptionFilterAsync>g__Awaited|25_0(ResourceInvoker invoker, Task lastTask, State next, Scope scope, Object state, Boolean isCompleted)"
}
＝＝＝＝＝＝＝＝＝＝                                   
【日志级别】DEBUG                                   
【记录时间】2021-03-03 12:01:05,775                                   
【执行时间】[2736]毫秒                                   
【debug位置】System.String 属性[(null)]                                   
【debug描述】更新Token:
＝＝＝＝＝＝＝＝＝＝                                   
【日志级别】DEBUG                                   
【记录时间】2021-03-03 12:01:05,813                                   
【执行时间】[2774]毫秒                                   
【debug位置】System.String 属性[(null)]                                   
【debug描述】获取缓存
＝＝＝＝＝＝＝＝＝＝                                   
【日志级别】INFO                                   
【记录时间】2021-03-03 12:01:17,526                                   
【执行时间】[14487]毫秒                                   
【debug位置】WeChat.Core.Api.Middleware.LogReqResponseMiddleware 属性[(null)]                                   
【debug描述】Request:http localhost:5000 /api/Account/ErpToken POST  {"userName":"Wangjintao","passWord":"321517"}
＝＝＝＝＝＝＝＝＝＝                                   
【日志级别】INFO                                   
【记录时间】2021-03-03 12:01:50,498                                   
【执行时间】[47460]毫秒                                   
【debug位置】WeChat.Core.Api.Middleware.LogReqResponseMiddleware 属性[(null)]                                   
【debug描述】Response:200: {
  "success": true,
  "token": "eyJhbGciOiJIUzI1NiIsInR5cCI6IkpXVCJ9.eyJodHRwOi8vc2NoZW1hcy54bWxzb2FwLm9yZy93cy8yMDA1LzA1L2lkZW50aXR5L2NsYWltcy9uYW1lIjoiMTAyIiwianRpIjoiMTAyIiwiaWF0IjoiMTYxNDc0NDEwNiIsIm5iZiI6IjE2MTQ3NDQxMDYiLCJleHAiOiIxNjE0NzUxMzA2IiwiaHR0cDovL3NjaGVtYXMubWljcm9zb2Z0LmNvbS93cy8yMDA4LzA2L2lkZW50aXR5L2NsYWltcy9leHBpcmF0aW9uIjoiMDMvMDMvMjAyMSAxNDowMTo0NiIsImlzcyI6IkpvbnR5V2FuZyIsImF1ZCI6IlN1cHBsaWVyIiwiaHR0cDovL3NjaGVtYXMubWljcm9zb2Z0LmNvbS93cy8yMDA4LzA2L2lkZW50aXR5L2NsYWltcy9yb2xlIjoic3VwcGxpZXIifQ.2BQ3iNu_sP7sDL53np6Jt7cCTammDE_dkwp27SlLJdc",
  "expires_in": 7200,
  "token_type": "Bearer"
}
＝＝＝＝＝＝＝＝＝＝                                   
【日志级别】INFO                                   
【记录时间】2021-03-03 12:02:08,670                                   
【执行时间】[65631]毫秒                                   
【debug位置】WeChat.Core.Api.Middleware.LogReqResponseMiddleware 属性[(null)]                                   
【debug描述】Request:http localhost:5000 /api/Account/ErpToken POST  {"userName":"Admin","passWord":"Lzkj@!#$"}
＝＝＝＝＝＝＝＝＝＝                                   
【日志级别】INFO                                   
【记录时间】2021-03-03 12:02:58,326                                   
【执行时间】[115288]毫秒                                   
【debug位置】WeChat.Core.Api.Middleware.LogReqResponseMiddleware 属性[(null)]                                   
【debug描述】Response:500: {
  "message": "Sequence contains no matching element",
  "developmentMessage": "   at System.Linq.ThrowHelper.ThrowNoMatchException()\r\n   at System.Linq.Enumerable.First[TSource](IEnumerable`1 source, Func`2 predicate)\r\n   at WeChat.Core.Api.Controllers.AccountController.JwtToken(LoginViewModel model) in F:\\ERP_Code\\WeChat.Core.Api\\src\\WeChat.Core.Api\\Controllers\\AccountController.cs:line 200\r\n   at Microsoft.AspNetCore.Mvc.Infrastructure.ActionMethodExecutor.TaskOfIActionResultExecutor.Execute(IActionResultTypeMapper mapper, ObjectMethodExecutor executor, Object controller, Object[] arguments)\r\n   at Microsoft.AspNetCore.Mvc.Infrastructure.ControllerActionInvoker.<InvokeActionMethodAsync>g__Logged|12_1(ControllerActionInvoker invoker)\r\n   at Microsoft.AspNetCore.Mvc.Infrastructure.ControllerActionInvoker.<InvokeNextActionFilterAsync>g__Awaited|10_0(ControllerActionInvoker invoker, Task lastTask, State next, Scope scope, Object state, Boolean isCompleted)\r\n   at Microsoft.AspNetCore.Mvc.Infrastructure.ControllerActionInvoker.Rethrow(ActionExecutedContextSealed context)\r\n   at Microsoft.AspNetCore.Mvc.Infrastructure.ControllerActionInvoker.Next(State& next, Scope& scope, Object& state, Boolean& isCompleted)\r\n   at Microsoft.AspNetCore.Mvc.Infrastructure.ControllerActionInvoker.<InvokeInnerFilterAsync>g__Awaited|13_0(ControllerActionInvoker invoker, Task lastTask, State next, Scope scope, Object state, Boolean isCompleted)\r\n   at Microsoft.AspNetCore.Mvc.Infrastructure.ResourceInvoker.<InvokeNextExceptionFilterAsync>g__Awaited|25_0(ResourceInvoker invoker, Task lastTask, State next, Scope scope, Object state, Boolean isCompleted)"
}