
＝＝＝＝＝＝＝＝＝＝                                   
【日志级别】DEBUG                                   
【记录时间】2021-03-11 17:57:12,244                                   
【执行时间】[2141]毫秒                                   
【debug位置】System.String 属性[(null)]                                   
【debug描述】更新Token:
＝＝＝＝＝＝＝＝＝＝                                   
【日志级别】DEBUG                                   
【记录时间】2021-03-11 17:57:12,283                                   
【执行时间】[2180]毫秒                                   
【debug位置】System.String 属性[(null)]                                   
【debug描述】获取缓存
＝＝＝＝＝＝＝＝＝＝                                   
【日志级别】DEBUG                                   
【记录时间】2021-03-11 18:05:07,792                                   
【执行时间】[3260]毫秒                                   
【debug位置】System.String 属性[(null)]                                   
【debug描述】更新Token:
＝＝＝＝＝＝＝＝＝＝                                   
【日志级别】DEBUG                                   
【记录时间】2021-03-11 18:05:07,862                                   
【执行时间】[3330]毫秒                                   
【debug位置】System.String 属性[(null)]                                   
【debug描述】获取缓存
＝＝＝＝＝＝＝＝＝＝                                   
【日志级别】DEBUG                                   
【记录时间】2021-03-11 18:07:18,580                                   
【执行时间】[59001]毫秒                                   
【debug位置】System.String 属性[(null)]                                   
【debug描述】更新Token:
＝＝＝＝＝＝＝＝＝＝                                   
【日志级别】DEBUG                                   
【记录时间】2021-03-11 18:07:18,607                                   
【执行时间】[59028]毫秒                                   
【debug位置】System.String 属性[(null)]                                   
【debug描述】获取缓存
＝＝＝＝＝＝＝＝＝＝                                   
【日志级别】DEBUG                                   
【记录时间】2021-03-11 18:21:14,095                                   
【执行时间】[1429]毫秒                                   
【debug位置】System.String 属性[(null)]                                   
【debug描述】更新Token:7200
＝＝＝＝＝＝＝＝＝＝                                   
【日志级别】DEBUG                                   
【记录时间】2021-03-11 18:21:14,123                                   
【执行时间】[1456]毫秒                                   
【debug位置】System.String 属性[(null)]                                   
【debug描述】获取缓存43_-Te0nqGYWLQ5wwegQnScq4x9b-5EhOadsylPOojZPGIGXCbtHg6_KcVr4vXUAsSd4ijOadoEsZaQgJV1Jlako0ngojKNdRiUkIekJ1KBpXzMDaAKTk81OMNv9SMAQFzwchyayxKkU3Hy-9-hEORgAHAPZC
＝＝＝＝＝＝＝＝＝＝                                   
【日志级别】DEBUG                                   
【记录时间】2021-03-11 18:21:33,322                                   
【执行时间】[20655]毫秒                                   
【debug位置】System.String 属性[(null)]                                   
【debug描述】获取缓存43_-Te0nqGYWLQ5wwegQnScq4x9b-5EhOadsylPOojZPGIGXCbtHg6_KcVr4vXUAsSd4ijOadoEsZaQgJV1Jlako0ngojKNdRiUkIekJ1KBpXzMDaAKTk81OMNv9SMAQFzwchyayxKkU3Hy-9-hEORgAHAPZC
＝＝＝＝＝＝＝＝＝＝                                   
【日志级别】DEBUG                                   
【记录时间】2021-03-11 18:21:53,313                                   
【执行时间】[40646]毫秒                                   
【debug位置】System.String 属性[(null)]                                   
【debug描述】获取缓存43_-Te0nqGYWLQ5wwegQnScq4x9b-5EhOadsylPOojZPGIGXCbtHg6_KcVr4vXUAsSd4ijOadoEsZaQgJV1Jlako0ngojKNdRiUkIekJ1KBpXzMDaAKTk81OMNv9SMAQFzwchyayxKkU3Hy-9-hEORgAHAPZC
＝＝＝＝＝＝＝＝＝＝                                   
【日志级别】DEBUG                                   
【记录时间】2021-03-11 18:22:13,322                                   
【执行时间】[60656]毫秒                                   
【debug位置】System.String 属性[(null)]                                   
【debug描述】获取缓存43_-Te0nqGYWLQ5wwegQnScq4x9b-5EhOadsylPOojZPGIGXCbtHg6_KcVr4vXUAsSd4ijOadoEsZaQgJV1Jlako0ngojKNdRiUkIekJ1KBpXzMDaAKTk81OMNv9SMAQFzwchyayxKkU3Hy-9-hEORgAHAPZC
＝＝＝＝＝＝＝＝＝＝                                   
【日志级别】DEBUG                                   
【记录时间】2021-03-11 18:22:33,325                                   
【执行时间】[80658]毫秒                                   
【debug位置】System.String 属性[(null)]                                   
【debug描述】获取缓存43_-Te0nqGYWLQ5wwegQnScq4x9b-5EhOadsylPOojZPGIGXCbtHg6_KcVr4vXUAsSd4ijOadoEsZaQgJV1Jlako0ngojKNdRiUkIekJ1KBpXzMDaAKTk81OMNv9SMAQFzwchyayxKkU3Hy-9-hEORgAHAPZC
＝＝＝＝＝＝＝＝＝＝                                   
【日志级别】DEBUG                                   
【记录时间】2021-03-11 18:22:53,325                                   
【执行时间】[100659]毫秒                                   
【debug位置】System.String 属性[(null)]                                   
【debug描述】获取缓存43_-Te0nqGYWLQ5wwegQnScq4x9b-5EhOadsylPOojZPGIGXCbtHg6_KcVr4vXUAsSd4ijOadoEsZaQgJV1Jlako0ngojKNdRiUkIekJ1KBpXzMDaAKTk81OMNv9SMAQFzwchyayxKkU3Hy-9-hEORgAHAPZC
＝＝＝＝＝＝＝＝＝＝                                   
【日志级别】DEBUG                                   
【记录时间】2021-03-11 18:23:13,315                                   
【执行时间】[120649]毫秒                                   
【debug位置】System.String 属性[(null)]                                   
【debug描述】获取缓存43_-Te0nqGYWLQ5wwegQnScq4x9b-5EhOadsylPOojZPGIGXCbtHg6_KcVr4vXUAsSd4ijOadoEsZaQgJV1Jlako0ngojKNdRiUkIekJ1KBpXzMDaAKTk81OMNv9SMAQFzwchyayxKkU3Hy-9-hEORgAHAPZC
＝＝＝＝＝＝＝＝＝＝                                   
【日志级别】DEBUG                                   
【记录时间】2021-03-11 18:23:33,326                                   
【执行时间】[140659]毫秒                                   
【debug位置】System.String 属性[(null)]                                   
【debug描述】获取缓存43_-Te0nqGYWLQ5wwegQnScq4x9b-5EhOadsylPOojZPGIGXCbtHg6_KcVr4vXUAsSd4ijOadoEsZaQgJV1Jlako0ngojKNdRiUkIekJ1KBpXzMDaAKTk81OMNv9SMAQFzwchyayxKkU3Hy-9-hEORgAHAPZC
＝＝＝＝＝＝＝＝＝＝                                   
【日志级别】DEBUG                                   
【记录时间】2021-03-11 18:23:53,323                                   
【执行时间】[160656]毫秒                                   
【debug位置】System.String 属性[(null)]                                   
【debug描述】获取缓存43_-Te0nqGYWLQ5wwegQnScq4x9b-5EhOadsylPOojZPGIGXCbtHg6_KcVr4vXUAsSd4ijOadoEsZaQgJV1Jlako0ngojKNdRiUkIekJ1KBpXzMDaAKTk81OMNv9SMAQFzwchyayxKkU3Hy-9-hEORgAHAPZC
＝＝＝＝＝＝＝＝＝＝                                   
【日志级别】DEBUG                                   
【记录时间】2021-03-11 18:24:13,320                                   
【执行时间】[180654]毫秒                                   
【debug位置】System.String 属性[(null)]                                   
【debug描述】获取缓存43_-Te0nqGYWLQ5wwegQnScq4x9b-5EhOadsylPOojZPGIGXCbtHg6_KcVr4vXUAsSd4ijOadoEsZaQgJV1Jlako0ngojKNdRiUkIekJ1KBpXzMDaAKTk81OMNv9SMAQFzwchyayxKkU3Hy-9-hEORgAHAPZC
＝＝＝＝＝＝＝＝＝＝                                   
【日志级别】DEBUG                                   
【记录时间】2021-03-11 18:24:33,331                                   
【执行时间】[200665]毫秒                                   
【debug位置】System.String 属性[(null)]                                   
【debug描述】获取缓存43_-Te0nqGYWLQ5wwegQnScq4x9b-5EhOadsylPOojZPGIGXCbtHg6_KcVr4vXUAsSd4ijOadoEsZaQgJV1Jlako0ngojKNdRiUkIekJ1KBpXzMDaAKTk81OMNv9SMAQFzwchyayxKkU3Hy-9-hEORgAHAPZC
＝＝＝＝＝＝＝＝＝＝                                   
【日志级别】DEBUG                                   
【记录时间】2021-03-11 18:24:53,327                                   
【执行时间】[220661]毫秒                                   
【debug位置】System.String 属性[(null)]                                   
【debug描述】获取缓存43_-Te0nqGYWLQ5wwegQnScq4x9b-5EhOadsylPOojZPGIGXCbtHg6_KcVr4vXUAsSd4ijOadoEsZaQgJV1Jlako0ngojKNdRiUkIekJ1KBpXzMDaAKTk81OMNv9SMAQFzwchyayxKkU3Hy-9-hEORgAHAPZC
＝＝＝＝＝＝＝＝＝＝                                   
【日志级别】DEBUG                                   
【记录时间】2021-03-11 18:25:13,323                                   
【执行时间】[240656]毫秒                                   
【debug位置】System.String 属性[(null)]                                   
【debug描述】获取缓存43_-Te0nqGYWLQ5wwegQnScq4x9b-5EhOadsylPOojZPGIGXCbtHg6_KcVr4vXUAsSd4ijOadoEsZaQgJV1Jlako0ngojKNdRiUkIekJ1KBpXzMDaAKTk81OMNv9SMAQFzwchyayxKkU3Hy-9-hEORgAHAPZC
＝＝＝＝＝＝＝＝＝＝                                   
【日志级别】DEBUG                                   
【记录时间】2021-03-11 18:25:33,320                                   
【执行时间】[260654]毫秒                                   
【debug位置】System.String 属性[(null)]                                   
【debug描述】获取缓存43_-Te0nqGYWLQ5wwegQnScq4x9b-5EhOadsylPOojZPGIGXCbtHg6_KcVr4vXUAsSd4ijOadoEsZaQgJV1Jlako0ngojKNdRiUkIekJ1KBpXzMDaAKTk81OMNv9SMAQFzwchyayxKkU3Hy-9-hEORgAHAPZC
＝＝＝＝＝＝＝＝＝＝                                   
【日志级别】DEBUG                                   
【记录时间】2021-03-11 18:25:37,190                                   
【执行时间】[967]毫秒                                   
【debug位置】System.String 属性[(null)]                                   
【debug描述】获取缓存43_-Te0nqGYWLQ5wwegQnScq4x9b-5EhOadsylPOojZPGIGXCbtHg6_KcVr4vXUAsSd4ijOadoEsZaQgJV1Jlako0ngojKNdRiUkIekJ1KBpXzMDaAKTk81OMNv9SMAQFzwchyayxKkU3Hy-9-hEORgAHAPZC
＝＝＝＝＝＝＝＝＝＝                                   
【日志级别】DEBUG                                   
【记录时间】2021-03-11 18:25:56,892                                   
【执行时间】[20669]毫秒                                   
【debug位置】System.String 属性[(null)]                                   
【debug描述】获取缓存43_-Te0nqGYWLQ5wwegQnScq4x9b-5EhOadsylPOojZPGIGXCbtHg6_KcVr4vXUAsSd4ijOadoEsZaQgJV1Jlako0ngojKNdRiUkIekJ1KBpXzMDaAKTk81OMNv9SMAQFzwchyayxKkU3Hy-9-hEORgAHAPZC
＝＝＝＝＝＝＝＝＝＝                                   
【日志级别】DEBUG                                   
【记录时间】2021-03-11 18:26:35,312                                   
【执行时间】[857]毫秒                                   
【debug位置】System.String 属性[(null)]                                   
【debug描述】获取缓存43_-Te0nqGYWLQ5wwegQnScq4x9b-5EhOadsylPOojZPGIGXCbtHg6_KcVr4vXUAsSd4ijOadoEsZaQgJV1Jlako0ngojKNdRiUkIekJ1KBpXzMDaAKTk81OMNv9SMAQFzwchyayxKkU3Hy-9-hEORgAHAPZC
＝＝＝＝＝＝＝＝＝＝                                   
【日志级别】DEBUG                                   
【记录时间】2021-03-11 18:26:50,983                                   
【执行时间】[842]毫秒                                   
【debug位置】System.String 属性[(null)]                                   
【debug描述】获取缓存43_-Te0nqGYWLQ5wwegQnScq4x9b-5EhOadsylPOojZPGIGXCbtHg6_KcVr4vXUAsSd4ijOadoEsZaQgJV1Jlako0ngojKNdRiUkIekJ1KBpXzMDaAKTk81OMNv9SMAQFzwchyayxKkU3Hy-9-hEORgAHAPZC
＝＝＝＝＝＝＝＝＝＝                                   
【日志级别】DEBUG                                   
【记录时间】2021-03-11 18:27:10,784                                   
【执行时间】[20644]毫秒                                   
【debug位置】System.String 属性[(null)]                                   
【debug描述】获取缓存43_-Te0nqGYWLQ5wwegQnScq4x9b-5EhOadsylPOojZPGIGXCbtHg6_KcVr4vXUAsSd4ijOadoEsZaQgJV1Jlako0ngojKNdRiUkIekJ1KBpXzMDaAKTk81OMNv9SMAQFzwchyayxKkU3Hy-9-hEORgAHAPZC
＝＝＝＝＝＝＝＝＝＝                                   
【日志级别】DEBUG                                   
【记录时间】2021-03-11 18:27:30,773                                   
【执行时间】[40633]毫秒                                   
【debug位置】System.String 属性[(null)]                                   
【debug描述】获取缓存43_-Te0nqGYWLQ5wwegQnScq4x9b-5EhOadsylPOojZPGIGXCbtHg6_KcVr4vXUAsSd4ijOadoEsZaQgJV1Jlako0ngojKNdRiUkIekJ1KBpXzMDaAKTk81OMNv9SMAQFzwchyayxKkU3Hy-9-hEORgAHAPZC
＝＝＝＝＝＝＝＝＝＝                                   
【日志级别】DEBUG                                   
【记录时间】2021-03-11 18:27:35,644                                   
【执行时间】[857]毫秒                                   
【debug位置】System.String 属性[(null)]                                   
【debug描述】获取缓存43_-Te0nqGYWLQ5wwegQnScq4x9b-5EhOadsylPOojZPGIGXCbtHg6_KcVr4vXUAsSd4ijOadoEsZaQgJV1Jlako0ngojKNdRiUkIekJ1KBpXzMDaAKTk81OMNv9SMAQFzwchyayxKkU3Hy-9-hEORgAHAPZC
＝＝＝＝＝＝＝＝＝＝                                   
【日志级别】DEBUG                                   
【记录时间】2021-03-11 18:27:45,445                                   
【执行时间】[10658]毫秒                                   
【debug位置】System.String 属性[(null)]                                   
【debug描述】获取缓存43_-Te0nqGYWLQ5wwegQnScq4x9b-5EhOadsylPOojZPGIGXCbtHg6_KcVr4vXUAsSd4ijOadoEsZaQgJV1Jlako0ngojKNdRiUkIekJ1KBpXzMDaAKTk81OMNv9SMAQFzwchyayxKkU3Hy-9-hEORgAHAPZC
＝＝＝＝＝＝＝＝＝＝                                   
【日志级别】DEBUG                                   
【记录时间】2021-03-11 18:27:55,435                                   
【执行时间】[20648]毫秒                                   
【debug位置】System.String 属性[(null)]                                   
【debug描述】获取缓存43_-Te0nqGYWLQ5wwegQnScq4x9b-5EhOadsylPOojZPGIGXCbtHg6_KcVr4vXUAsSd4ijOadoEsZaQgJV1Jlako0ngojKNdRiUkIekJ1KBpXzMDaAKTk81OMNv9SMAQFzwchyayxKkU3Hy-9-hEORgAHAPZC