
＝＝＝＝＝＝＝＝＝＝                                   
【日志级别】INFO                                   
【记录时间】2021-01-27 09:05:06,529                                   
【执行时间】[10782]毫秒                                   
【debug位置】WeChat.Core.Api.Middleware.LogReqResponseMiddleware 属性[(null)]                                   
【debug描述】Request:http localhost:5000 /api/Account/JwtToken POST  {"userName":"admin","passWord":"123"}
＝＝＝＝＝＝＝＝＝＝                                   
【日志级别】INFO                                   
【记录时间】2021-01-27 09:05:07,585                                   
【执行时间】[11838]毫秒                                   
【debug位置】WeChat.Core.Api.Middleware.LogReqResponseMiddleware 属性[(null)]                                   
【debug描述】Response:200: {
  "success": true,
  "token": "eyJhbGciOiJIUzI1NiIsInR5cCI6IkpXVCJ9.eyJodHRwOi8vc2NoZW1hcy54bWxzb2FwLm9yZy93cy8yMDA1LzA1L2lkZW50aXR5L2NsYWltcy9uYW1lIjoiNSIsImp0aSI6IjUiLCJpYXQiOiIxNjExNzA5NTA3IiwibmJmIjoiMTYxMTcwOTUwNyIsImV4cCI6IjE2MTE3MTY3MDciLCJodHRwOi8vc2NoZW1hcy5taWNyb3NvZnQuY29tL3dzLzIwMDgvMDYvaWRlbnRpdHkvY2xhaW1zL2V4cGlyYXRpb24iOiIwMS8yNy8yMDIxIDExOjA1OjA3IiwiaXNzIjoiSm9udHlXYW5nIiwiYXVkIjoiU3VwcGxpZXIiLCJodHRwOi8vc2NoZW1hcy5taWNyb3NvZnQuY29tL3dzLzIwMDgvMDYvaWRlbnRpdHkvY2xhaW1zL3JvbGUiOiJzdXBwbGllciJ9.NvfmzcE9TVEi4tj2htKURp4DTpVOK1-xNlLHh-iB88s",
  "expires_in": 7200,
  "token_type": "Bearer"
}
＝＝＝＝＝＝＝＝＝＝                                   
【日志级别】INFO                                   
【记录时间】2021-01-27 09:05:47,862                                   
【执行时间】[52116]毫秒                                   
【debug位置】WeChat.Core.Api.Middleware.LogReqResponseMiddleware 属性[(null)]                                   
【debug描述】Request:http localhost:5000 /api/WeChatAuth/AccessToken/061MWv000NqK4L1lEI100R6Rsa3MWv07 GET  
＝＝＝＝＝＝＝＝＝＝                                   
【日志级别】INFO                                   
【记录时间】2021-01-27 09:05:48,324                                   
【执行时间】[52577]毫秒                                   
【debug位置】WeChat.Core.Api.Middleware.LogReqResponseMiddleware 属性[(null)]                                   
【debug描述】Response:200: {
  "status": 200,
  "success": true,
  "msg": "获取成功",
  "response": {
    "access_token": "41_cmNF5p4qwdRWPub8lI0s7Li2SprLQOrld8kUm5eb2KtOvQExLzY2TSVJStRmlw7v5_jMCwPHVYoMUKs_mxx5jQ",
    "expires_in": 7200,
    "refresh_token": "41_mrUZu2KsYpM1IDXV43u4cWusMsKPDi-XcDBqxUI6E2Y2EN-vydNt-0ZsljSkGGMhBXse7nd6ZQlKoRH6HyMeHw",
    "openid": "oNkkP57_K0gtMBY0H6WFopiGXBjI",
    "scope": "snsapi_userinfo",
    "unionid": null
  }
}
＝＝＝＝＝＝＝＝＝＝                                   
【日志级别】INFO                                   
【记录时间】2021-01-27 09:06:36,015                                   
【执行时间】[100268]毫秒                                   
【debug位置】WeChat.Core.Api.Middleware.LogReqResponseMiddleware 属性[(null)]                                   
【debug描述】Request:http localhost:5000 /api/WeChatAuth POST  {"accessToken":"41_cmNF5p4qwdRWPub8lI0s7Li2SprLQOrld8kUm5eb2KtOvQExLzY2TSVJStRmlw7v5_jMCwPHVYoMUKs_mxx5jQ","openId":"oNkkP57_K0gtMBY0H6WFopiGXBjI"}
＝＝＝＝＝＝＝＝＝＝                                   
【日志级别】INFO                                   
【记录时间】2021-01-27 09:06:36,303                                   
【执行时间】[100556]毫秒                                   
【debug位置】WeChat.Core.Api.Middleware.LogReqResponseMiddleware 属性[(null)]                                   
【debug描述】Response:200: {
  "status": 200,
  "success": true,
  "msg": "获取成功",
  "response": {
    "openid": "oNkkP57_K0gtMBY0H6WFopiGXBjI",
    "nickname": "Jonty",
    "sex": 1,
    "province": "Guangdong",
    "city": "Guangzhou",
    "country": "CN",
    "headimgurl": "https://thirdwx.qlogo.cn/mmopen/vi_32/Q0j4TwGTfTKf9AQgdWnvfmTL9pRbeicCFvmcicnaxrZ4kcnlEvG1Ds7Hf5MJrEQlm6h6OnPjbKtiakQ7Jc1O8vftQ/132",
    "privilege": [],
    "unionid": null
  }
}
＝＝＝＝＝＝＝＝＝＝                                   
【日志级别】INFO                                   
【记录时间】2021-01-27 09:09:57,089                                   
【执行时间】[301342]毫秒                                   
【debug位置】WeChat.Core.Api.Middleware.LogReqResponseMiddleware 属性[(null)]                                   
【debug描述】Request:http localhost:5000 /api/WeChatAPI/GetAccessToken GET  
＝＝＝＝＝＝＝＝＝＝                                   
【日志级别】INFO                                   
【记录时间】2021-01-27 09:09:57,283                                   
【执行时间】[301536]毫秒                                   
【debug位置】WeChat.Core.Api.Middleware.LogReqResponseMiddleware 属性[(null)]                                   
【debug描述】Response:200: {
  "status": 400,
  "success": false,
  "msg": "获取失败,请重试",
  "response": null
}
＝＝＝＝＝＝＝＝＝＝                                   
【日志级别】INFO                                   
【记录时间】2021-01-27 09:10:45,815                                   
【执行时间】[350068]毫秒                                   
【debug位置】WeChat.Core.Api.Middleware.LogReqResponseMiddleware 属性[(null)]                                   
【debug描述】Request:http localhost:5000 /api/WeChatAPI/GetAccessToken GET  
＝＝＝＝＝＝＝＝＝＝                                   
【日志级别】INFO                                   
【记录时间】2021-01-27 09:10:46,045                                   
【执行时间】[350298]毫秒                                   
【debug位置】WeChat.Core.Api.Middleware.LogReqResponseMiddleware 属性[(null)]                                   
【debug描述】Response:200: {
  "status": 200,
  "success": true,
  "msg": "获取成功",
  "response": {
    "accessToken": "41_2EAPNXXU7aRJoU0CCqMQzMKEUncPTRJYraEY3oMNi4Kt6xeQUGCI4CpGfk9e0--9YtUr-mWLSvqH1EPVQzvAXwjMAr8eM_LcKV-cG_HaXXcXsWoxm-QMhnkYz5z-Ve4_p_4XwBiZXx2m-sfXBDXaABAQSM",
    "expiresIn": "7200"
  }
}
＝＝＝＝＝＝＝＝＝＝                                   
【日志级别】INFO                                   
【记录时间】2021-01-27 09:11:15,916                                   
【执行时间】[380169]毫秒                                   
【debug位置】WeChat.Core.Api.Middleware.LogReqResponseMiddleware 属性[(null)]                                   
【debug描述】Request:http localhost:5000 /api/WeChatAPI/SendMessage POST ?type=1&openId=oNkkP57_K0gtMBY0H6WFopiGXBjI&code=%E6%88%91%E6%B5%8B%E8%AF%95%E4%B8%80%E4%B8%8B&token=41_2EAPNXXU7aRJoU0CCqMQzMKEUncPTRJYraEY3oMNi4Kt6xeQUGCI4CpGfk9e0--9YtUr-mWLSvqH1EPVQzvAXwjMAr8eM_LcKV-cG_HaXXcXsWoxm-QMhnkYz5z-Ve4_p_4XwBiZXx2m-sfXBDXaABAQSM 
＝＝＝＝＝＝＝＝＝＝                                   
【日志级别】INFO                                   
【记录时间】2021-01-27 09:11:16,254                                   
【执行时间】[380507]毫秒                                   
【debug位置】WeChat.Core.Api.Middleware.LogReqResponseMiddleware 属性[(null)]                                   
【debug描述】Response:200: {
  "status": 200,
  "success": true,
  "msg": "发送成功",
  "response": {
    "errCode": 0,
    "errMsg": "ok",
    "msgId": 1713249116002041859
  }
}
＝＝＝＝＝＝＝＝＝＝                                   
【日志级别】INFO                                   
【记录时间】2021-01-27 10:06:46,621                                   
【执行时间】[3710874]毫秒                                   
【debug位置】WeChat.Core.Api.Middleware.LogReqResponseMiddleware 属性[(null)]                                   
【debug描述】Request:http localhost:5000 /api/WeChatAPI/GetAccessToken GET  
＝＝＝＝＝＝＝＝＝＝                                   
【日志级别】INFO                                   
【记录时间】2021-01-27 10:06:46,887                                   
【执行时间】[3711140]毫秒                                   
【debug位置】WeChat.Core.Api.Middleware.LogReqResponseMiddleware 属性[(null)]                                   
【debug描述】Response:200: {
  "status": 200,
  "success": true,
  "msg": "获取成功",
  "response": {
    "accessToken": "41_g527LcaiL02dnjISjgqg_Xo_YYiSg8IQJRdEwVApuh7_wypJtjN_MKDseXGsSoFl36-cJXO1FKDbMjNSSmrpA7pAgzV8q9Ig53rYrXEhzP0HXMkCrpkAVIEA5DYKkb0UstKLhXMrpqHBYpwSBSLfACAXOH",
    "expiresIn": "7200"
  }
}
＝＝＝＝＝＝＝＝＝＝                                   
【日志级别】INFO                                   
【记录时间】2021-01-27 10:08:20,747                                   
【执行时间】[3805000]毫秒                                   
【debug位置】WeChat.Core.Api.Middleware.LogReqResponseMiddleware 属性[(null)]                                   
【debug描述】Request:http localhost:5000 /api/WeChatAPI/DeleteMenu DELETE ?token=41_g527LcaiL02dnjISjgqg_Xo_YYiSg8IQJRdEwVApuh7_wypJtjN_MKDseXGsSoFl36-cJXO1FKDbMjNSSmrpA7pAgzV8q9Ig53rYrXEhzP0HXMkCrpkAVIEA5DYKkb0UstKLhXMrpqHBYpwSBSLfACAXOH 
＝＝＝＝＝＝＝＝＝＝                                   
【日志级别】INFO                                   
【记录时间】2021-01-27 10:08:21,405                                   
【执行时间】[3805658]毫秒                                   
【debug位置】WeChat.Core.Api.Middleware.LogReqResponseMiddleware 属性[(null)]                                   
【debug描述】Response:200: {
  "status": 200,
  "success": true,
  "msg": "删除完成",
  "response": {
    "errorCode": 0,
    "errorMessage": "ok"
  }
}
＝＝＝＝＝＝＝＝＝＝                                   
【日志级别】INFO                                   
【记录时间】2021-01-27 10:09:23,302                                   
【执行时间】[3867555]毫秒                                   
【debug位置】WeChat.Core.Api.Middleware.LogReqResponseMiddleware 属性[(null)]                                   
【debug描述】Request:http localhost:5000 /api/WeChatAPI/CreateMenu POST ?token=41_g527LcaiL02dnjISjgqg_Xo_YYiSg8IQJRdEwVApuh7_wypJtjN_MKDseXGsSoFl36-cJXO1FKDbMjNSSmrpA7pAgzV8q9Ig53rYrXEhzP0HXMkCrpkAVIEA5DYKkb0UstKLhXMrpqHBYpwSBSLfACAXOH {"button":[{"name":"联洲简介","sub_button":[{"type":"click","name":"企业文化","key":"14L6Mp1Q9967621","url":""},{"type":"click","name":"企业文化","key":"K1FGAx9VvebjFep","url":""}]},{"name":"动态资讯","sub_button":[{"type":"click","name":"订单动态","key":"jr0hfY4xrMe36up","url":""},{"type":"click","name":"销售动态","key":"H47Rs5726Q66e6m","url":""}]},{"name":"供应招商","sub_button":[{"type":"view","name":"供应招商","key":"55Am39f5Ds3532u","url":"https://wx.lianzhoukuajing.com/#/apply"},{"type":"view","name":"用户中心","key":"pcF73zx11Ls4dQA","url":"https://wx.lianzhoukuajing.com/"}]}]}
＝＝＝＝＝＝＝＝＝＝                                   
【日志级别】INFO                                   
【记录时间】2021-01-27 10:09:24,114                                   
【执行时间】[3868367]毫秒                                   
【debug位置】WeChat.Core.Api.Middleware.LogReqResponseMiddleware 属性[(null)]                                   
【debug描述】Response:200: {
  "status": 200,
  "success": true,
  "msg": "创建成功",
  "response": {
    "errorCode": 0,
    "errorMessage": "ok"
  }
}
＝＝＝＝＝＝＝＝＝＝                                   
【日志级别】INFO                                   
【记录时间】2021-01-27 10:09:44,145                                   
【执行时间】[3888398]毫秒                                   
【debug位置】WeChat.Core.Api.Middleware.LogReqResponseMiddleware 属性[(null)]                                   
【debug描述】Request:http localhost:5000 /api/WeChatAPI/CreatePersonalizedMenu POST ?token=41_g527LcaiL02dnjISjgqg_Xo_YYiSg8IQJRdEwVApuh7_wypJtjN_MKDseXGsSoFl36-cJXO1FKDbMjNSSmrpA7pAgzV8q9Ig53rYrXEhzP0HXMkCrpkAVIEA5DYKkb0UstKLhXMrpqHBYpwSBSLfACAXOH {"button":[{"name":"联洲简介","sub_button":[{"type":"click","name":"企业文化","key":"14L6Mp1Q9967621","url":""},{"type":"click","name":"企业文化","key":"K1FGAx9VvebjFep","url":""}]},{"name":"动态资讯","sub_button":[{"type":"click","name":"订单动态","key":"jr0hfY4xrMe36up","url":""},{"type":"click","name":"销售动态","key":"H47Rs5726Q66e6m","url":""}]},{"name":"供应招商","sub_button":[{"type":"view","name":"供应招商","key":"55Am39f5Ds3532u","url":"https://wx.lianzhoukuajing.com/#/apply"},{"type":"view","name":"用户中心","key":"pcF73zx11Ls4dQA","url":"https://wx.lianzhoukuajing.com/"}]}],"matchrule":{"tag_id":"100","sex":"","country":"","province":"","city":"","client_platform_type":"","language":""}}
＝＝＝＝＝＝＝＝＝＝                                   
【日志级别】INFO                                   
【记录时间】2021-01-27 10:09:44,655                                   
【执行时间】[3888908]毫秒                                   
【debug位置】WeChat.Core.Api.Middleware.LogReqResponseMiddleware 属性[(null)]                                   
【debug描述】Response:200: {
  "status": 200,
  "success": true,
  "msg": "创建成功",
  "response": {
    "menuId": "435944079"
  }
}
＝＝＝＝＝＝＝＝＝＝                                   
【日志级别】INFO                                   
【记录时间】2021-01-27 10:29:58,513                                   
【执行时间】[5102766]毫秒                                   
【debug位置】WeChat.Core.Api.Middleware.LogReqResponseMiddleware 属性[(null)]                                   
【debug描述】Request:http localhost:5000 /api/WeChatAPI/DeleteMenu DELETE ?token=41_g527LcaiL02dnjISjgqg_Xo_YYiSg8IQJRdEwVApuh7_wypJtjN_MKDseXGsSoFl36-cJXO1FKDbMjNSSmrpA7pAgzV8q9Ig53rYrXEhzP0HXMkCrpkAVIEA5DYKkb0UstKLhXMrpqHBYpwSBSLfACAXOH 
＝＝＝＝＝＝＝＝＝＝                                   
【日志级别】INFO                                   
【记录时间】2021-01-27 10:29:59,159                                   
【执行时间】[5103413]毫秒                                   
【debug位置】WeChat.Core.Api.Middleware.LogReqResponseMiddleware 属性[(null)]                                   
【debug描述】Response:200: {
  "status": 200,
  "success": true,
  "msg": "删除完成",
  "response": {
    "errorCode": 0,
    "errorMessage": "ok"
  }
}
＝＝＝＝＝＝＝＝＝＝                                   
【日志级别】INFO                                   
【记录时间】2021-01-27 10:30:14,694                                   
【执行时间】[5118947]毫秒                                   
【debug位置】WeChat.Core.Api.Middleware.LogReqResponseMiddleware 属性[(null)]                                   
【debug描述】Request:http localhost:5000 /api/WeChatAuth/AuthorizeUrl GET  
＝＝＝＝＝＝＝＝＝＝                                   
【日志级别】INFO                                   
【记录时间】2021-01-27 10:30:14,701                                   
【执行时间】[5118954]毫秒                                   
【debug位置】WeChat.Core.Api.Middleware.LogReqResponseMiddleware 属性[(null)]                                   
【debug描述】Response:200: {
  "status": 200,
  "success": true,
  "msg": "请求成功",
  "response": "https://open.weixin.qq.com/connect/oauth2/authorize?appid=wxaf10e7d3932490b3&redirect_uri=%68%74%74%70%73%3a%2f%2f%77%78%2e%6c%69%61%6e%7a%68%6f%75%6b%75%61%6a%69%6e%67%2e%63%6f%6d%2f&response_type=code&scope=snsapi_userinfo&state=1#wechat_redirect"
}
＝＝＝＝＝＝＝＝＝＝                                   
【日志级别】INFO                                   
【记录时间】2021-01-27 10:30:37,641                                   
【执行时间】[5141894]毫秒                                   
【debug位置】WeChat.Core.Api.Middleware.LogReqResponseMiddleware 属性[(null)]                                   
【debug描述】Request:http localhost:5000 /api/WeChatAPI/CreateMenu POST ?token=41_g527LcaiL02dnjISjgqg_Xo_YYiSg8IQJRdEwVApuh7_wypJtjN_MKDseXGsSoFl36-cJXO1FKDbMjNSSmrpA7pAgzV8q9Ig53rYrXEhzP0HXMkCrpkAVIEA5DYKkb0UstKLhXMrpqHBYpwSBSLfACAXOH {"button":[{"name":"联洲简介","sub_button":[{"type":"click","name":"企业文化","key":"14L6Mp1Q9967621","url":""},{"type":"click","name":"企业文化","key":"K1FGAx9VvebjFep","url":""}]},{"name":"动态资讯","sub_button":[{"type":"click","name":"订单动态","key":"jr0hfY4xrMe36up","url":""},{"type":"click","name":"销售动态","key":"H47Rs5726Q66e6m","url":""}]},{"name":"供应招商","sub_button":[{"type":"view","name":"供应招商","key":"55Am39f5Ds3532u","url":"https://wx.lianzhoukuajing.com/#/apply"},{"type":"view","name":"用户中心","key":"pcF73zx11Ls4dQA","url":"https://open.weixin.qq.com/connect/oauth2/authorize?appid=wxaf10e7d3932490b3&redirect_uri=%68%74%74%70%73%3a%2f%2f%77%78%2e%6c%69%61%6e%7a%68%6f%75%6b%75%61%6a%69%6e%67%2e%63%6f%6d%2f&response_type=code&scope=snsapi_userinfo&state=1#wechat_redirect"}]}]}
＝＝＝＝＝＝＝＝＝＝                                   
【日志级别】INFO                                   
【记录时间】2021-01-27 10:30:38,448                                   
【执行时间】[5142701]毫秒                                   
【debug位置】WeChat.Core.Api.Middleware.LogReqResponseMiddleware 属性[(null)]                                   
【debug描述】Response:200: {
  "status": 200,
  "success": true,
  "msg": "创建成功",
  "response": {
    "errorCode": 0,
    "errorMessage": "ok"
  }
}
＝＝＝＝＝＝＝＝＝＝                                   
【日志级别】INFO                                   
【记录时间】2021-01-27 10:30:49,543                                   
【执行时间】[5153796]毫秒                                   
【debug位置】WeChat.Core.Api.Middleware.LogReqResponseMiddleware 属性[(null)]                                   
【debug描述】Request:http localhost:5000 /api/WeChatAPI/CreatePersonalizedMenu POST ?token=41_g527LcaiL02dnjISjgqg_Xo_YYiSg8IQJRdEwVApuh7_wypJtjN_MKDseXGsSoFl36-cJXO1FKDbMjNSSmrpA7pAgzV8q9Ig53rYrXEhzP0HXMkCrpkAVIEA5DYKkb0UstKLhXMrpqHBYpwSBSLfACAXOH {"button":[{"name":"联洲简介","sub_button":[{"type":"click","name":"企业文化","key":"14L6Mp1Q9967621","url":""},{"type":"click","name":"企业文化","key":"K1FGAx9VvebjFep","url":""}]},{"name":"动态资讯","sub_button":[{"type":"click","name":"订单动态","key":"jr0hfY4xrMe36up","url":""},{"type":"click","name":"销售动态","key":"H47Rs5726Q66e6m","url":""}]},{"name":"供应招商","sub_button":[{"type":"view","name":"供应招商","key":"55Am39f5Ds3532u","url":"https://wx.lianzhoukuajing.com/#/apply"},{"type":"view","name":"用户中心","key":"pcF73zx11Ls4dQA","url":"https://open.weixin.qq.com/connect/oauth2/authorize?appid=wxaf10e7d3932490b3&redirect_uri=%68%74%74%70%73%3a%2f%2f%77%78%2e%6c%69%61%6e%7a%68%6f%75%6b%75%61%6a%69%6e%67%2e%63%6f%6d%2f&response_type=code&scope=snsapi_userinfo&state=1#wechat_redirect"}]}],"matchrule":{"tag_id":"100","sex":"","country":"","province":"","city":"","client_platform_type":"","language":""}}
＝＝＝＝＝＝＝＝＝＝                                   
【日志级别】INFO                                   
【记录时间】2021-01-27 10:30:49,995                                   
【执行时间】[5154249]毫秒                                   
【debug位置】WeChat.Core.Api.Middleware.LogReqResponseMiddleware 属性[(null)]                                   
【debug描述】Response:200: {
  "status": 200,
  "success": true,
  "msg": "创建成功",
  "response": {
    "menuId": "435944089"
  }
}
＝＝＝＝＝＝＝＝＝＝                                   
【日志级别】INFO                                   
【记录时间】2021-01-27 10:54:06,843                                   
【执行时间】[63242]毫秒                                   
【debug位置】WeChat.Core.Api.Middleware.LogReqResponseMiddleware 属性[(null)]                                   
【debug描述】Request:http localhost:5000 /api/WeChatAuth/AccessToken/071mQg200BcJ6L1Qtb300EsMVh2mQg2w GET  
＝＝＝＝＝＝＝＝＝＝                                   
【日志级别】INFO                                   
【记录时间】2021-01-27 10:54:07,703                                   
【执行时间】[64101]毫秒                                   
【debug位置】WeChat.Core.Api.Middleware.LogReqResponseMiddleware 属性[(null)]                                   
【debug描述】Response:200: {
  "status": 200,
  "success": true,
  "msg": "获取成功",
  "response": {
    "access_token": "41_ZYxeokOtvqf_Tghxr-EzYjU9UbCb9KQR4s9Vmr_8nhyu_qBHlpxQya-l92rHVA2iXoCGjnlWMnMSnTbpSZFnUQ",
    "expires_in": 7200,
    "refresh_token": "41_UiQml2IHiJa6nWzj4gCkqyX87SORqygDeaOLpZeO4pfYUDkq2SByLdW2v0AfancTS8qCLP8ARle38p08TtOsyw",
    "openid": "oNkkP57_K0gtMBY0H6WFopiGXBjI",
    "scope": "snsapi_userinfo",
    "unionid": null
  }
}
＝＝＝＝＝＝＝＝＝＝                                   
【日志级别】INFO                                   
【记录时间】2021-01-27 10:56:05,258                                   
【执行时间】[181657]毫秒                                   
【debug位置】WeChat.Core.Api.Middleware.LogReqResponseMiddleware 属性[(null)]                                   
【debug描述】Request:http localhost:5000 /api/Account/ApplySettled POST  {"realName":"管理员","companyName":"广州联洲电子商务有限公司","creditCode":"91440101MA5CX8XQ1E","mobilePhone":"18173608896","fixPhone":"18173608896","state":0,"createTime":"2021-01-27T02:54:15.127Z","isReadAgreement":true,"openId":"oNkkP57_K0gtMBY0H6WFopiGXBjI","accessToken":"41_ZYxeokOtvqf_Tghxr-EzYjU9UbCb9KQR4s9Vmr_8nhyu_qBHlpxQya-l92rHVA2iXoCGjnlWMnMSnTbpSZFnUQ"}
＝＝＝＝＝＝＝＝＝＝                                   
【日志级别】INFO                                   
【记录时间】2021-01-27 10:57:08,855                                   
【执行时间】[245253]毫秒                                   
【debug位置】WeChat.Core.Api.Middleware.LogReqResponseMiddleware 属性[(null)]                                   
【debug描述】Response:200: {
  "status": 200,
  "success": true,
  "msg": "您的入驻申请已提交,供应商资质审核通过后将发送邀请码",
  "response": 0
}
＝＝＝＝＝＝＝＝＝＝                                   
【日志级别】INFO                                   
【记录时间】2021-01-27 11:47:47,185                                   
【执行时间】[11086]毫秒                                   
【debug位置】WeChat.Core.Api.Middleware.LogReqResponseMiddleware 属性[(null)]                                   
【debug描述】Request:http localhost:5000 /api/Account/JwtToken POST  {"userName":"admin","passWord":"123"}
＝＝＝＝＝＝＝＝＝＝                                   
【日志级别】INFO                                   
【记录时间】2021-01-27 11:47:48,263                                   
【执行时间】[12164]毫秒                                   
【debug位置】WeChat.Core.Api.Middleware.LogReqResponseMiddleware 属性[(null)]                                   
【debug描述】Response:200: {
  "success": true,
  "token": "eyJhbGciOiJIUzI1NiIsInR5cCI6IkpXVCJ9.eyJodHRwOi8vc2NoZW1hcy54bWxzb2FwLm9yZy93cy8yMDA1LzA1L2lkZW50aXR5L2NsYWltcy9uYW1lIjoiNSIsImp0aSI6IjUiLCJpYXQiOiIxNjExNzE5MjY4IiwibmJmIjoiMTYxMTcxOTI2OCIsImV4cCI6IjE2MTE3MjY0NjgiLCJodHRwOi8vc2NoZW1hcy5taWNyb3NvZnQuY29tL3dzLzIwMDgvMDYvaWRlbnRpdHkvY2xhaW1zL2V4cGlyYXRpb24iOiIwMS8yNy8yMDIxIDEzOjQ3OjQ4IiwiaXNzIjoiSm9udHlXYW5nIiwiYXVkIjoiU3VwcGxpZXIiLCJodHRwOi8vc2NoZW1hcy5taWNyb3NvZnQuY29tL3dzLzIwMDgvMDYvaWRlbnRpdHkvY2xhaW1zL3JvbGUiOiJzdXBwbGllciJ9.ohIqxux3JRCq1rj6UfwglL6kMN4PDiScmTeiTAyVPFQ",
  "expires_in": 7200,
  "token_type": "Bearer"
}
＝＝＝＝＝＝＝＝＝＝                                   
【日志级别】INFO                                   
【记录时间】2021-01-27 11:48:06,642                                   
【执行时间】[30543]毫秒                                   
【debug位置】WeChat.Core.Api.Middleware.LogReqResponseMiddleware 属性[(null)]                                   
【debug描述】Request:http localhost:5000 /api/WeChatAPI/GetAccessToken GET  
＝＝＝＝＝＝＝＝＝＝                                   
【日志级别】INFO                                   
【记录时间】2021-01-27 11:48:07,169                                   
【执行时间】[31070]毫秒                                   
【debug位置】WeChat.Core.Api.Middleware.LogReqResponseMiddleware 属性[(null)]                                   
【debug描述】Response:200: {
  "status": 200,
  "success": true,
  "msg": "获取成功",
  "response": {
    "accessToken": "41_H8tSooqeWBP7a6rYYSrPBKBUhOgurFoqhqM80o-0zyn4VWPOZI_d-e9Zx-GjcDXxczVrqCBFVW6GCgnlt1f5irxn4Hp58dd8PUaU7REhT-KCmMe8nUwE7B2G6f9PLIOlFUOFMWDuFvR1sShmTQOfAJADAY",
    "expiresIn": "7200"
  }
}
＝＝＝＝＝＝＝＝＝＝                                   
【日志级别】INFO                                   
【记录时间】2021-01-27 11:48:12,698                                   
【执行时间】[36599]毫秒                                   
【debug位置】WeChat.Core.Api.Middleware.LogReqResponseMiddleware 属性[(null)]                                   
【debug描述】Request:http localhost:5000 /api/WeChatAPI/GetAccessToken GET  
＝＝＝＝＝＝＝＝＝＝                                   
【日志级别】INFO                                   
【记录时间】2021-01-27 11:48:12,927                                   
【执行时间】[36828]毫秒                                   
【debug位置】WeChat.Core.Api.Middleware.LogReqResponseMiddleware 属性[(null)]                                   
【debug描述】Response:200: {
  "status": 200,
  "success": true,
  "msg": "获取成功",
  "response": {
    "accessToken": "41_H8tSooqeWBP7a6rYYSrPBKBUhOgurFoqhqM80o-0zyn4VWPOZI_d-e9Zx-GjcDXxczVrqCBFVW6GCgnlt1f5irxn4Hp58dd8PUaU7REhT-KCmMe8nUwE7B2G6f9PLIOlFUOFMWDuFvR1sShmHEXfAJAQNG",
    "expiresIn": "7200"
  }
}
＝＝＝＝＝＝＝＝＝＝                                   
【日志级别】INFO                                   
【记录时间】2021-01-27 11:48:15,145                                   
【执行时间】[39046]毫秒                                   
【debug位置】WeChat.Core.Api.Middleware.LogReqResponseMiddleware 属性[(null)]                                   
【debug描述】Request:http localhost:5000 /api/WeChatAPI/GetAccessToken GET  
＝＝＝＝＝＝＝＝＝＝                                   
【日志级别】INFO                                   
【记录时间】2021-01-27 11:48:15,365                                   
【执行时间】[39267]毫秒                                   
【debug位置】WeChat.Core.Api.Middleware.LogReqResponseMiddleware 属性[(null)]                                   
【debug描述】Response:200: {
  "status": 200,
  "success": true,
  "msg": "获取成功",
  "response": {
    "accessToken": "41_H8tSooqeWBP7a6rYYSrPBKBUhOgurFoqhqM80o-0zyn4VWPOZI_d-e9Zx-GjcDXxczVrqCBFVW6GCgnlt1f5irxn4Hp58dd8PUaU7REhT-KCmMe8nUwE7B2G6f9PLIOlFUOFMWDuFvR1sShmYJOfAJAQBG",
    "expiresIn": "7200"
  }
}
＝＝＝＝＝＝＝＝＝＝                                   
【日志级别】INFO                                   
【记录时间】2021-01-27 11:48:17,110                                   
【执行时间】[41011]毫秒                                   
【debug位置】WeChat.Core.Api.Middleware.LogReqResponseMiddleware 属性[(null)]                                   
【debug描述】Request:http localhost:5000 /api/WeChatAPI/GetAccessToken GET  
＝＝＝＝＝＝＝＝＝＝                                   
【日志级别】INFO                                   
【记录时间】2021-01-27 11:48:17,347                                   
【执行时间】[41248]毫秒                                   
【debug位置】WeChat.Core.Api.Middleware.LogReqResponseMiddleware 属性[(null)]                                   
【debug描述】Response:200: {
  "status": 200,
  "success": true,
  "msg": "获取成功",
  "response": {
    "accessToken": "41_H8tSooqeWBP7a6rYYSrPBKBUhOgurFoqhqM80o-0zyn4VWPOZI_d-e9Zx-GjcDXxczVrqCBFVW6GCgnlt1f5irxn4Hp58dd8PUaU7REhT-KCmMe8nUwE7B2G6f9PLIOlFUOFMWDuFvR1sShmXHOfAJAHRY",
    "expiresIn": "7200"
  }
}
＝＝＝＝＝＝＝＝＝＝                                   
【日志级别】INFO                                   
【记录时间】2021-01-27 11:48:19,073                                   
【执行时间】[42975]毫秒                                   
【debug位置】WeChat.Core.Api.Middleware.LogReqResponseMiddleware 属性[(null)]                                   
【debug描述】Request:http localhost:5000 /api/WeChatAPI/GetAccessToken GET  
＝＝＝＝＝＝＝＝＝＝                                   
【日志级别】INFO                                   
【记录时间】2021-01-27 11:48:19,318                                   
【执行时间】[43219]毫秒                                   
【debug位置】WeChat.Core.Api.Middleware.LogReqResponseMiddleware 属性[(null)]                                   
【debug描述】Response:200: {
  "status": 200,
  "success": true,
  "msg": "获取成功",
  "response": {
    "accessToken": "41_H8tSooqeWBP7a6rYYSrPBKBUhOgurFoqhqM80o-0zyn4VWPOZI_d-e9Zx-GjcDXxczVrqCBFVW6GCgnlt1f5irxn4Hp58dd8PUaU7REhT-KCmMe8nUwE7B2G6f9PLIOlFUOFMWDuFvR1sShmGKIfAJAQUS",
    "expiresIn": "7200"
  }
}
＝＝＝＝＝＝＝＝＝＝                                   
【日志级别】INFO                                   
【记录时间】2021-01-27 14:28:00,991                                   
【执行时间】[43340]毫秒                                   
【debug位置】WeChat.Core.Api.Middleware.LogReqResponseMiddleware 属性[(null)]                                   
【debug描述】Request:http localhost:5000 /api/WeChatAPI/SendMessage POST  {"type":1,"openId":"oNkkP57_K0gtMBY0H6WFopiGXBjI","name":"Jonty","phone":"1008611","code":""}
＝＝＝＝＝＝＝＝＝＝                                   
【日志级别】INFO                                   
【记录时间】2021-01-27 14:28:01,171                                   
【执行时间】[43520]毫秒                                   
【debug位置】WeChat.Core.Api.Middleware.LogReqResponseMiddleware 属性[(null)]                                   
【debug描述】Response:500: {
  "message": "Object reference not set to an instance of an object.",
  "developmentMessage": "   at WeChat.Core.Common.WeChat.SendMessage.GetToken() in F:\\ERP_Code\\WeChat.Core.Api\\src\\WeChat.Core.Common\\WeChat\\SendMessageHelper\\SendMessage.cs:line 153\r\n   at WeChat.Core.Common.WeChat.SendMessage.Submitted(String openId, String name, String mobile) in F:\\ERP_Code\\WeChat.Core.Api\\src\\WeChat.Core.Common\\WeChat\\SendMessageHelper\\SendMessage.cs:line 124\r\n   at WeChat.Core.Api.Controllers.WeChatAPIController.SendMessage(SendMessageModel model) in F:\\ERP_Code\\WeChat.Core.Api\\src\\WeChat.Core.Api\\Controllers\\WeChatAPIController.cs:line 229\r\n   at lambda_method(Closure , Object )\r\n   at Microsoft.Extensions.Internal.ObjectMethodExecutorAwaitable.Awaiter.GetResult()\r\n   at Microsoft.AspNetCore.Mvc.Infrastructure.ActionMethodExecutor.AwaitableObjectResultExecutor.Execute(IActionResultTypeMapper mapper, ObjectMethodExecutor executor, Object controller, Object[] arguments)\r\n   at Microsoft.AspNetCore.Mvc.Infrastructure.ControllerActionInvoker.<InvokeActionMethodAsync>g__Awaited|12_0(ControllerActionInvoker invoker, ValueTask`1 actionResultValueTask)\r\n   at Microsoft.AspNetCore.Mvc.Infrastructure.ControllerActionInvoker.<InvokeNextActionFilterAsync>g__Awaited|10_0(ControllerActionInvoker invoker, Task lastTask, State next, Scope scope, Object state, Boolean isCompleted)\r\n   at Microsoft.AspNetCore.Mvc.Infrastructure.ControllerActionInvoker.Rethrow(ActionExecutedContextSealed context)\r\n   at Microsoft.AspNetCore.Mvc.Infrastructure.ControllerActionInvoker.Next(State& next, Scope& scope, Object& state, Boolean& isCompleted)\r\n   at Microsoft.AspNetCore.Mvc.Infrastructure.ControllerActionInvoker.InvokeInnerFilterAsync()\r\n--- End of stack trace from previous location where exception was thrown ---\r\n   at Microsoft.AspNetCore.Mvc.Infrastructure.ResourceInvoker.<InvokeNextExceptionFilterAsync>g__Awaited|25_0(ResourceInvoker invoker, Task lastTask, State next, Scope scope, Object state, Boolean isCompleted)"
}
＝＝＝＝＝＝＝＝＝＝                                   
【日志级别】INFO                                   
【记录时间】2021-01-27 14:28:59,904                                   
【执行时间】[24127]毫秒                                   
【debug位置】WeChat.Core.Api.Middleware.LogReqResponseMiddleware 属性[(null)]                                   
【debug描述】Request:http localhost:5000 /api/WeChatAPI/SendMessage POST  {"type":1,"openId":"oNkkP57_K0gtMBY0H6WFopiGXBjI","name":"Jonty","phone":"1008611","code":"123"}
＝＝＝＝＝＝＝＝＝＝                                   
【日志级别】INFO                                   
【记录时间】2021-01-27 14:31:47,232                                   
【执行时间】[22462]毫秒                                   
【debug位置】WeChat.Core.Api.Middleware.LogReqResponseMiddleware 属性[(null)]                                   
【debug描述】Request:http localhost:5000 /api/WeChatAPI/SendMessage POST  {"type":1,"openId":"oNkkP57_K0gtMBY0H6WFopiGXBjI","name":"Jonty","phone":"123123","code":"s"}
＝＝＝＝＝＝＝＝＝＝                                   
【日志级别】INFO                                   
【记录时间】2021-01-27 14:33:10,980                                   
【执行时间】[22863]毫秒                                   
【debug位置】WeChat.Core.Api.Middleware.LogReqResponseMiddleware 属性[(null)]                                   
【debug描述】Request:http localhost:5000 /api/WeChatAPI/SendMessage POST  {"type":1,"openId":"oNkkP57_K0gtMBY0H6WFopiGXBjI","name":"Jonty","phone":"1008611","code":"123"}
＝＝＝＝＝＝＝＝＝＝                                   
【日志级别】INFO                                   
【记录时间】2021-01-27 14:33:57,268                                   
【执行时间】[69151]毫秒                                   
【debug位置】WeChat.Core.Api.Middleware.LogReqResponseMiddleware 属性[(null)]                                   
【debug描述】Response:200: {
  "status": 200,
  "success": true,
  "msg": "发送成功",
  "response": {
    "errCode": 0,
    "errMsg": "ok",
    "msgId": 1713573727566675968
  }
}
＝＝＝＝＝＝＝＝＝＝                                   
【日志级别】INFO                                   
【记录时间】2021-01-27 14:34:20,089                                   
【执行时间】[91972]毫秒                                   
【debug位置】WeChat.Core.Api.Middleware.LogReqResponseMiddleware 属性[(null)]                                   
【debug描述】Request:http localhost:5000 /api/WeChatAPI/SendMessage POST  {"type":2,"openId":"oNkkP57_K0gtMBY0H6WFopiGXBjI","name":"Jonty","phone":"1008611","code":"123"}
＝＝＝＝＝＝＝＝＝＝                                   
【日志级别】INFO                                   
【记录时间】2021-01-27 14:34:46,805                                   
【执行时间】[118688]毫秒                                   
【debug位置】WeChat.Core.Api.Middleware.LogReqResponseMiddleware 属性[(null)]                                   
【debug描述】Response:200: {
  "status": 200,
  "success": true,
  "msg": "发送成功",
  "response": {
    "errCode": 0,
    "errMsg": "ok",
    "msgId": 1713574672174268418
  }
}
＝＝＝＝＝＝＝＝＝＝                                   
【日志级别】INFO                                   
【记录时间】2021-01-27 14:34:51,397                                   
【执行时间】[123280]毫秒                                   
【debug位置】WeChat.Core.Api.Middleware.LogReqResponseMiddleware 属性[(null)]                                   
【debug描述】Request:http localhost:5000 /api/WeChatAPI/SendMessage POST  {"type":3,"openId":"oNkkP57_K0gtMBY0H6WFopiGXBjI","name":"Jonty","phone":"1008611","code":"123"}
＝＝＝＝＝＝＝＝＝＝                                   
【日志级别】INFO                                   
【记录时间】2021-01-27 14:35:31,523                                   
【执行时间】[163406]毫秒                                   
【debug位置】WeChat.Core.Api.Middleware.LogReqResponseMiddleware 属性[(null)]                                   
【debug描述】Response:200: {
  "status": 200,
  "success": true,
  "msg": "发送成功",
  "response": {
    "errCode": 0,
    "errMsg": "ok",
    "msgId": 1713575292125954050
  }
}
＝＝＝＝＝＝＝＝＝＝                                   
【日志级别】INFO                                   
【记录时间】2021-01-27 14:43:17,347                                   
【执行时间】[23012]毫秒                                   
【debug位置】WeChat.Core.Api.Middleware.LogReqResponseMiddleware 属性[(null)]                                   
【debug描述】Request:http localhost:5000 /api/WeChatAuth/AuthorizeUrl GET  
＝＝＝＝＝＝＝＝＝＝                                   
【日志级别】INFO                                   
【记录时间】2021-01-27 14:43:17,431                                   
【执行时间】[23096]毫秒                                   
【debug位置】WeChat.Core.Api.Middleware.LogReqResponseMiddleware 属性[(null)]                                   
【debug描述】Response:200: {
  "status": 200,
  "success": true,
  "msg": "请求成功",
  "response": "https://open.weixin.qq.com/connect/oauth2/authorize?appid=wxaf10e7d3932490b3&redirect_uri=%68%74%74%70%73%3a%2f%2f%77%78%2e%6c%69%61%6e%7a%68%6f%75%6b%75%61%6a%69%6e%67%2e%63%6f%6d%2f&response_type=code&scope=snsapi_userinfo&state=1#wechat_redirect"
}
＝＝＝＝＝＝＝＝＝＝                                   
【日志级别】INFO                                   
【记录时间】2021-01-27 14:44:11,497                                   
【执行时间】[77162]毫秒                                   
【debug位置】WeChat.Core.Api.Middleware.LogReqResponseMiddleware 属性[(null)]                                   
【debug描述】Request:http localhost:5000 /api/WeChatAuth/AccessToken/0618kXZv3g8ZJV2WEv0w3bqbuw48kXZ8 GET  
＝＝＝＝＝＝＝＝＝＝                                   
【日志级别】INFO                                   
【记录时间】2021-01-27 14:44:12,005                                   
【执行时间】[77669]毫秒                                   
【debug位置】WeChat.Core.Api.Middleware.LogReqResponseMiddleware 属性[(null)]                                   
【debug描述】Response:200: {
  "status": 200,
  "success": true,
  "msg": "获取成功",
  "response": {
    "access_token": "41_qvD5AXIn26OOxKRnjVl3MdBIVISwUO9gIpct3LHH6Aob89x4te8Abv4FmV4vecXFuW9iovlXzsskGtV0FwaNpA",
    "expires_in": 7200,
    "refresh_token": "41_goSmrPQG3nedXVUYdB3BRHdarK4CgZiy-lynnDy4meyW2rCB1Uji17_Vg8b32HWktcmHHKWSwJSXeH4kygpVWA",
    "openid": "oNkkP50aPxGjALR5uC_cuZkbpr8k",
    "scope": "snsapi_userinfo",
    "unionid": null
  }
}
＝＝＝＝＝＝＝＝＝＝                                   
【日志级别】INFO                                   
【记录时间】2021-01-27 14:45:14,618                                   
【执行时间】[140283]毫秒                                   
【debug位置】WeChat.Core.Api.Middleware.LogReqResponseMiddleware 属性[(null)]                                   
【debug描述】Request:http localhost:5000 /api/Account/ApplySettled POST  {"realName":"赵松","companyName":"广州联洲电子商务有限公司","creditCode":"jansngjajkkaksg4","mobilePhone":"18152654856","fixPhone":"11111","state":0,"createTime":"2021-01-27T06:44:20.489Z","isReadAgreement":true,"openId":"oNkkP50aPxGjALR5uC_cuZkbpr8k","accessToken":"41_qvD5AXIn26OOxKRnjVl3MdBIVISwUO9gIpct3LHH6Aob89x4te8Abv4FmV4vecXFuW9iovlXzsskGtV0FwaNpA"}
＝＝＝＝＝＝＝＝＝＝                                   
【日志级别】INFO                                   
【记录时间】2021-01-27 14:45:16,805                                   
【执行时间】[142469]毫秒                                   
【debug位置】WeChat.Core.Api.Middleware.LogReqResponseMiddleware 属性[(null)]                                   
【debug描述】Response:200: {
  "status": 200,
  "success": true,
  "msg": "您的入驻申请已提交,供应商资质审核通过后将发送邀请码",
  "response": 14
}
＝＝＝＝＝＝＝＝＝＝                                   
【日志级别】INFO                                   
【记录时间】2021-01-27 14:57:13,294                                   
【执行时间】[858959]毫秒                                   
【debug位置】WeChat.Core.Api.Middleware.LogReqResponseMiddleware 属性[(null)]                                   
【debug描述】Request:http localhost:5000 /Md5Password GET ?password=123123 
＝＝＝＝＝＝＝＝＝＝                                   
【日志级别】INFO                                   
【记录时间】2021-01-27 14:57:13,296                                   
【执行时间】[858960]毫秒                                   
【debug位置】WeChat.Core.Api.Middleware.LogReqResponseMiddleware 属性[(null)]                                   
【debug描述】Response:404: 
＝＝＝＝＝＝＝＝＝＝                                   
【日志级别】INFO                                   
【记录时间】2021-01-27 14:57:38,208                                   
【执行时间】[883873]毫秒                                   
【debug位置】WeChat.Core.Api.Middleware.LogReqResponseMiddleware 属性[(null)]                                   
【debug描述】Request:http localhost:5000 /Md5Password GET ?password=123123 
＝＝＝＝＝＝＝＝＝＝                                   
【日志级别】INFO                                   
【记录时间】2021-01-27 14:57:38,210                                   
【执行时间】[883875]毫秒                                   
【debug位置】WeChat.Core.Api.Middleware.LogReqResponseMiddleware 属性[(null)]                                   
【debug描述】Response:404: 
＝＝＝＝＝＝＝＝＝＝                                   
【日志级别】INFO                                   
【记录时间】2021-01-27 16:38:33,668                                   
【执行时间】[20693]毫秒                                   
【debug位置】WeChat.Core.Api.Middleware.LogReqResponseMiddleware 属性[(null)]                                   
【debug描述】Request:http localhost:5000 /api/WeChatAPI/SendMessage POST  {"type":1,"openId":"oNkkP57_jUiXDjlGCaZUT09v1YOU","name":"杨景","phone":"115578515454","code":"string"}
＝＝＝＝＝＝＝＝＝＝                                   
【日志级别】INFO                                   
【记录时间】2021-01-27 17:08:07,867                                   
【执行时间】[9821]毫秒                                   
【debug位置】WeChat.Core.Api.Middleware.LogReqResponseMiddleware 属性[(null)]                                   
【debug描述】Request:http localhost:5000 /api/WeChatAPI/SendMessage POST  {"type":1,"openId":"oNkkP57_jUiXDjlGCaZUT09v1YOU","name":"test","phone":"1008611","code":""}
＝＝＝＝＝＝＝＝＝＝                                   
【日志级别】INFO                                   
【记录时间】2021-01-27 17:13:58,071                                   
【执行时间】[10811]毫秒                                   
【debug位置】WeChat.Core.Api.Middleware.LogReqResponseMiddleware 属性[(null)]                                   
【debug描述】Request:http localhost:5000 /api/WeChatAPI/SendMessage POST  {"type":1,"openId":"oNkkP57_jUiXDjlGCaZUT09v1YOU","name":"test","phone":"1008611","code":""}
＝＝＝＝＝＝＝＝＝＝                                   
【日志级别】INFO                                   
【记录时间】2021-01-27 17:14:35,460                                   
【执行时间】[48200]毫秒                                   
【debug位置】WeChat.Core.Api.Middleware.LogReqResponseMiddleware 属性[(null)]                                   
【debug描述】Response:200: {
  "status": 200,
  "success": true,
  "msg": "发送成功",
  "response": {
    "errCode": 0,
    "errMsg": "ok",
    "msgId": 1713735421844570116
  }
}
＝＝＝＝＝＝＝＝＝＝                                   
【日志级别】INFO                                   
【记录时间】2021-01-27 17:14:41,580                                   
【执行时间】[54321]毫秒                                   
【debug位置】WeChat.Core.Api.Middleware.LogReqResponseMiddleware 属性[(null)]                                   
【debug描述】Request:http localhost:5000 /api/WeChatAPI/SendMessage POST  {"type":2,"openId":"oNkkP57_jUiXDjlGCaZUT09v1YOU","name":"test","phone":"1008611","code":""}
＝＝＝＝＝＝＝＝＝＝                                   
【日志级别】INFO                                   
【记录时间】2021-01-27 17:15:04,768                                   
【执行时间】[77509]毫秒                                   
【debug位置】WeChat.Core.Api.Middleware.LogReqResponseMiddleware 属性[(null)]                                   
【debug描述】Response:200: {
  "status": 200,
  "success": true,
  "msg": "发送成功",
  "response": {
    "errCode": 0,
    "errMsg": "ok",
    "msgId": 1713735988511817737
  }
}
＝＝＝＝＝＝＝＝＝＝                                   
【日志级别】INFO                                   
【记录时间】2021-01-27 17:15:09,348                                   
【执行时间】[82089]毫秒                                   
【debug位置】WeChat.Core.Api.Middleware.LogReqResponseMiddleware 属性[(null)]                                   
【debug描述】Request:http localhost:5000 /api/WeChatAPI/SendMessage POST  {"type":3,"openId":"oNkkP57_jUiXDjlGCaZUT09v1YOU","name":"test","phone":"1008611","code":""}
＝＝＝＝＝＝＝＝＝＝                                   
【日志级别】INFO                                   
【记录时间】2021-01-27 17:15:17,116                                   
【执行时间】[89856]毫秒                                   
【debug位置】WeChat.Core.Api.Middleware.LogReqResponseMiddleware 属性[(null)]                                   
【debug描述】Response:200: {
  "status": 200,
  "success": true,
  "msg": "发送成功",
  "response": {
    "errCode": 0,
    "errMsg": "ok",
    "msgId": 1713736334558674949
  }
}
＝＝＝＝＝＝＝＝＝＝                                   
【日志级别】INFO                                   
【记录时间】2021-01-27 21:18:05,570                                   
【执行时间】[123155]毫秒                                   
【debug位置】WeChat.Core.Api.Middleware.LogReqResponseMiddleware 属性[(null)]                                   
【debug描述】Request:http localhost:5000 /api/WeChatAuth/AccessToken/081tKIFa1s95pA0Yn9Ha13L7AA3tKIFl GET  
＝＝＝＝＝＝＝＝＝＝                                   
【日志级别】INFO                                   
【记录时间】2021-01-27 21:18:06,366                                   
【执行时间】[123951]毫秒                                   
【debug位置】WeChat.Core.Api.Middleware.LogReqResponseMiddleware 属性[(null)]                                   
【debug描述】Response:200: {
  "status": 200,
  "success": false,
  "msg": "获取失败",
  "response": {
    "access_token": null,
    "expires_in": 0,
    "refresh_token": null,
    "openid": null,
    "scope": null,
    "unionid": null
  }
}
＝＝＝＝＝＝＝＝＝＝                                   
【日志级别】INFO                                   
【记录时间】2021-01-27 21:18:32,605                                   
【执行时间】[150190]毫秒                                   
【debug位置】WeChat.Core.Api.Middleware.LogReqResponseMiddleware 属性[(null)]                                   
【debug描述】Request:http localhost:5000 /api/WeChatAuth/AccessToken/081tKIFa1s95pA0Yn9Ha13L7AA3tKIFl GET  
＝＝＝＝＝＝＝＝＝＝                                   
【日志级别】INFO                                   
【记录时间】2021-01-27 21:18:32,738                                   
【执行时间】[150323]毫秒                                   
【debug位置】WeChat.Core.Api.Middleware.LogReqResponseMiddleware 属性[(null)]                                   
【debug描述】Response:200: {
  "status": 200,
  "success": false,
  "msg": "获取失败",
  "response": {
    "access_token": null,
    "expires_in": 0,
    "refresh_token": null,
    "openid": null,
    "scope": null,
    "unionid": null
  }
}
＝＝＝＝＝＝＝＝＝＝                                   
【日志级别】INFO                                   
【记录时间】2021-01-27 21:19:30,922                                   
【执行时间】[10547]毫秒                                   
【debug位置】WeChat.Core.Api.Middleware.LogReqResponseMiddleware 属性[(null)]                                   
【debug描述】Request:http localhost:5000 /api/WeChatAuth/AccessToken/051z7nHa1ggJqA0xPcGa1fXY300z7nHE GET  
＝＝＝＝＝＝＝＝＝＝                                   
【日志级别】INFO                                   
【记录时间】2021-01-27 21:19:31,618                                   
【执行时间】[11243]毫秒                                   
【debug位置】WeChat.Core.Api.Middleware.LogReqResponseMiddleware 属性[(null)]                                   
【debug描述】Response:200: {
  "status": 200,
  "success": true,
  "msg": "获取成功",
  "response": {
    "access_token": "41_3LOOkVKf9EQnzbuLTqoSjmIAFIszI15YaFgQFVRHu_eP-YrlvTTUwPl4i6zcemdP--o-DAr5Tt9-dQ0F9btbSw",
    "expires_in": 7200,
    "refresh_token": "41_3LOOkVKf9EQnzbuLTqoSjqfSQdg6BJDD-d1Q7p7v_coewDzsQgWTjrX_TSTgWxdpqmcZaDbbFDiX3OZKcc6P_g",
    "openid": "oNkkP57_K0gtMBY0H6WFopiGXBjI",
    "scope": "snsapi_userinfo",
    "unionid": null
  }
}
＝＝＝＝＝＝＝＝＝＝                                   
【日志级别】INFO                                   
【记录时间】2021-01-27 21:21:44,265                                   
【执行时间】[70547]毫秒                                   
【debug位置】WeChat.Core.Api.Middleware.LogReqResponseMiddleware 属性[(null)]                                   
【debug描述】Request:http localhost:5000 /api/Account/ApplySettled POST  {"realName":"1111","companyName":"11","creditCode":"stri111ng","mobilePhone":"1111","fixPhone":"110","state":0,"createTime":"2021-01-27T13:21:19.038Z","isReadAgreement":true,"openId":"oNkkP57_K0gtMBY0H6WFopiGXBjI","accessToken":"41_3LOOkVKf9EQnzbuLTqoSjmIAFIszI15YaFgQFVRHu_eP-YrlvTTUwPl4i6zcemdP--o-DAr5Tt9-dQ0F9btbSw"}
＝＝＝＝＝＝＝＝＝＝                                   
【日志级别】INFO                                   
【记录时间】2021-01-27 21:23:34,257                                   
【执行时间】[180540]毫秒                                   
【debug位置】WeChat.Core.Api.Middleware.LogReqResponseMiddleware 属性[(null)]                                   
【debug描述】Response:200: {
  "status": 200,
  "success": true,
  "msg": "您的入驻申请已提交,供应商资质审核通过后将发送邀请码",
  "response": 20
}