
＝＝＝＝＝＝＝＝＝＝                                   
【日志级别】DEBUG                                   
【记录时间】2021-02-04 16:39:28,173                                   
【执行时间】[1279]毫秒                                   
【debug位置】System.String 属性[(null)]                                   
【debug描述】更新Token:
＝＝＝＝＝＝＝＝＝＝                                   
【日志级别】DEBUG                                   
【记录时间】2021-02-04 16:39:28,193                                   
【执行时间】[1300]毫秒                                   
【debug位置】System.String 属性[(null)]                                   
【debug描述】获取缓存
＝＝＝＝＝＝＝＝＝＝                                   
【日志级别】DEBUG                                   
【记录时间】2021-02-04 16:39:48,118                                   
【执行时间】[21225]毫秒                                   
【debug位置】System.String 属性[(null)]                                   
【debug描述】Schedule job upload as application stopped
＝＝＝＝＝＝＝＝＝＝                                   
【日志级别】DEBUG                                   
【记录时间】2021-02-04 16:40:49,655                                   
【执行时间】[1228]毫秒                                   
【debug位置】System.String 属性[(null)]                                   
【debug描述】更新Token:7200
＝＝＝＝＝＝＝＝＝＝                                   
【日志级别】DEBUG                                   
【记录时间】2021-02-04 16:40:49,677                                   
【执行时间】[1250]毫秒                                   
【debug位置】System.String 属性[(null)]                                   
【debug描述】获取缓存41_vZdMEdgK05llEv_BhTGbb0XjWaIOx7UX4SZTMUGZNRzQZ_O2t-AWddqHtRtxcUXq223aSv_zSHgahlyW8IwEMUOc4MOuZr_FSvqIVN-_XvIynj_-iIQksDewrbgsjxBB2DgQRUG-p4vn7A2JBBGeAGAGGL
＝＝＝＝＝＝＝＝＝＝                                   
【日志级别】DEBUG                                   
【记录时间】2021-02-04 16:41:19,819                                   
【执行时间】[31392]毫秒                                   
【debug位置】System.String 属性[(null)]                                   
【debug描述】Schedule job upload as application stopped