
＝＝＝＝＝＝＝＝＝＝                                   
【日志级别】INFO                                   
【记录时间】2021-01-22 09:19:08,856                                   
【执行时间】[31228]毫秒                                   
【debug位置】WeChat.Core.Api.Middleware.LogReqResponseMiddleware 属性[(null)]                                   
【debug描述】Request:http localhost:5000/api/Account/JwtToken  {"userName":"admin","passWord":"123"}
＝＝＝＝＝＝＝＝＝＝                                   
【日志级别】INFO                                   
【记录时间】2021-01-22 09:19:12,381                                   
【执行时间】[34753]毫秒                                   
【debug位置】WeChat.Core.Api.Middleware.LogReqResponseMiddleware 属性[(null)]                                   
【debug描述】Response:200: {"success":true,"token":"eyJhbGciOiJIUzI1NiIsInR5cCI6IkpXVCJ9.eyJodHRwOi8vc2NoZW1hcy54bWxzb2FwLm9yZy93cy8yMDA1LzA1L2lkZW50aXR5L2NsYWltcy9uYW1lIjoiNSIsImp0aSI6IjUiLCJpYXQiOiIxNjExMjc4MzUyIiwibmJmIjoiMTYxMTI3ODM1MiIsImV4cCI6IjE2MTEyODU1NTIiLCJodHRwOi8vc2NoZW1hcy5taWNyb3NvZnQuY29tL3dzLzIwMDgvMDYvaWRlbnRpdHkvY2xhaW1zL2V4cGlyYXRpb24iOiIwMS8yMi8yMDIxIDExOjE5OjEyIiwiaXNzIjoiSm9udHlXYW5nIiwiYXVkIjoiU3VwcGxpZXIiLCJodHRwOi8vc2NoZW1hcy5taWNyb3NvZnQuY29tL3dzLzIwMDgvMDYvaWRlbnRpdHkvY2xhaW1zL3JvbGUiOiJzdXBwbGllciJ9.TX9YfrzwM7BD4nrf5VM6JHkla5QbDBVogFUMNs2vTK0","expires_in":7200,"token_type":"Bearer"}
＝＝＝＝＝＝＝＝＝＝                                   
【日志级别】INFO                                   
【记录时间】2021-01-22 09:22:29,892                                   
【执行时间】[21388]毫秒                                   
【debug位置】WeChat.Core.Api.Middleware.LogReqResponseMiddleware 属性[(null)]                                   
【debug描述】Request:http localhost:5000/api/Account/JwtToken  {"userName":"admin","passWord":"123"}
＝＝＝＝＝＝＝＝＝＝                                   
【日志级别】INFO                                   
【记录时间】2021-01-22 09:22:33,193                                   
【执行时间】[24689]毫秒                                   
【debug位置】WeChat.Core.Api.Middleware.LogReqResponseMiddleware 属性[(null)]                                   
【debug描述】Response:200: {"success":true,"token":"eyJhbGciOiJIUzI1NiIsInR5cCI6IkpXVCJ9.eyJodHRwOi8vc2NoZW1hcy54bWxzb2FwLm9yZy93cy8yMDA1LzA1L2lkZW50aXR5L2NsYWltcy9uYW1lIjoiNSIsImp0aSI6IjUiLCJpYXQiOiIxNjExMjc4NTUzIiwibmJmIjoiMTYxMTI3ODU1MyIsImV4cCI6IjE2MTEyODU3NTMiLCJodHRwOi8vc2NoZW1hcy5taWNyb3NvZnQuY29tL3dzLzIwMDgvMDYvaWRlbnRpdHkvY2xhaW1zL2V4cGlyYXRpb24iOiIwMS8yMi8yMDIxIDExOjIyOjMzIiwiaXNzIjoiSm9udHlXYW5nIiwiYXVkIjoiU3VwcGxpZXIiLCJodHRwOi8vc2NoZW1hcy5taWNyb3NvZnQuY29tL3dzLzIwMDgvMDYvaWRlbnRpdHkvY2xhaW1zL3JvbGUiOiJzdXBwbGllciJ9.dPKmDMP9E7lc9ylZGEzt8pAFPebepN9Z7x92zF5srSE","expires_in":7200,"token_type":"Bearer"}
＝＝＝＝＝＝＝＝＝＝                                   
【日志级别】INFO                                   
【记录时间】2021-01-22 09:28:38,092                                   
【执行时间】[136006]毫秒                                   
【debug位置】WeChat.Core.Api.Middleware.LogReqResponseMiddleware 属性[(null)]                                   
【debug描述】Request:http localhost:5000/api/Account/JwtToken  {"userName":"admin","passWord":"123"}
＝＝＝＝＝＝＝＝＝＝                                   
【日志级别】INFO                                   
【记录时间】2021-01-22 09:28:41,000                                   
【执行时间】[138914]毫秒                                   
【debug位置】WeChat.Core.Api.Middleware.LogReqResponseMiddleware 属性[(null)]                                   
【debug描述】Response:200: {"success":true,"token":"eyJhbGciOiJIUzI1NiIsInR5cCI6IkpXVCJ9.eyJodHRwOi8vc2NoZW1hcy54bWxzb2FwLm9yZy93cy8yMDA1LzA1L2lkZW50aXR5L2NsYWltcy9uYW1lIjoiNSIsImp0aSI6IjUiLCJpYXQiOiIxNjExMjc4OTIwIiwibmJmIjoiMTYxMTI3ODkyMCIsImV4cCI6IjE2MTEyODYxMjAiLCJodHRwOi8vc2NoZW1hcy5taWNyb3NvZnQuY29tL3dzLzIwMDgvMDYvaWRlbnRpdHkvY2xhaW1zL2V4cGlyYXRpb24iOiIwMS8yMi8yMDIxIDExOjI4OjQwIiwiaXNzIjoiSm9udHlXYW5nIiwiYXVkIjoiU3VwcGxpZXIiLCJodHRwOi8vc2NoZW1hcy5taWNyb3NvZnQuY29tL3dzLzIwMDgvMDYvaWRlbnRpdHkvY2xhaW1zL3JvbGUiOiJzdXBwbGllciJ9.UO77xZx0NNWo0EKX2qvloGBQFj8Y_2uAp7LL3qeqIzY","expires_in":7200,"token_type":"Bearer"}
＝＝＝＝＝＝＝＝＝＝                                   
【日志级别】INFO                                   
【记录时间】2021-01-22 09:31:54,212                                   
【执行时间】[51629]毫秒                                   
【debug位置】WeChat.Core.Api.Middleware.LogReqResponseMiddleware 属性[(null)]                                   
【debug描述】Request:http localhost:5000/api/Account/JwtToken  {"userName":"admin","passWord":"123"}
＝＝＝＝＝＝＝＝＝＝                                   
【日志级别】INFO                                   
【记录时间】2021-01-22 09:31:57,810                                   
【执行时间】[55226]毫秒                                   
【debug位置】WeChat.Core.Api.Middleware.LogReqResponseMiddleware 属性[(null)]                                   
【debug描述】Response:200: {"success":true,"token":"eyJhbGciOiJIUzI1NiIsInR5cCI6IkpXVCJ9.eyJodHRwOi8vc2NoZW1hcy54bWxzb2FwLm9yZy93cy8yMDA1LzA1L2lkZW50aXR5L2NsYWltcy9uYW1lIjoiNSIsImp0aSI6IjUiLCJpYXQiOiIxNjExMjc5MTE3IiwibmJmIjoiMTYxMTI3OTExNyIsImV4cCI6IjE2MTEyODYzMTciLCJodHRwOi8vc2NoZW1hcy5taWNyb3NvZnQuY29tL3dzLzIwMDgvMDYvaWRlbnRpdHkvY2xhaW1zL2V4cGlyYXRpb24iOiIwMS8yMi8yMDIxIDExOjMxOjU3IiwiaXNzIjoiSm9udHlXYW5nIiwiYXVkIjoiU3VwcGxpZXIiLCJodHRwOi8vc2NoZW1hcy5taWNyb3NvZnQuY29tL3dzLzIwMDgvMDYvaWRlbnRpdHkvY2xhaW1zL3JvbGUiOiJzdXBwbGllciJ9.gYdgViKKch8IpmPXoJy5RQ-lFO6vakml-_hYjIStyj0","expires_in":7200,"token_type":"Bearer"}
＝＝＝＝＝＝＝＝＝＝                                   
【日志级别】INFO                                   
【记录时间】2021-01-22 09:32:36,016                                   
【执行时间】[93432]毫秒                                   
【debug位置】WeChat.Core.Api.Middleware.LogReqResponseMiddleware 属性[(null)]                                   
【debug描述】Request:http localhost:5000/api/Image/Qiniu  form-data; name="files"; filename="1608174416851.jpeg"-27388
＝＝＝＝＝＝＝＝＝＝                                   
【日志级别】INFO                                   
【记录时间】2021-01-22 09:36:07,988                                   
【执行时间】[156058]毫秒                                   
【debug位置】WeChat.Core.Api.Middleware.LogReqResponseMiddleware 属性[(null)]                                   
【debug描述】Request:http localhost:5000/api/Account/JwtToken  {"userName":"admin","passWord":"123"}
＝＝＝＝＝＝＝＝＝＝                                   
【日志级别】INFO                                   
【记录时间】2021-01-22 09:36:08,918                                   
【执行时间】[156988]毫秒                                   
【debug位置】WeChat.Core.Api.Middleware.LogReqResponseMiddleware 属性[(null)]                                   
【debug描述】Response:200: {"success":true,"token":"eyJhbGciOiJIUzI1NiIsInR5cCI6IkpXVCJ9.eyJodHRwOi8vc2NoZW1hcy54bWxzb2FwLm9yZy93cy8yMDA1LzA1L2lkZW50aXR5L2NsYWltcy9uYW1lIjoiNSIsImp0aSI6IjUiLCJpYXQiOiIxNjExMjc5MzY4IiwibmJmIjoiMTYxMTI3OTM2OCIsImV4cCI6IjE2MTEyODY1NjgiLCJodHRwOi8vc2NoZW1hcy5taWNyb3NvZnQuY29tL3dzLzIwMDgvMDYvaWRlbnRpdHkvY2xhaW1zL2V4cGlyYXRpb24iOiIwMS8yMi8yMDIxIDExOjM2OjA4IiwiaXNzIjoiSm9udHlXYW5nIiwiYXVkIjoiU3VwcGxpZXIiLCJodHRwOi8vc2NoZW1hcy5taWNyb3NvZnQuY29tL3dzLzIwMDgvMDYvaWRlbnRpdHkvY2xhaW1zL3JvbGUiOiJzdXBwbGllciJ9.8VH4HulF8JZqSIpelZ5mpNnLW65VgLjIXf5Mbb91LF4","expires_in":7200,"token_type":"Bearer"}
＝＝＝＝＝＝＝＝＝＝                                   
【日志级别】INFO                                   
【记录时间】2021-01-22 09:36:31,019                                   
【执行时间】[179090]毫秒                                   
【debug位置】WeChat.Core.Api.Middleware.LogReqResponseMiddleware 属性[(null)]                                   
【debug描述】Request:http localhost:5000/api/Image/Qiniu  form-data; name="files"; filename="1608630991200.jpg"-76168
＝＝＝＝＝＝＝＝＝＝                                   
【日志级别】INFO                                   
【记录时间】2021-01-22 09:36:31,388                                   
【执行时间】[179459]毫秒                                   
【debug位置】WeChat.Core.Api.Middleware.LogReqResponseMiddleware 属性[(null)]                                   
【debug描述】Response:200: {"status":200,"success":true,"msg":"上传成功","response":[{"id":0,"imageUrl":"https://cdn.jonty.top/LZdccca3c9-bda9-4f58-a2b8-5dfb1cd0dda7.jpg"}]}
＝＝＝＝＝＝＝＝＝＝                                   
【日志级别】INFO                                   
【记录时间】2021-01-22 09:36:51,141                                   
【执行时间】[199211]毫秒                                   
【debug位置】WeChat.Core.Api.Middleware.LogReqResponseMiddleware 属性[(null)]                                   
【debug描述】Request:http localhost:5000/api/Image/Qiniu  form-data; name="files"; filename="6b95cab28f88ed58469fee99ee782639.png"-150860
＝＝＝＝＝＝＝＝＝＝                                   
【日志级别】INFO                                   
【记录时间】2021-01-22 09:36:51,210                                   
【执行时间】[199281]毫秒                                   
【debug位置】WeChat.Core.Api.Middleware.LogReqResponseMiddleware 属性[(null)]                                   
【debug描述】Response:200: {"status":200,"success":true,"msg":"上传成功","response":[{"id":0,"imageUrl":"https://cdn.jonty.top/LZc09856a5-b73c-4dd5-8315-794b36082110.png"}]}
＝＝＝＝＝＝＝＝＝＝                                   
【日志级别】INFO                                   
【记录时间】2021-01-22 09:45:58,182                                   
【执行时间】[19765]毫秒                                   
【debug位置】WeChat.Core.Api.Middleware.LogReqResponseMiddleware 属性[(null)]                                   
【debug描述】Request:http localhost:5000/api/Account/JwtToken  {"userName":"admin","passWord":"123"}
＝＝＝＝＝＝＝＝＝＝                                   
【日志级别】INFO                                   
【记录时间】2021-01-22 09:46:04,975                                   
【执行时间】[26558]毫秒                                   
【debug位置】WeChat.Core.Api.Middleware.LogReqResponseMiddleware 属性[(null)]                                   
【debug描述】Response:200: {"success":true,"token":"eyJhbGciOiJIUzI1NiIsInR5cCI6IkpXVCJ9.eyJodHRwOi8vc2NoZW1hcy54bWxzb2FwLm9yZy93cy8yMDA1LzA1L2lkZW50aXR5L2NsYWltcy9uYW1lIjoiNSIsImp0aSI6IjUiLCJpYXQiOiIxNjExMjc5OTY0IiwibmJmIjoiMTYxMTI3OTk2NCIsImV4cCI6IjE2MTEyODcxNjQiLCJodHRwOi8vc2NoZW1hcy5taWNyb3NvZnQuY29tL3dzLzIwMDgvMDYvaWRlbnRpdHkvY2xhaW1zL2V4cGlyYXRpb24iOiIwMS8yMi8yMDIxIDExOjQ2OjA0IiwiaXNzIjoiSm9udHlXYW5nIiwiYXVkIjoiU3VwcGxpZXIiLCJodHRwOi8vc2NoZW1hcy5taWNyb3NvZnQuY29tL3dzLzIwMDgvMDYvaWRlbnRpdHkvY2xhaW1zL3JvbGUiOiJzdXBwbGllciJ9.tFtA6vlNVQl3c-IZHc0ZOb1SZMc9G__eAgDI5JwUNMA","expires_in":7200,"token_type":"Bearer"}
＝＝＝＝＝＝＝＝＝＝                                   
【日志级别】INFO                                   
【记录时间】2021-01-22 09:47:32,021                                   
【执行时间】[12341]毫秒                                   
【debug位置】WeChat.Core.Api.Middleware.LogReqResponseMiddleware 属性[(null)]                                   
【debug描述】Request:http localhost:5000/api/Account/JwtToken  {"userName":"admin","passWord":"123"}
＝＝＝＝＝＝＝＝＝＝                                   
【日志级别】INFO                                   
【记录时间】2021-01-22 09:47:34,097                                   
【执行时间】[14416]毫秒                                   
【debug位置】WeChat.Core.Api.Middleware.LogReqResponseMiddleware 属性[(null)]                                   
【debug描述】Response:200: {"success":true,"token":"eyJhbGciOiJIUzI1NiIsInR5cCI6IkpXVCJ9.eyJodHRwOi8vc2NoZW1hcy54bWxzb2FwLm9yZy93cy8yMDA1LzA1L2lkZW50aXR5L2NsYWltcy9uYW1lIjoiNSIsImp0aSI6IjUiLCJpYXQiOiIxNjExMjgwMDU0IiwibmJmIjoiMTYxMTI4MDA1NCIsImV4cCI6IjE2MTEyODcyNTQiLCJodHRwOi8vc2NoZW1hcy5taWNyb3NvZnQuY29tL3dzLzIwMDgvMDYvaWRlbnRpdHkvY2xhaW1zL2V4cGlyYXRpb24iOiIwMS8yMi8yMDIxIDExOjQ3OjM0IiwiaXNzIjoiSm9udHlXYW5nIiwiYXVkIjoiU3VwcGxpZXIiLCJodHRwOi8vc2NoZW1hcy5taWNyb3NvZnQuY29tL3dzLzIwMDgvMDYvaWRlbnRpdHkvY2xhaW1zL3JvbGUiOiJzdXBwbGllciJ9.cyn3ezpFLYjzqkBeblY0YUdKrP5lk_GrI-9AQrEmj6o","expires_in":7200,"token_type":"Bearer"}
＝＝＝＝＝＝＝＝＝＝                                   
【日志级别】INFO                                   
【记录时间】2021-01-22 09:48:34,751                                   
【执行时间】[17815]毫秒                                   
【debug位置】WeChat.Core.Api.Middleware.LogReqResponseMiddleware 属性[(null)]                                   
【debug描述】Request:http localhost:5000/api/Account/JwtToken  {"userName":"admin","passWord":"123"}
＝＝＝＝＝＝＝＝＝＝                                   
【日志级别】INFO                                   
【记录时间】2021-01-22 09:48:35,962                                   
【执行时间】[19027]毫秒                                   
【debug位置】WeChat.Core.Api.Middleware.LogReqResponseMiddleware 属性[(null)]                                   
【debug描述】Response:200: {"success":true,"token":"eyJhbGciOiJIUzI1NiIsInR5cCI6IkpXVCJ9.eyJodHRwOi8vc2NoZW1hcy54bWxzb2FwLm9yZy93cy8yMDA1LzA1L2lkZW50aXR5L2NsYWltcy9uYW1lIjoiNSIsImp0aSI6IjUiLCJpYXQiOiIxNjExMjgwMTE1IiwibmJmIjoiMTYxMTI4MDExNSIsImV4cCI6IjE2MTEyODczMTUiLCJodHRwOi8vc2NoZW1hcy5taWNyb3NvZnQuY29tL3dzLzIwMDgvMDYvaWRlbnRpdHkvY2xhaW1zL2V4cGlyYXRpb24iOiIwMS8yMi8yMDIxIDExOjQ4OjM1IiwiaXNzIjoiSm9udHlXYW5nIiwiYXVkIjoiU3VwcGxpZXIiLCJodHRwOi8vc2NoZW1hcy5taWNyb3NvZnQuY29tL3dzLzIwMDgvMDYvaWRlbnRpdHkvY2xhaW1zL3JvbGUiOiJzdXBwbGllciJ9.0dEssuHYHRdcuwERxpRWWNBJ4eR3bXcj30TJs5d6NR8","expires_in":7200,"token_type":"Bearer"}
＝＝＝＝＝＝＝＝＝＝                                   
【日志级别】INFO                                   
【记录时间】2021-01-22 09:53:34,567                                   
【执行时间】[51500]毫秒                                   
【debug位置】WeChat.Core.Api.Middleware.LogReqResponseMiddleware 属性[(null)]                                   
【debug描述】Request:http localhost:5000/api/Account/JwtToken  
＝＝＝＝＝＝＝＝＝＝                                   
【日志级别】INFO                                   
【记录时间】2021-01-22 09:53:35,688                                   
【执行时间】[52620]毫秒                                   
【debug位置】WeChat.Core.Api.Middleware.LogReqResponseMiddleware 属性[(null)]                                   
【debug描述】Response:200: {"success":true,"token":"eyJhbGciOiJIUzI1NiIsInR5cCI6IkpXVCJ9.eyJodHRwOi8vc2NoZW1hcy54bWxzb2FwLm9yZy93cy8yMDA1LzA1L2lkZW50aXR5L2NsYWltcy9uYW1lIjoiNSIsImp0aSI6IjUiLCJpYXQiOiIxNjExMjgwNDE1IiwibmJmIjoiMTYxMTI4MDQxNSIsImV4cCI6IjE2MTEyODc2MTUiLCJodHRwOi8vc2NoZW1hcy5taWNyb3NvZnQuY29tL3dzLzIwMDgvMDYvaWRlbnRpdHkvY2xhaW1zL2V4cGlyYXRpb24iOiIwMS8yMi8yMDIxIDExOjUzOjM1IiwiaXNzIjoiSm9udHlXYW5nIiwiYXVkIjoiU3VwcGxpZXIiLCJodHRwOi8vc2NoZW1hcy5taWNyb3NvZnQuY29tL3dzLzIwMDgvMDYvaWRlbnRpdHkvY2xhaW1zL3JvbGUiOiJzdXBwbGllciJ9.cMfS7RUiuOf7Gs4f8JAjI3OQdc7QJ4bEY8peOGKvFuk","expires_in":7200,"token_type":"Bearer"}
＝＝＝＝＝＝＝＝＝＝                                   
【日志级别】INFO                                   
【记录时间】2021-01-22 09:54:51,706                                   
【执行时间】[26262]毫秒                                   
【debug位置】WeChat.Core.Api.Middleware.LogReqResponseMiddleware 属性[(null)]                                   
【debug描述】Request:http localhost:5000/api/Account/JwtToken  {"userName":"admin","passWord":"123"}
＝＝＝＝＝＝＝＝＝＝                                   
【日志级别】INFO                                   
【记录时间】2021-01-22 09:54:52,811                                   
【执行时间】[27367]毫秒                                   
【debug位置】WeChat.Core.Api.Middleware.LogReqResponseMiddleware 属性[(null)]                                   
【debug描述】Response:200: {"success":true,"token":"eyJhbGciOiJIUzI1NiIsInR5cCI6IkpXVCJ9.eyJodHRwOi8vc2NoZW1hcy54bWxzb2FwLm9yZy93cy8yMDA1LzA1L2lkZW50aXR5L2NsYWltcy9uYW1lIjoiNSIsImp0aSI6IjUiLCJpYXQiOiIxNjExMjgwNDkyIiwibmJmIjoiMTYxMTI4MDQ5MiIsImV4cCI6IjE2MTEyODc2OTIiLCJodHRwOi8vc2NoZW1hcy5taWNyb3NvZnQuY29tL3dzLzIwMDgvMDYvaWRlbnRpdHkvY2xhaW1zL2V4cGlyYXRpb24iOiIwMS8yMi8yMDIxIDExOjU0OjUyIiwiaXNzIjoiSm9udHlXYW5nIiwiYXVkIjoiU3VwcGxpZXIiLCJodHRwOi8vc2NoZW1hcy5taWNyb3NvZnQuY29tL3dzLzIwMDgvMDYvaWRlbnRpdHkvY2xhaW1zL3JvbGUiOiJzdXBwbGllciJ9.646n-_u0TDrQOR0pMPLhk2BT-d2NjPz4rCsy3sHnqAY","expires_in":7200,"token_type":"Bearer"}
＝＝＝＝＝＝＝＝＝＝                                   
【日志级别】INFO                                   
【记录时间】2021-01-22 09:55:15,010                                   
【执行时间】[49565]毫秒                                   
【debug位置】WeChat.Core.Api.Middleware.LogReqResponseMiddleware 属性[(null)]                                   
【debug描述】Request:http localhost:5000/api/Product  
＝＝＝＝＝＝＝＝＝＝                                   
【日志级别】INFO                                   
【记录时间】2021-01-22 09:55:18,478                                   
【执行时间】[53034]毫秒                                   
【debug位置】WeChat.Core.Api.Middleware.LogReqResponseMiddleware 属性[(null)]                                   
【debug描述】Response:200: {"status":0,"success":true,"msg":"获取成功","response":[{"id":9,"cname":"足球","uname":"","property":"黑白","weight":50,"length":10,"width":20,"height":10,"quote":35.0000,"productLink":"www.www.com","shopLink":"12345","cdescribe":"好玩诺","udescribe":"","state":1,"createTime":"2021-01-21T15:03:27.03","updateTime":"2021-01-21T15:03:27.03","images":[{"id":35,"imageUrl":"https://cdn.jonty.top/LZ7add55e1-0a29-48ca-addc-f4fee07efe62.jpg"}]},{"id":11,"cname":"wjkwk","uname":"enneneneme","property":"msmdmmd","weight":18,"length":18,"width":1881,"height":18,"quote":188.0000,"productLink":"wjennwnennee","shopLink":"snnsnsnsns","cdescribe":"nsnsnnsns","udescribe":"","state":2,"createTime":"2021-01-21T15:25:34.86","updateTime":"2021-01-21T15:25:34.86","images":[{"id":38,"imageUrl":"https://cdn.jonty.top/LZ99b16847-ddb6-4b4a-b4ab-95dc837956bd.jpg"},{"id":39,"imageUrl":"https://cdn.jonty.top/LZ2955e424-749b-4283-9df1-4f6cbe297e54.jpg"}]},{"id":12,"cname":"11111","uname":"qqwsddf","property":"vbwbqnq","weight":15181,"length":151,"width":1515,"height":1551,"quote":1818818.0000,"productLink":"whjwjjwnw","shopLink":"nwnnwnw","cdescribe":"nwnwnmw","udescribe":"bnwnwnwm","state":2,"createTime":"2021-01-21T15:33:56.183","updateTime":"2021-01-21T15:33:56.187","images":[{"id":40,"imageUrl":"https://cdn.jonty.top/LZ4d80c86d-e212-4437-9032-61419a10356e.jpg"},{"id":41,"imageUrl":"https://cdn.jonty.top/LZd3ab480f-cd60-4899-aab9-2a706ca096af.jpg"},{"id":42,"imageUrl":"https://cdn.jonty.top/LZ983f1bea-f254-4afb-ac77-e4f16e0b42f7.jpg"},{"id":43,"imageUrl":"https://cdn.jonty.top/LZ0d6869a4-921b-42f2-bc77-d251fd8c9bf0.jpg"},{"id":44,"imageUrl":"https://cdn.jonty.top/LZd9d0ac06-3f42-4051-acab-7f72ebd379c2.jpg"},{"id":45,"imageUrl":"https://cdn.jonty.top/LZfec5aafe-0a6b-4dc1-b6ab-de75f7152d5b.jpg"},{"id":46,"imageUrl":"https://cdn.jonty.top/LZ2652dc84-a550-4c5c-8b2e-626863eef397.jpg"}]}]}
＝＝＝＝＝＝＝＝＝＝                                   
【日志级别】INFO                                   
【记录时间】2021-01-22 10:04:09,415                                   
【执行时间】[33797]毫秒                                   
【debug位置】WeChat.Core.Api.Middleware.LogReqResponseMiddleware 属性[(null)]                                   
【debug描述】Request:http localhost:5000/api/Account/JwtToken  {"userName":"admin","passWord":"123"}
＝＝＝＝＝＝＝＝＝＝                                   
【日志级别】INFO                                   
【记录时间】2021-01-22 10:04:10,491                                   
【执行时间】[34872]毫秒                                   
【debug位置】WeChat.Core.Api.Middleware.LogReqResponseMiddleware 属性[(null)]                                   
【debug描述】Response:200: {"success":true,"token":"eyJhbGciOiJIUzI1NiIsInR5cCI6IkpXVCJ9.eyJodHRwOi8vc2NoZW1hcy54bWxzb2FwLm9yZy93cy8yMDA1LzA1L2lkZW50aXR5L2NsYWltcy9uYW1lIjoiNSIsImp0aSI6IjUiLCJpYXQiOiIxNjExMjgxMDUwIiwibmJmIjoiMTYxMTI4MTA1MCIsImV4cCI6IjE2MTEyODgyNTAiLCJodHRwOi8vc2NoZW1hcy5taWNyb3NvZnQuY29tL3dzLzIwMDgvMDYvaWRlbnRpdHkvY2xhaW1zL2V4cGlyYXRpb24iOiIwMS8yMi8yMDIxIDEyOjA0OjEwIiwiaXNzIjoiSm9udHlXYW5nIiwiYXVkIjoiU3VwcGxpZXIiLCJodHRwOi8vc2NoZW1hcy5taWNyb3NvZnQuY29tL3dzLzIwMDgvMDYvaWRlbnRpdHkvY2xhaW1zL3JvbGUiOiJzdXBwbGllciJ9.ZjOX4QRDRFF9v14V2ekibHuLaxjiVMmAHYvqDqDz_gk","expires_in":7200,"token_type":"Bearer"}
＝＝＝＝＝＝＝＝＝＝                                   
【日志级别】INFO                                   
【记录时间】2021-01-22 10:04:33,400                                   
【执行时间】[57782]毫秒                                   
【debug位置】WeChat.Core.Api.Middleware.LogReqResponseMiddleware 属性[(null)]                                   
【debug描述】Request:http localhost:5000/api/Product  
＝＝＝＝＝＝＝＝＝＝                                   
【日志级别】INFO                                   
【记录时间】2021-01-22 10:04:39,641                                   
【执行时间】[64022]毫秒                                   
【debug位置】WeChat.Core.Api.Middleware.LogReqResponseMiddleware 属性[(null)]                                   
【debug描述】Response:200: {"status":0,"success":true,"msg":"获取成功","response":[{"id":9,"cname":"足球","uname":"","property":"黑白","weight":50,"length":10,"width":20,"height":10,"quote":35.0000,"productLink":"www.www.com","shopLink":"12345","cdescribe":"好玩诺","udescribe":"","state":1,"createTime":"2021-01-21T15:03:27.03","updateTime":"2021-01-21T15:03:27.03","images":[{"id":35,"imageUrl":"https://cdn.jonty.top/LZ7add55e1-0a29-48ca-addc-f4fee07efe62.jpg"}]},{"id":11,"cname":"wjkwk","uname":"enneneneme","property":"msmdmmd","weight":18,"length":18,"width":1881,"height":18,"quote":188.0000,"productLink":"wjennwnennee","shopLink":"snnsnsnsns","cdescribe":"nsnsnnsns","udescribe":"","state":2,"createTime":"2021-01-21T15:25:34.86","updateTime":"2021-01-21T15:25:34.86","images":[{"id":38,"imageUrl":"https://cdn.jonty.top/LZ99b16847-ddb6-4b4a-b4ab-95dc837956bd.jpg"},{"id":39,"imageUrl":"https://cdn.jonty.top/LZ2955e424-749b-4283-9df1-4f6cbe297e54.jpg"}]},{"id":12,"cname":"11111","uname":"qqwsddf","property":"vbwbqnq","weight":15181,"length":151,"width":1515,"height":1551,"quote":1818818.0000,"productLink":"whjwjjwnw","shopLink":"nwnnwnw","cdescribe":"nwnwnmw","udescribe":"bnwnwnwm","state":2,"createTime":"2021-01-21T15:33:56.183","updateTime":"2021-01-21T15:33:56.187","images":[{"id":40,"imageUrl":"https://cdn.jonty.top/LZ4d80c86d-e212-4437-9032-61419a10356e.jpg"},{"id":41,"imageUrl":"https://cdn.jonty.top/LZd3ab480f-cd60-4899-aab9-2a706ca096af.jpg"},{"id":42,"imageUrl":"https://cdn.jonty.top/LZ983f1bea-f254-4afb-ac77-e4f16e0b42f7.jpg"},{"id":43,"imageUrl":"https://cdn.jonty.top/LZ0d6869a4-921b-42f2-bc77-d251fd8c9bf0.jpg"},{"id":44,"imageUrl":"https://cdn.jonty.top/LZd9d0ac06-3f42-4051-acab-7f72ebd379c2.jpg"},{"id":45,"imageUrl":"https://cdn.jonty.top/LZfec5aafe-0a6b-4dc1-b6ab-de75f7152d5b.jpg"},{"id":46,"imageUrl":"https://cdn.jonty.top/LZ2652dc84-a550-4c5c-8b2e-626863eef397.jpg"}]}]}
＝＝＝＝＝＝＝＝＝＝                                   
【日志级别】INFO                                   
【记录时间】2021-01-22 10:05:18,140                                   
【执行时间】[102521]毫秒                                   
【debug位置】WeChat.Core.Api.Middleware.LogReqResponseMiddleware 属性[(null)]                                   
【debug描述】Request:http localhost:5000/api/Image/Qiniu  form-data; name="files"; filename="DSC02203.jpg.JPG"-5029
＝＝＝＝＝＝＝＝＝＝                                   
【日志级别】INFO                                   
【记录时间】2021-01-22 10:05:18,506                                   
【执行时间】[102887]毫秒                                   
【debug位置】WeChat.Core.Api.Middleware.LogReqResponseMiddleware 属性[(null)]                                   
【debug描述】Response:200: {"status":200,"success":true,"msg":"上传成功","response":[{"id":0,"imageUrl":"https://cdn.jonty.top/LZ56db30cb-9d45-4097-998e-be71cd1bf2b5.JPG"}]}
＝＝＝＝＝＝＝＝＝＝                                   
【日志级别】INFO                                   
【记录时间】2021-01-22 10:06:04,290                                   
【执行时间】[148671]毫秒                                   
【debug位置】WeChat.Core.Api.Middleware.LogReqResponseMiddleware 属性[(null)]                                   
【debug描述】Request:http localhost:5000/api/Image/https:%2F%2Fcdn.jonty.top%2FLZ56db30cb-9d45-4097-998e-be71cd1bf2b5.JPG  
＝＝＝＝＝＝＝＝＝＝                                   
【日志级别】INFO                                   
【记录时间】2021-01-22 10:06:04,321                                   
【执行时间】[148703]毫秒                                   
【debug位置】WeChat.Core.Api.Middleware.LogReqResponseMiddleware 属性[(null)]                                   
【debug描述】Response:200: {"status":400,"success":false,"msg":"key参数不合法","response":null}
＝＝＝＝＝＝＝＝＝＝                                   
【日志级别】INFO                                   
【记录时间】2021-01-22 10:06:48,388                                   
【执行时间】[192769]毫秒                                   
【debug位置】WeChat.Core.Api.Middleware.LogReqResponseMiddleware 属性[(null)]                                   
【debug描述】Request:http localhost:5000/api/Image/https:%2F%2Fcdn.jonty.top%2FLZ56db30cb-9d45-4097-998e-be71cd1bf2b5.JPG  
＝＝＝＝＝＝＝＝＝＝                                   
【日志级别】INFO                                   
【记录时间】2021-01-22 10:12:13,842                                   
【执行时间】[47481]毫秒                                   
【debug位置】WeChat.Core.Api.Middleware.LogReqResponseMiddleware 属性[(null)]                                   
【debug描述】Request:http localhost:5000/api/Image/https:%2F%2Fjonty.top%2FLZ09a85d46-be32-4cb7-861a-b80b10ba868a.jpg  
＝＝＝＝＝＝＝＝＝＝                                   
【日志级别】INFO                                   
【记录时间】2021-01-22 10:12:14,551                                   
【执行时间】[48190]毫秒                                   
【debug位置】WeChat.Core.Api.Middleware.LogReqResponseMiddleware 属性[(null)]                                   
【debug描述】Response:200: {"status":0,"success":false,"msg":"服务器异常","response":null}
＝＝＝＝＝＝＝＝＝＝                                   
【日志级别】INFO                                   
【记录时间】2021-01-22 10:12:38,562                                   
【执行时间】[72200]毫秒                                   
【debug位置】WeChat.Core.Api.Middleware.LogReqResponseMiddleware 属性[(null)]                                   
【debug描述】Request:http localhost:5000/api/Image/https:%2F%2Fcdn.jonty.top%2FLZ09a85d46-be32-4cb7-861a-b80b10ba868a.jpg  
＝＝＝＝＝＝＝＝＝＝                                   
【日志级别】INFO                                   
【记录时间】2021-01-22 10:12:38,613                                   
【执行时间】[72251]毫秒                                   
【debug位置】WeChat.Core.Api.Middleware.LogReqResponseMiddleware 属性[(null)]                                   
【debug描述】Response:200: {"status":0,"success":false,"msg":"服务器异常","response":null}
＝＝＝＝＝＝＝＝＝＝                                   
【日志级别】INFO                                   
【记录时间】2021-01-22 10:13:16,632                                   
【执行时间】[7089]毫秒                                   
【debug位置】WeChat.Core.Api.Middleware.LogReqResponseMiddleware 属性[(null)]                                   
【debug描述】Request:http localhost:5000/api/Image ?key=https%3A%2F%2Fjonty.top%2FLZ09a85d46-be32-4cb7-861a-b80b10ba868a.jpg 
＝＝＝＝＝＝＝＝＝＝                                   
【日志级别】INFO                                   
【记录时间】2021-01-22 10:13:17,354                                   
【执行时间】[7812]毫秒                                   
【debug位置】WeChat.Core.Api.Middleware.LogReqResponseMiddleware 属性[(null)]                                   
【debug描述】Response:200: {"status":200,"success":true,"msg":"删除成功","response":null}
＝＝＝＝＝＝＝＝＝＝                                   
【日志级别】INFO                                   
【记录时间】2021-01-22 10:15:25,800                                   
【执行时间】[36977]毫秒                                   
【debug位置】WeChat.Core.Api.Middleware.LogReqResponseMiddleware 属性[(null)]                                   
【debug描述】Request:http localhost:5000/api/Image ?key=https%3A%2F%2Fcdn.jonty.top%2FLZdccca3c9-bda9-4f58-a2b8-5dfb1cd0dda7.jpg 
＝＝＝＝＝＝＝＝＝＝                                   
【日志级别】INFO                                   
【记录时间】2021-01-22 10:15:26,522                                   
【执行时间】[37699]毫秒                                   
【debug位置】WeChat.Core.Api.Middleware.LogReqResponseMiddleware 属性[(null)]                                   
【debug描述】Response:200: {"status":200,"success":true,"msg":"删除成功","response":null}
＝＝＝＝＝＝＝＝＝＝                                   
【日志级别】INFO                                   
【记录时间】2021-01-22 10:16:27,797                                   
【执行时间】[9064]毫秒                                   
【debug位置】WeChat.Core.Api.Middleware.LogReqResponseMiddleware 属性[(null)]                                   
【debug描述】Request:http localhost:5000/api/Image ?key=https%3A%2F%2Fjonty.top%2FLZc09856a5-b73c-4dd5-8315-794b36082110.png 
＝＝＝＝＝＝＝＝＝＝                                   
【日志级别】INFO                                   
【记录时间】2021-01-22 10:16:28,460                                   
【执行时间】[9727]毫秒                                   
【debug位置】WeChat.Core.Api.Middleware.LogReqResponseMiddleware 属性[(null)]                                   
【debug描述】Response:200: {"status":200,"success":true,"msg":"删除成功","response":null}
＝＝＝＝＝＝＝＝＝＝                                   
【日志级别】INFO                                   
【记录时间】2021-01-22 10:19:57,552                                   
【执行时间】[21387]毫秒                                   
【debug位置】WeChat.Core.Api.Middleware.LogReqResponseMiddleware 属性[(null)]                                   
【debug描述】Request:http localhost:5000/api/Account/JwtToken  {"userName":"admin","passWord":"123"}
＝＝＝＝＝＝＝＝＝＝                                   
【日志级别】INFO                                   
【记录时间】2021-01-22 10:19:58,620                                   
【执行时间】[22455]毫秒                                   
【debug位置】WeChat.Core.Api.Middleware.LogReqResponseMiddleware 属性[(null)]                                   
【debug描述】Response:200: {"success":true,"token":"eyJhbGciOiJIUzI1NiIsInR5cCI6IkpXVCJ9.eyJodHRwOi8vc2NoZW1hcy54bWxzb2FwLm9yZy93cy8yMDA1LzA1L2lkZW50aXR5L2NsYWltcy9uYW1lIjoiNSIsImp0aSI6IjUiLCJpYXQiOiIxNjExMjgxOTk4IiwibmJmIjoiMTYxMTI4MTk5OCIsImV4cCI6IjE2MTEyODkxOTgiLCJodHRwOi8vc2NoZW1hcy5taWNyb3NvZnQuY29tL3dzLzIwMDgvMDYvaWRlbnRpdHkvY2xhaW1zL2V4cGlyYXRpb24iOiIwMS8yMi8yMDIxIDEyOjE5OjU4IiwiaXNzIjoiSm9udHlXYW5nIiwiYXVkIjoiU3VwcGxpZXIiLCJodHRwOi8vc2NoZW1hcy5taWNyb3NvZnQuY29tL3dzLzIwMDgvMDYvaWRlbnRpdHkvY2xhaW1zL3JvbGUiOiJzdXBwbGllciJ9.dN2tpL_kn2oBTL-oqRM1d8suzuDwjMuXKmKRmVDIfaE","expires_in":7200,"token_type":"Bearer"}
＝＝＝＝＝＝＝＝＝＝                                   
【日志级别】INFO                                   
【记录时间】2021-01-22 10:21:38,844                                   
【执行时间】[13689]毫秒                                   
【debug位置】WeChat.Core.Api.Middleware.LogReqResponseMiddleware 属性[(null)]                                   
【debug描述】Request:http localhost:5000/api/Account/JwtToken  {"userName":"admin","passWord":"123"}
＝＝＝＝＝＝＝＝＝＝                                   
【日志级别】INFO                                   
【记录时间】2021-01-22 10:21:40,121                                   
【执行时间】[14966]毫秒                                   
【debug位置】WeChat.Core.Api.Middleware.LogReqResponseMiddleware 属性[(null)]                                   
【debug描述】Response:200: {"success":true,"token":"eyJhbGciOiJIUzI1NiIsInR5cCI6IkpXVCJ9.eyJodHRwOi8vc2NoZW1hcy54bWxzb2FwLm9yZy93cy8yMDA1LzA1L2lkZW50aXR5L2NsYWltcy9uYW1lIjoiNSIsImp0aSI6IjUiLCJpYXQiOiIxNjExMjgyMTAwIiwibmJmIjoiMTYxMTI4MjEwMCIsImV4cCI6IjE2MTEyODkzMDAiLCJodHRwOi8vc2NoZW1hcy5taWNyb3NvZnQuY29tL3dzLzIwMDgvMDYvaWRlbnRpdHkvY2xhaW1zL2V4cGlyYXRpb24iOiIwMS8yMi8yMDIxIDEyOjIxOjQwIiwiaXNzIjoiSm9udHlXYW5nIiwiYXVkIjoiU3VwcGxpZXIiLCJodHRwOi8vc2NoZW1hcy5taWNyb3NvZnQuY29tL3dzLzIwMDgvMDYvaWRlbnRpdHkvY2xhaW1zL3JvbGUiOiJzdXBwbGllciJ9.q51E-vXPp-Yb68Jb8KCVpNeTQkkx_v4BrwbzCv5e1RU","expires_in":7200,"token_type":"Bearer"}
＝＝＝＝＝＝＝＝＝＝                                   
【日志级别】INFO                                   
【记录时间】2021-01-22 15:42:11,128                                   
【执行时间】[47208]毫秒                                   
【debug位置】WeChat.Core.Api.Middleware.LogReqResponseMiddleware 属性[(null)]                                   
【debug描述】Request:http localhost:5000/api/Account ?code=081Hhq000Ld03L1C4u000urn9W3Hhq02 
＝＝＝＝＝＝＝＝＝＝                                   
【日志级别】INFO                                   
【记录时间】2021-01-22 15:42:12,435                                   
【执行时间】[48516]毫秒                                   
【debug位置】WeChat.Core.Api.Middleware.LogReqResponseMiddleware 属性[(null)]                                   
【debug描述】Response:200: {"access_token":null,"expires_in":0,"refresh_token":null,"openid":null,"scope":null,"unionid":null}
＝＝＝＝＝＝＝＝＝＝                                   
【日志级别】INFO                                   
【记录时间】2021-01-22 15:43:17,025                                   
【执行时间】[34645]毫秒                                   
【debug位置】WeChat.Core.Api.Middleware.LogReqResponseMiddleware 属性[(null)]                                   
【debug描述】Request:http localhost:5000/api/Account ?code=061lNyGa1i1woA0V8uIa1eqrcs2lNyGF 
＝＝＝＝＝＝＝＝＝＝                                   
【日志级别】INFO                                   
【记录时间】2021-01-22 15:49:55,777                                   
【执行时间】[7879]毫秒                                   
【debug位置】WeChat.Core.Api.Middleware.LogReqResponseMiddleware 属性[(null)]                                   
【debug描述】Request:http localhost:5000/api/Account/GetAuthorizeUrl  
＝＝＝＝＝＝＝＝＝＝                                   
【日志级别】INFO                                   
【记录时间】2021-01-22 15:49:56,167                                   
【执行时间】[8269]毫秒                                   
【debug位置】WeChat.Core.Api.Middleware.LogReqResponseMiddleware 属性[(null)]                                   
【debug描述】Response:200: "https://open.weixin.qq.com/connect/oauth2/authorize?appid=wxaf10e7d3932490b3&redirect_uri=https://wx.lianzhoukuajing.com&response_type=code&scope=snsapi_userinfo&state=1#wechat_redirect"
＝＝＝＝＝＝＝＝＝＝                                   
【日志级别】INFO                                   
【记录时间】2021-01-22 15:50:39,109                                   
【执行时间】[51211]毫秒                                   
【debug位置】WeChat.Core.Api.Middleware.LogReqResponseMiddleware 属性[(null)]                                   
【debug描述】Request:http localhost:5000/api/Account ?code=0312ciGa17h9nA0vc1Ja1rEhGT02ciGK 
＝＝＝＝＝＝＝＝＝＝                                   
【日志级别】INFO                                   
【记录时间】2021-01-22 15:50:39,621                                   
【执行时间】[51723]毫秒                                   
【debug位置】WeChat.Core.Api.Middleware.LogReqResponseMiddleware 属性[(null)]                                   
【debug描述】Response:200: {"access_token":null,"expires_in":0,"refresh_token":null,"openid":null,"scope":null,"unionid":null}
＝＝＝＝＝＝＝＝＝＝                                   
【日志级别】INFO                                   
【记录时间】2021-01-22 15:52:34,630                                   
【执行时间】[31890]毫秒                                   
【debug位置】WeChat.Core.Api.Middleware.LogReqResponseMiddleware 属性[(null)]                                   
【debug描述】Request:http localhost:5000/api/Account ?code=081xatFa1ZcqnA0L43Ha1UkR6e1xatFO 
＝＝＝＝＝＝＝＝＝＝                                   
【日志级别】INFO                                   
【记录时间】2021-01-22 15:56:06,096                                   
【执行时间】[243356]毫秒                                   
【debug位置】WeChat.Core.Api.Middleware.LogReqResponseMiddleware 属性[(null)]                                   
【debug描述】Response:200: {"access_token":null,"expires_in":0,"refresh_token":null,"openid":null,"scope":null,"unionid":null}
＝＝＝＝＝＝＝＝＝＝                                   
【日志级别】INFO                                   
【记录时间】2021-01-22 15:56:09,824                                   
【执行时间】[247084]毫秒                                   
【debug位置】WeChat.Core.Api.Middleware.LogReqResponseMiddleware 属性[(null)]                                   
【debug描述】Request:http localhost:5000/api/Account ?code=081zfSGa1tJ1pA0S3IJa175nrs0zfSG5 
＝＝＝＝＝＝＝＝＝＝                                   
【日志级别】INFO                                   
【记录时间】2021-01-22 16:02:30,273                                   
【执行时间】[22181]毫秒                                   
【debug位置】WeChat.Core.Api.Middleware.LogReqResponseMiddleware 属性[(null)]                                   
【debug描述】Request:http localhost:5000/api/Account/GetAuthorizeUrl  
＝＝＝＝＝＝＝＝＝＝                                   
【日志级别】INFO                                   
【记录时间】2021-01-22 16:02:30,733                                   
【执行时间】[22641]毫秒                                   
【debug位置】WeChat.Core.Api.Middleware.LogReqResponseMiddleware 属性[(null)]                                   
【debug描述】Response:200: "https://open.weixin.qq.com/connect/oauth2/authorize?appid=wxaf10e7d3932490b3&redirect_uri=https://wx.lianzhoukuajing.com&response_type=code&scope=snsapi_base&state=1#wechat_redirect"
＝＝＝＝＝＝＝＝＝＝                                   
【日志级别】INFO                                   
【记录时间】2021-01-22 16:02:59,524                                   
【执行时间】[51432]毫秒                                   
【debug位置】WeChat.Core.Api.Middleware.LogReqResponseMiddleware 属性[(null)]                                   
【debug描述】Request:http localhost:5000/api/Account ?code=061NTm200GRx0L1NM1100AXU3D1NTm2O 
＝＝＝＝＝＝＝＝＝＝                                   
【日志级别】INFO                                   
【记录时间】2021-01-22 16:03:00,066                                   
【执行时间】[51973]毫秒                                   
【debug位置】WeChat.Core.Api.Middleware.LogReqResponseMiddleware 属性[(null)]                                   
【debug描述】Response:200: {"access_token":null,"expires_in":0,"refresh_token":null,"openid":null,"scope":null,"unionid":null}
＝＝＝＝＝＝＝＝＝＝                                   
【日志级别】INFO                                   
【记录时间】2021-01-22 16:04:00,369                                   
【执行时间】[48832]毫秒                                   
【debug位置】WeChat.Core.Api.Middleware.LogReqResponseMiddleware 属性[(null)]                                   
【debug描述】Request:http localhost:5000/api/Account ?code=031UFI000WWb2L1jbZ000HuFNj1UFI0p 
＝＝＝＝＝＝＝＝＝＝                                   
【日志级别】INFO                                   
【记录时间】2021-01-22 16:25:15,432                                   
【执行时间】[38858]毫秒                                   
【debug位置】WeChat.Core.Api.Middleware.LogReqResponseMiddleware 属性[(null)]                                   
【debug描述】Request:http localhost:5000/api/Account ?code=001ZvqHa1R7ioA0aY9Ga12MSLS3ZvqHS 
＝＝＝＝＝＝＝＝＝＝                                   
【日志级别】INFO                                   
【记录时间】2021-01-22 16:25:16,296                                   
【执行时间】[39722]毫秒                                   
【debug位置】WeChat.Core.Api.Middleware.LogReqResponseMiddleware 属性[(null)]                                   
【debug描述】Response:200: {"access_token":null,"expires_in":0,"refresh_token":null,"openid":null,"scope":null,"unionid":null}
＝＝＝＝＝＝＝＝＝＝                                   
【日志级别】INFO                                   
【记录时间】2021-01-22 16:25:38,803                                   
【执行时间】[62229]毫秒                                   
【debug位置】WeChat.Core.Api.Middleware.LogReqResponseMiddleware 属性[(null)]                                   
【debug描述】Request:http localhost:5000/api/Account ?code=041PuOkl2TQon64wWLnl2Sc1c83PuOk0 
＝＝＝＝＝＝＝＝＝＝                                   
【日志级别】INFO                                   
【记录时间】2021-01-22 16:25:38,974                                   
【执行时间】[62400]毫秒                                   
【debug位置】WeChat.Core.Api.Middleware.LogReqResponseMiddleware 属性[(null)]                                   
【debug描述】Response:200: {"access_token":null,"expires_in":0,"refresh_token":null,"openid":null,"scope":null,"unionid":null}
＝＝＝＝＝＝＝＝＝＝                                   
【日志级别】INFO                                   
【记录时间】2021-01-22 16:28:56,969                                   
【执行时间】[260394]毫秒                                   
【debug位置】WeChat.Core.Api.Middleware.LogReqResponseMiddleware 属性[(null)]                                   
【debug描述】Request:http localhost:5000/api/Account ?code=031e9t000Hh33L1UsW2003xfqd2e9t06 
＝＝＝＝＝＝＝＝＝＝                                   
【日志级别】INFO                                   
【记录时间】2021-01-22 16:28:57,140                                   
【执行时间】[260565]毫秒                                   
【debug位置】WeChat.Core.Api.Middleware.LogReqResponseMiddleware 属性[(null)]                                   
【debug描述】Response:200: {"access_token":null,"expires_in":0,"refresh_token":null,"openid":null,"scope":null,"unionid":null}
＝＝＝＝＝＝＝＝＝＝                                   
【日志级别】INFO                                   
【记录时间】2021-01-22 16:51:31,431                                   
【执行时间】[7493]毫秒                                   
【debug位置】WeChat.Core.Api.Middleware.LogReqResponseMiddleware 属性[(null)]                                   
【debug描述】Request:http localhost:5000/api/Account/GetAuthorizeUrl  
＝＝＝＝＝＝＝＝＝＝                                   
【日志级别】INFO                                   
【记录时间】2021-01-22 16:51:31,838                                   
【执行时间】[7900]毫秒                                   
【debug位置】WeChat.Core.Api.Middleware.LogReqResponseMiddleware 属性[(null)]                                   
【debug描述】Response:200: "https://open.weixin.qq.com/connect/oauth2/authorize?appid=wxaf10e7d3932490b3&redirect_uri=%68%74%74%70%73%3a%2f%2f%77%78%2e%6c%69%61%6e%7a%68%6f%75%6b%75%61%6a%69%6e%67%2e%63%6f%6d&response_type=code&scope=snsapi_base&state=1#wechat_redirect"
＝＝＝＝＝＝＝＝＝＝                                   
【日志级别】INFO                                   
【记录时间】2021-01-22 16:52:03,347                                   
【执行时间】[39409]毫秒                                   
【debug位置】WeChat.Core.Api.Middleware.LogReqResponseMiddleware 属性[(null)]                                   
【debug描述】Request:http localhost:5000/api/Account ?code=021Nboll2pQSm64SvDnl2aCaVp2Nbol3 
＝＝＝＝＝＝＝＝＝＝                                   
【日志级别】INFO                                   
【记录时间】2021-01-22 16:52:03,813                                   
【执行时间】[39874]毫秒                                   
【debug位置】WeChat.Core.Api.Middleware.LogReqResponseMiddleware 属性[(null)]                                   
【debug描述】Response:200: {"access_token":null,"expires_in":0,"refresh_token":null,"openid":null,"scope":null,"unionid":null}
＝＝＝＝＝＝＝＝＝＝                                   
【日志级别】INFO                                   
【记录时间】2021-01-22 16:52:39,709                                   
【执行时间】[8940]毫秒                                   
【debug位置】WeChat.Core.Api.Middleware.LogReqResponseMiddleware 属性[(null)]                                   
【debug描述】Request:http localhost:5000/api/Account/GetAuthorizeUrl  
＝＝＝＝＝＝＝＝＝＝                                   
【日志级别】INFO                                   
【记录时间】2021-01-22 16:52:40,287                                   
【执行时间】[9518]毫秒                                   
【debug位置】WeChat.Core.Api.Middleware.LogReqResponseMiddleware 属性[(null)]                                   
【debug描述】Response:200: "https://open.weixin.qq.com/connect/oauth2/authorize?appid=wxaf10e7d3932490b3&redirect_uri=%68%74%74%70%73%3a%2f%2f%77%78%2e%6c%69%61%6e%7a%68%6f%75%6b%75%61%6a%69%6e%67%2e%63%6f%6d&response_type=code&scope=snsapi_base&state=1#wechat_redirect"
＝＝＝＝＝＝＝＝＝＝                                   
【日志级别】INFO                                   
【记录时间】2021-01-22 16:53:48,093                                   
【执行时间】[7551]毫秒                                   
【debug位置】WeChat.Core.Api.Middleware.LogReqResponseMiddleware 属性[(null)]                                   
【debug描述】Request:http localhost:5000/api/Account/GetAuthorizeUrl  
＝＝＝＝＝＝＝＝＝＝                                   
【日志级别】INFO                                   
【记录时间】2021-01-22 16:53:48,667                                   
【执行时间】[8126]毫秒                                   
【debug位置】WeChat.Core.Api.Middleware.LogReqResponseMiddleware 属性[(null)]                                   
【debug描述】Response:200: "https://open.weixin.qq.com/connect/oauth2/authorize?appid=wxaf10e7d3932490b3&redirect_uri=%68%74%74%70%73%3a%2f%2f%77%78%2e%6c%69%61%6e%7a%68%6f%75%6b%75%61%6a%69%6e%67%2e%63%6f%6d%2f&response_type=code&scope=snsapi_base&state=1#wechat_redirect"
＝＝＝＝＝＝＝＝＝＝                                   
【日志级别】INFO                                   
【记录时间】2021-01-22 16:54:07,803                                   
【执行时间】[27261]毫秒                                   
【debug位置】WeChat.Core.Api.Middleware.LogReqResponseMiddleware 属性[(null)]                                   
【debug描述】Request:http localhost:5000/api/Account ?code=021rPj100MTU3L1eZb0006PTZc1rPj1y 
＝＝＝＝＝＝＝＝＝＝                                   
【日志级别】INFO                                   
【记录时间】2021-01-22 17:13:44,978                                   
【执行时间】[7458]毫秒                                   
【debug位置】WeChat.Core.Api.Middleware.LogReqResponseMiddleware 属性[(null)]                                   
【debug描述】Request:http localhost:5000/api/Account ?code=071xNI0w3IwyHV2vJf3w3MbshQ0xNI0R 
＝＝＝＝＝＝＝＝＝＝                                   
【日志级别】INFO                                   
【记录时间】2021-01-22 17:13:45,830                                   
【执行时间】[8310]毫秒                                   
【debug位置】WeChat.Core.Api.Middleware.LogReqResponseMiddleware 属性[(null)]                                   
【debug描述】Response:200: {"access_token":null,"expires_in":0,"refresh_token":null,"openid":null,"scope":null,"unionid":null}
＝＝＝＝＝＝＝＝＝＝                                   
【日志级别】INFO                                   
【记录时间】2021-01-22 17:14:23,106                                   
【执行时间】[45587]毫秒                                   
【debug位置】WeChat.Core.Api.Middleware.LogReqResponseMiddleware 属性[(null)]                                   
【debug描述】Request:http localhost:5000/api/Account ?code=https%3A%2F%2Fopen.weixin.qq.com%2Fconnect%2Foauth2%2Fauthorize%3Fappid%3Dwxaf10e7d3932490b3%26redirect_uri%3Dhttps%3A%2F%2Fwx.lianzhoukuajing.com%2F%26response_type%3Dcode%26scope%3Dsnsapi_userinfo%26state%3D1%26uin%3D%26key%3D%26version%3D63010043 
＝＝＝＝＝＝＝＝＝＝                                   
【日志级别】INFO                                   
【记录时间】2021-01-22 17:14:23,194                                   
【执行时间】[45675]毫秒                                   
【debug位置】WeChat.Core.Api.Middleware.LogReqResponseMiddleware 属性[(null)]                                   
【debug描述】Response:200: {"access_token":null,"expires_in":0,"refresh_token":null,"openid":null,"scope":null,"unionid":null}
＝＝＝＝＝＝＝＝＝＝                                   
【日志级别】INFO                                   
【记录时间】2021-01-22 17:14:55,584                                   
【执行时间】[78064]毫秒                                   
【debug位置】WeChat.Core.Api.Middleware.LogReqResponseMiddleware 属性[(null)]                                   
【debug描述】Request:http localhost:5000/api/Account ?code=031nTI0w3LryHV2EHw1w3GhlDx4nTI0t 
＝＝＝＝＝＝＝＝＝＝                                   
【日志级别】INFO                                   
【记录时间】2021-01-22 17:14:55,720                                   
【执行时间】[78200]毫秒                                   
【debug位置】WeChat.Core.Api.Middleware.LogReqResponseMiddleware 属性[(null)]                                   
【debug描述】Response:200: {"access_token":null,"expires_in":0,"refresh_token":null,"openid":null,"scope":null,"unionid":null}
＝＝＝＝＝＝＝＝＝＝                                   
【日志级别】INFO                                   
【记录时间】2021-01-22 17:19:53,629                                   
【执行时间】[37027]毫秒                                   
【debug位置】WeChat.Core.Api.Middleware.LogReqResponseMiddleware 属性[(null)]                                   
【debug描述】Request:http localhost:5000/api/Account ?code=061qhh1w3YdgJV2ea71w3TZFrd2qhh13 
＝＝＝＝＝＝＝＝＝＝                                   
【日志级别】INFO                                   
【记录时间】2021-01-22 17:19:54,463                                   
【执行时间】[37861]毫秒                                   
【debug位置】WeChat.Core.Api.Middleware.LogReqResponseMiddleware 属性[(null)]                                   
【debug描述】Response:200: {"access_token":null,"expires_in":0,"refresh_token":null,"openid":null,"scope":null,"unionid":null}
＝＝＝＝＝＝＝＝＝＝                                   
【日志级别】INFO                                   
【记录时间】2021-01-22 17:37:14,126                                   
【执行时间】[56903]毫秒                                   
【debug位置】WeChat.Core.Api.Middleware.LogReqResponseMiddleware 属性[(null)]                                   
【debug描述】Request:http localhost:5000/api/Account ?code=031RfK0w3kBAHV2aGx1w3otLNj1RfK0P 
＝＝＝＝＝＝＝＝＝＝                                   
【日志级别】INFO                                   
【记录时间】2021-01-22 17:37:15,044                                   
【执行时间】[57822]毫秒                                   
【debug位置】WeChat.Core.Api.Middleware.LogReqResponseMiddleware 属性[(null)]                                   
【debug描述】Response:200: {"access_token":"41_mrUZu2KsYpM1IDXV43u4cRer9JgIuY15hw5teF1JFp6cUWwJIQIrOVSZibjLTlqwN2-mtRHObjxAa_rCOydMtw","expires_in":7200,"refresh_token":"41_1AgamU7pfIVmiiIKuilP99DmEMNNAKo-RJl5hn6GP7aum1nnM-JY_BFbWUQq7in1HVknabKQgQshz8F1dnN6FQ","openid":"oNkkP57_K0gtMBY0H6WFopiGXBjI","scope":"snsapi_userinfo","unionid":null}
＝＝＝＝＝＝＝＝＝＝                                   
【日志级别】INFO                                   
【记录时间】2021-01-22 17:38:25,325                                   
【执行时间】[128102]毫秒                                   
【debug位置】WeChat.Core.Api.Middleware.LogReqResponseMiddleware 属性[(null)]                                   
【debug描述】Request:http localhost:5000/api/Account ?code=091wYuHa1leloA0szxFa1DjZ4r2wYuH6 
＝＝＝＝＝＝＝＝＝＝                                   
【日志级别】INFO                                   
【记录时间】2021-01-22 17:38:25,526                                   
【执行时间】[128303]毫秒                                   
【debug位置】WeChat.Core.Api.Middleware.LogReqResponseMiddleware 属性[(null)]                                   
【debug描述】Response:200: {"access_token":"41_qe1eRy4bOAwewocdMLix4bdrqgR5V_JptURg9tzv7JkqJb7sZXZAFyQKgtN4MaDYSsP1rjrmjromSDywq1Fl7A","expires_in":7200,"refresh_token":"41_k-DdiVD2CI25wZdnLzqZhwZVcFOru_XLmrliOP1n7PIHvaS5lYjkvNRmywaffaTH8Yap9nkv8ET7WwCA-oZjdw","openid":"oNkkP57_K0gtMBY0H6WFopiGXBjI","scope":"snsapi_userinfo","unionid":null}
＝＝＝＝＝＝＝＝＝＝                                   
【日志级别】INFO                                   
【记录时间】2021-01-22 17:40:10,051                                   
【执行时间】[232828]毫秒                                   
【debug位置】WeChat.Core.Api.Middleware.LogReqResponseMiddleware 属性[(null)]                                   
【debug描述】Request:http localhost:5000/api/Account ?code=071IHoGa1v3fnA0foqHa1zW7W53IHoGx 
＝＝＝＝＝＝＝＝＝＝                                   
【日志级别】INFO                                   
【记录时间】2021-01-22 17:40:10,234                                   
【执行时间】[233011]毫秒                                   
【debug位置】WeChat.Core.Api.Middleware.LogReqResponseMiddleware 属性[(null)]                                   
【debug描述】Response:200: {"access_token":"41_T1aU3rwYFgA2zQkvIULJSdhYuI6Pv6U1QhnxE2U70xr3259tVxeX6GqwxpHS3yGiPqfGW782PrnuyI22dod21w","expires_in":7200,"refresh_token":"41_WkpyTEoTdZFewSpy2cDYnETqQUJXCEWuKpd45fzzjHfAGL4HjV3JlIuSoGf5oZHL76E7j4Ca2NqSgp9clN-tUw","openid":"oNkkP50aPxGjALR5uC_cuZkbpr8k","scope":"snsapi_userinfo","unionid":null}
＝＝＝＝＝＝＝＝＝＝                                   
【日志级别】INFO                                   
【记录时间】2021-01-22 17:40:38,269                                   
【执行时间】[20607]毫秒                                   
【debug位置】WeChat.Core.Api.Middleware.LogReqResponseMiddleware 属性[(null)]                                   
【debug描述】Request:http localhost:5000/api/Account ?code=0617wx000WA63L1WPy000SgqXG27wx06 
＝＝＝＝＝＝＝＝＝＝                                   
【日志级别】INFO                                   
【记录时间】2021-01-22 17:40:39,224                                   
【执行时间】[21562]毫秒                                   
【debug位置】WeChat.Core.Api.Middleware.LogReqResponseMiddleware 属性[(null)]                                   
【debug描述】Response:200: {"access_token":"41_wq0r4XDdMK-7wqb-MeWcsoze8DUxaQqJmatm9ihvD3d10SoKRmsXT0SC2y1WX7ueilP4hdLzUNooR9YeHAEG4Q","expires_in":7200,"refresh_token":"41_vy6fJpLGNJVKBvriDMXiMa27j2RrjTGoDHAJJ-3ZHc_tMmhcgcpluxJomGQP34jnHbJxSnq1Dg6p2OurrwWTbw","openid":"oNkkP57_K0gtMBY0H6WFopiGXBjI","scope":"snsapi_userinfo","unionid":null}
＝＝＝＝＝＝＝＝＝＝                                   
【日志级别】INFO                                   
【记录时间】2021-01-22 18:00:38,406                                   
【执行时间】[20806]毫秒                                   
【debug位置】WeChat.Core.Api.Middleware.LogReqResponseMiddleware 属性[(null)]                                   
【debug描述】Request:http localhost:5000/api/Account/GetWeChatUserInfo ?accessToken=41_mrUZu2KsYpM1IDXV43u4cRer9JgIuY15hw5teF1JFp6cUWwJIQIrOVSZibjLTlqwN2-mtRHObjxAa_rCOydMtw&openId=oNkkP57_K0gtMBY0H6WFopiGXBjI 
＝＝＝＝＝＝＝＝＝＝                                   
【日志级别】INFO                                   
【记录时间】2021-01-22 18:00:39,247                                   
【执行时间】[21647]毫秒                                   
【debug位置】WeChat.Core.Api.Middleware.LogReqResponseMiddleware 属性[(null)]                                   
【debug描述】Response:200: {"openid":null,"nickname":null,"sex":0,"province":null,"city":null,"country":null,"headimgurl":null,"privilege":null,"unionid":null}
＝＝＝＝＝＝＝＝＝＝                                   
【日志级别】INFO                                   
【记录时间】2021-01-22 18:05:53,833                                   
【执行时间】[37795]毫秒                                   
【debug位置】WeChat.Core.Api.Middleware.LogReqResponseMiddleware 属性[(null)]                                   
【debug描述】Request:http localhost:5000/api/Account ?code=051cgkFa1WEAnA0qkuJa18NBa10cgkFZ 
＝＝＝＝＝＝＝＝＝＝                                   
【日志级别】INFO                                   
【记录时间】2021-01-22 18:19:48,204                                   
【执行时间】[23004]毫秒                                   
【debug位置】WeChat.Core.Api.Middleware.LogReqResponseMiddleware 属性[(null)]                                   
【debug描述】Request:http localhost:5000/api/Account ?code=031DQM0w3IjXHV2mx10w33jn3r2DQM0m 
＝＝＝＝＝＝＝＝＝＝                                   
【日志级别】INFO                                   
【记录时间】2021-01-22 18:19:49,124                                   
【执行时间】[23924]毫秒                                   
【debug位置】WeChat.Core.Api.Middleware.LogReqResponseMiddleware 属性[(null)]                                   
【debug描述】Response:200: {"access_token":"41_weT_OUgPEBZRNIcCa-__1QWMQ-y7uHHC2eiyhAEAbZq0MiMLpjJCx-5i2yUi8r6XgdcjrYq_oPn01H4nxGK5tw","expires_in":7200,"refresh_token":"41_lK9VsZvM0Oa891opYg4pOiRODn9c7ed_qXGo6iDnDraB_N0rWmEEv4RWZ8_A38_hZahzTkfgQAhyxkUfND4bKA","openid":"oNkkP57_K0gtMBY0H6WFopiGXBjI","scope":"snsapi_userinfo","unionid":null}