
＝＝＝＝＝＝＝＝＝＝                                   
【日志级别】DEBUG                                   
【记录时间】2021-03-12 17:55:37,426                                   
【执行时间】[1611]毫秒                                   
【debug位置】System.String 属性[(null)]                                   
【debug描述】更新Token:
＝＝＝＝＝＝＝＝＝＝                                   
【日志级别】DEBUG                                   
【记录时间】2021-03-12 17:55:37,478                                   
【执行时间】[1663]毫秒                                   
【debug位置】System.String 属性[(null)]                                   
【debug描述】获取缓存
＝＝＝＝＝＝＝＝＝＝                                   
【日志级别】DEBUG                                   
【记录时间】2021-03-12 17:55:41,396                                   
【执行时间】[5581]毫秒                                   
【debug位置】System.String 属性[(null)]                                   
【debug描述】更新动态订单:2021/3/12 17:55:41
＝＝＝＝＝＝＝＝＝＝                                   
【日志级别】INFO                                   
【记录时间】2021-03-12 17:55:47,286                                   
【执行时间】[11471]毫秒                                   
【debug位置】WeChat.Core.Api.Middleware.LogReqResponseMiddleware 属性[(null)]                                   
【debug描述】Request:http localhost:5000 /api/Apk/apk_download/1.0.1 GET  
＝＝＝＝＝＝＝＝＝＝                                   
【日志级别】INFO                                   
【记录时间】2021-03-12 17:55:47,426                                   
【执行时间】[11611]毫秒                                   
【debug位置】WeChat.Core.Api.Middleware.LogReqResponseMiddleware 属性[(null)]                                   
【debug描述】Response:200: 
＝＝＝＝＝＝＝＝＝＝                                   
【日志级别】DEBUG                                   
【记录时间】2021-03-12 17:55:48,707                                   
【执行时间】[12892]毫秒                                   
【debug位置】System.String 属性[(null)]                                   
【debug描述】更新动态销售额:2021/3/12 17:55:48
＝＝＝＝＝＝＝＝＝＝                                   
【日志级别】DEBUG                                   
【记录时间】2021-03-12 17:58:15,794                                   
【执行时间】[1308]毫秒                                   
【debug位置】System.String 属性[(null)]                                   
【debug描述】更新Token:
＝＝＝＝＝＝＝＝＝＝                                   
【日志级别】DEBUG                                   
【记录时间】2021-03-12 17:58:15,819                                   
【执行时间】[1333]毫秒                                   
【debug位置】System.String 属性[(null)]                                   
【debug描述】获取缓存
＝＝＝＝＝＝＝＝＝＝                                   
【日志级别】DEBUG                                   
【记录时间】2021-03-12 17:58:18,516                                   
【执行时间】[4031]毫秒                                   
【debug位置】System.String 属性[(null)]                                   
【debug描述】更新动态订单:2021/3/12 17:58:18
＝＝＝＝＝＝＝＝＝＝                                   
【日志级别】INFO                                   
【记录时间】2021-03-12 17:58:22,876                                   
【执行时间】[8390]毫秒                                   
【debug位置】WeChat.Core.Api.Middleware.LogReqResponseMiddleware 属性[(null)]                                   
【debug描述】Request:http localhost:5000 /api/Apk/apk_download/1.0.4 GET  
＝＝＝＝＝＝＝＝＝＝                                   
【日志级别】INFO                                   
【记录时间】2021-03-12 17:58:23,010                                   
【执行时间】[8524]毫秒                                   
【debug位置】WeChat.Core.Api.Middleware.LogReqResponseMiddleware 属性[(null)]                                   
【debug描述】Response:200: 
＝＝＝＝＝＝＝＝＝＝                                   
【日志级别】DEBUG                                   
【记录时间】2021-03-12 17:58:26,350                                   
【执行时间】[11864]毫秒                                   
【debug位置】System.String 属性[(null)]                                   
【debug描述】更新动态销售额:2021/3/12 17:58:26
＝＝＝＝＝＝＝＝＝＝                                   
【日志级别】DEBUG                                   
【记录时间】2021-03-12 18:00:17,769                                   
【执行时间】[1357]毫秒                                   
【debug位置】System.String 属性[(null)]                                   
【debug描述】更新Token:
＝＝＝＝＝＝＝＝＝＝                                   
【日志级别】DEBUG                                   
【记录时间】2021-03-12 18:00:17,798                                   
【执行时间】[1386]毫秒                                   
【debug位置】System.String 属性[(null)]                                   
【debug描述】获取缓存
＝＝＝＝＝＝＝＝＝＝                                   
【日志级别】DEBUG                                   
【记录时间】2021-03-12 18:00:22,923                                   
【执行时间】[6510]毫秒                                   
【debug位置】System.String 属性[(null)]                                   
【debug描述】更新动态订单:2021/3/12 18:00:22
＝＝＝＝＝＝＝＝＝＝                                   
【日志级别】INFO                                   
【记录时间】2021-03-12 18:00:32,502                                   
【执行时间】[16089]毫秒                                   
【debug位置】WeChat.Core.Api.Middleware.LogReqResponseMiddleware 属性[(null)]                                   
【debug描述】Request:http localhost:5000 /api/Apk/apk_download/1111 GET  
＝＝＝＝＝＝＝＝＝＝                                   
【日志级别】INFO                                   
【记录时间】2021-03-12 18:00:32,640                                   
【执行时间】[16227]毫秒                                   
【debug位置】WeChat.Core.Api.Middleware.LogReqResponseMiddleware 属性[(null)]                                   
【debug描述】Response:200: 
＝＝＝＝＝＝＝＝＝＝                                   
【日志级别】DEBUG                                   
【记录时间】2021-03-12 18:00:33,801                                   
【执行时间】[17389]毫秒                                   
【debug位置】System.String 属性[(null)]                                   
【debug描述】更新动态销售额:2021/3/12 18:00:33
＝＝＝＝＝＝＝＝＝＝                                   
【日志级别】DEBUG                                   
【记录时间】2021-03-12 18:31:34,546                                   
【执行时间】[1408]毫秒                                   
【debug位置】System.String 属性[(null)]                                   
【debug描述】更新Token:
＝＝＝＝＝＝＝＝＝＝                                   
【日志级别】DEBUG                                   
【记录时间】2021-03-12 18:31:34,574                                   
【执行时间】[1436]毫秒                                   
【debug位置】System.String 属性[(null)]                                   
【debug描述】获取缓存
＝＝＝＝＝＝＝＝＝＝                                   
【日志级别】DEBUG                                   
【记录时间】2021-03-12 18:31:37,340                                   
【执行时间】[4201]毫秒                                   
【debug位置】System.String 属性[(null)]                                   
【debug描述】更新动态订单:2021/3/12 18:31:37
＝＝＝＝＝＝＝＝＝＝                                   
【日志级别】INFO                                   
【记录时间】2021-03-12 18:31:42,984                                   
【执行时间】[9846]毫秒                                   
【debug位置】WeChat.Core.Api.Middleware.LogReqResponseMiddleware 属性[(null)]                                   
【debug描述】Request:http localhost:5000 /api/Apk/apk_download/1.0.3 GET  
＝＝＝＝＝＝＝＝＝＝                                   
【日志级别】INFO                                   
【记录时间】2021-03-12 18:31:43,082                                   
【执行时间】[9944]毫秒                                   
【debug位置】WeChat.Core.Api.Middleware.LogReqResponseMiddleware 属性[(null)]                                   
【debug描述】Response:200: 
＝＝＝＝＝＝＝＝＝＝                                   
【日志级别】DEBUG                                   
【记录时间】2021-03-12 18:31:44,666                                   
【执行时间】[11528]毫秒                                   
【debug位置】System.String 属性[(null)]                                   
【debug描述】更新动态销售额:2021/3/12 18:31:44
＝＝＝＝＝＝＝＝＝＝                                   
【日志级别】DEBUG                                   
【记录时间】2021-03-12 18:41:53,472                                   
【执行时间】[1446]毫秒                                   
【debug位置】System.String 属性[(null)]                                   
【debug描述】更新Token:
＝＝＝＝＝＝＝＝＝＝                                   
【日志级别】DEBUG                                   
【记录时间】2021-03-12 18:41:53,508                                   
【执行时间】[1482]毫秒                                   
【debug位置】System.String 属性[(null)]                                   
【debug描述】获取缓存
＝＝＝＝＝＝＝＝＝＝                                   
【日志级别】DEBUG                                   
【记录时间】2021-03-12 18:41:56,451                                   
【执行时间】[4425]毫秒                                   
【debug位置】System.String 属性[(null)]                                   
【debug描述】更新动态订单:2021/3/12 18:41:56
＝＝＝＝＝＝＝＝＝＝                                   
【日志级别】DEBUG                                   
【记录时间】2021-03-12 18:42:03,791                                   
【执行时间】[11765]毫秒                                   
【debug位置】System.String 属性[(null)]                                   
【debug描述】更新动态销售额:2021/3/12 18:42:03
＝＝＝＝＝＝＝＝＝＝                                   
【日志级别】DEBUG                                   
【记录时间】2021-03-12 18:47:56,036                                   
【执行时间】[364011]毫秒                                   
【debug位置】System.String 属性[(null)]                                   
【debug描述】更新动态订单:2021/3/12 18:47:56
＝＝＝＝＝＝＝＝＝＝                                   
【日志级别】DEBUG                                   
【记录时间】2021-03-12 18:48:07,544                                   
【执行时间】[375518]毫秒                                   
【debug位置】System.String 属性[(null)]                                   
【debug描述】更新动态销售额:2021/3/12 18:48:07
＝＝＝＝＝＝＝＝＝＝                                   
【日志级别】DEBUG                                   
【记录时间】2021-03-12 18:49:02,815                                   
【执行时间】[1947]毫秒                                   
【debug位置】System.String 属性[(null)]                                   
【debug描述】更新Token:
＝＝＝＝＝＝＝＝＝＝                                   
【日志级别】DEBUG                                   
【记录时间】2021-03-12 18:49:02,843                                   
【执行时间】[1975]毫秒                                   
【debug位置】System.String 属性[(null)]                                   
【debug描述】获取缓存
＝＝＝＝＝＝＝＝＝＝                                   
【日志级别】DEBUG                                   
【记录时间】2021-03-12 18:49:06,752                                   
【执行时间】[5884]毫秒                                   
【debug位置】System.String 属性[(null)]                                   
【debug描述】更新动态订单:2021/3/12 18:49:06
＝＝＝＝＝＝＝＝＝＝                                   
【日志级别】DEBUG                                   
【记录时间】2021-03-12 18:49:15,826                                   
【执行时间】[14958]毫秒                                   
【debug位置】System.String 属性[(null)]                                   
【debug描述】更新动态销售额:2021/3/12 18:49:15
＝＝＝＝＝＝＝＝＝＝                                   
【日志级别】DEBUG                                   
【记录时间】2021-03-12 18:51:16,086                                   
【执行时间】[1298]毫秒                                   
【debug位置】System.String 属性[(null)]                                   
【debug描述】更新Token:
＝＝＝＝＝＝＝＝＝＝                                   
【日志级别】DEBUG                                   
【记录时间】2021-03-12 18:51:16,113                                   
【执行时间】[1326]毫秒                                   
【debug位置】System.String 属性[(null)]                                   
【debug描述】获取缓存
＝＝＝＝＝＝＝＝＝＝                                   
【日志级别】DEBUG                                   
【记录时间】2021-03-12 18:51:19,891                                   
【执行时间】[5104]毫秒                                   
【debug位置】System.String 属性[(null)]                                   
【debug描述】更新动态订单:2021/3/12 18:51:19
＝＝＝＝＝＝＝＝＝＝                                   
【日志级别】DEBUG                                   
【记录时间】2021-03-12 18:51:28,626                                   
【执行时间】[13839]毫秒                                   
【debug位置】System.String 属性[(null)]                                   
【debug描述】更新动态销售额:2021/3/12 18:51:28