
＝＝＝＝＝＝＝＝＝＝                                   
【日志级别】DEBUG                                   
【记录时间】2021-03-08 17:28:47,432                                   
【执行时间】[2108]毫秒                                   
【debug位置】System.String 属性[(null)]                                   
【debug描述】更新Token:
＝＝＝＝＝＝＝＝＝＝                                   
【日志级别】DEBUG                                   
【记录时间】2021-03-08 17:28:47,465                                   
【执行时间】[2141]毫秒                                   
【debug位置】System.String 属性[(null)]                                   
【debug描述】获取缓存
＝＝＝＝＝＝＝＝＝＝                                   
【日志级别】DEBUG                                   
【记录时间】2021-03-08 17:29:46,167                                   
【执行时间】[1392]毫秒                                   
【debug位置】System.String 属性[(null)]                                   
【debug描述】更新Token:
＝＝＝＝＝＝＝＝＝＝                                   
【日志级别】DEBUG                                   
【记录时间】2021-03-08 17:29:46,204                                   
【执行时间】[1429]毫秒                                   
【debug位置】System.String 属性[(null)]                                   
【debug描述】获取缓存
＝＝＝＝＝＝＝＝＝＝                                   
【日志级别】DEBUG                                   
【记录时间】2021-03-08 17:30:13,934                                   
【执行时间】[1329]毫秒                                   
【debug位置】System.String 属性[(null)]                                   
【debug描述】更新Token:
＝＝＝＝＝＝＝＝＝＝                                   
【日志级别】DEBUG                                   
【记录时间】2021-03-08 17:30:13,969                                   
【执行时间】[1364]毫秒                                   
【debug位置】System.String 属性[(null)]                                   
【debug描述】获取缓存
＝＝＝＝＝＝＝＝＝＝                                   
【日志级别】DEBUG                                   
【记录时间】2021-03-08 17:30:29,050                                   
【执行时间】[1218]毫秒                                   
【debug位置】System.String 属性[(null)]                                   
【debug描述】更新Token:
＝＝＝＝＝＝＝＝＝＝                                   
【日志级别】DEBUG                                   
【记录时间】2021-03-08 17:30:29,087                                   
【执行时间】[1255]毫秒                                   
【debug位置】System.String 属性[(null)]                                   
【debug描述】获取缓存
＝＝＝＝＝＝＝＝＝＝                                   
【日志级别】INFO                                   
【记录时间】2021-03-08 17:30:34,155                                   
【执行时间】[6323]毫秒                                   
【debug位置】WeChat.Core.Api.Middleware.LogReqResponseMiddleware 属性[(null)]                                   
【debug描述】Request:http localhost:5000 /api/Home GET  
＝＝＝＝＝＝＝＝＝＝                                   
【日志级别】INFO                                   
【记录时间】2021-03-08 17:30:35,050                                   
【执行时间】[7218]毫秒                                   
【debug位置】WeChat.Core.Api.Middleware.LogReqResponseMiddleware 属性[(null)]                                   
【debug描述】Response:200: {
  "status": 200,
  "success": true,
  "msg": "OK",
  "response": [
    {
      "id": 1,
      "loginName": null,
      "loginPwd": null,
      "realName": "test",
      "companyName": "广州联洲电子商务",
      "creditCode": "1231211312",
      "mobilePhone": "1000011",
      "fixPhone": "1928123",
      "remark": "",
      "state": 1,
      "passTime": "2021-01-28T18:57:13.24",
      "invitationCode": null,
      "createTime": "2021-01-06T03:37:43.5",
      "updateTime": "2021-01-28T18:57:13.24",
      "updateUser": "Admin",
      "isReadAgreement": true,
      "openId": null,
      "tagIds": null
    },
    {
      "id": 2,
      "loginName": null,
      "loginPwd": null,
      "realName": "Jonty",
      "companyName": "广州联洲电子商务",
      "creditCode": "1231211312",
      "mobilePhone": "1000011",
      "fixPhone": "1928123",
      "remark": null,
      "state": 2,
      "passTime": null,
      "invitationCode": null,
      "createTime": "2021-01-06T03:37:43.5",
      "updateTime": null,
      "updateUser": null,
      "isReadAgreement": true,
      "openId": null,
      "tagIds": "100"
    },
    {
      "id": 3,
      "loginName": "JerryZhao",
      "loginPwd": "ACF3F48F9EA0DCBA786D30620DB",
      "realName": "Jerry",
      "companyName": "江南皮革厂",
      "creditCode": "SJSaksjagaj9123",
      "mobilePhone": "1923123",
      "fixPhone": "110",
      "remark": "",
      "state": 1,
      "passTime": "2021-01-28T18:55:09.353",
      "invitationCode": "8X9BCD",
      "createTime": "2021-01-06T06:51:57.61",
      "updateTime": "2021-01-28T18:55:09.353",
      "updateUser": "Admin",
      "isReadAgreement": true,
      "openId": null,
      "tagIds": "100"
    },
    {
      "id": 4,
      "loginName": "Jonty",
      "loginPwd": "4297F44B13955235245B2497399D7A93",
      "realName": "Jeryy",
      "companyName": "江南皮革厂",
      "creditCode": "1231231",
      "mobilePhone": "st123123ring",
      "fixPhone": "123123",
      "remark": "就是不给通过",
      "state": 2,
      "passTime": "2021-01-20T09:59:29.817",
      "invitationCode": "AXJDY4",
      "createTime": "2021-01-07T09:38:42.6",
      "updateTime": "2021-01-20T09:59:29.817",
      "updateUser": "Admin",
      "isReadAgreement": true,
      "openId": null,
      "tagIds": null
    },
    {
      "id": 5,
      "loginName": "admin",
      "loginPwd": "202CB962AC5975B964B7152D234B70",
      "realName": "wang",
      "companyName": "1",
      "creditCode": "1",
      "mobilePhone": "1",
      "fixPhone": "1",
      "remark": "",
      "state": 1,
      "passTime": "2021-01-20T13:33:48.407",
      "invitationCode": "SXZR6J",
      "createTime": "2021-01-12T01:42:59.14",
      "updateTime": "2021-01-20T13:33:48.407",
      "updateUser": "Admin",
      "isReadAgreement": true,
      "openId": null,
      "tagIds": "100"
    },
    {
      "id": 6,
      "loginName": "admin11",
      "loginPwd": "202CB962AC5975B964B7152D234B70",
      "realName": "1231",
      "companyName": "123",
      "creditCode": "1231123",
      "mobilePhone": "123",
      "fixPhone": "1231231",
      "remark": "",
      "state": 1,
      "passTime": "2021-01-20T09:56:44.377",
      "invitationCode": "2XDWKG",
      "createTime": "2021-01-16T15:14:27.673",
      "updateTime": "2021-01-20T09:56:44.377",
      "updateUser": "Admin",
      "isReadAgreement": true,
      "openId": null,
      "tagIds": null
    },
    {
      "id": 7,
      "loginName": null,
      "loginPwd": null,
      "realName": "123141414",
      "companyName": "123141421",
      "creditCode": "1231231",
      "mobilePhone": "12313213",
      "fixPhone": "1321313212",
      "remark": "放屁",
      "state": 2,
      "passTime": "2021-01-19T18:37:17.303",
      "invitationCode": "DXPS8D",
      "createTime": "2021-01-16T15:17:19.097",
      "updateTime": "2021-01-19T18:37:17.303",
      "updateUser": "Admin",
      "isReadAgreement": true,
      "openId": null,
      "tagIds": null
    },
    {
      "id": 8,
      "loginName": null,
      "loginPwd": null,
      "realName": "2321321414",
      "companyName": "123131",
      "creditCode": "123131",
      "mobilePhone": "213134214141",
      "fixPhone": "1231313123",
      "remark": "废了",
      "state": 2,
      "passTime": "2021-01-19T18:18:53.173",
      "invitationCode": "ZXRC37",
      "createTime": "2021-01-16T15:20:14.78",
      "updateTime": "2021-01-19T18:18:53.173",
      "updateUser": "Admin",
      "isReadAgreement": true,
      "openId": null,
      "tagIds": null
    },
    {
      "id": 9,
      "loginName": null,
      "loginPwd": null,
      "realName": "123131",
      "companyName": "12313213",
      "creditCode": "123131",
      "mobilePhone": "123131",
      "fixPhone": "123131321",
      "remark": null,
      "state": 1,
      "passTime": "2021-01-19T17:08:48.16",
      "invitationCode": "9XIND7",
      "createTime": "2021-01-18T09:27:41.4",
      "updateTime": "2021-01-19T17:08:48.16",
      "updateUser": "Admin",
      "isReadAgreement": true,
      "openId": null,
      "tagIds": null
    },
    {
      "id": 10,
      "loginName": null,
      "loginPwd": null,
      "realName": "测试",
      "companyName": "测试",
      "creditCode": "111111",
      "mobilePhone": "全部为kkdkd",
      "fixPhone": "dndndnd",
      "remark": "",
      "state": 1,
      "passTime": "2021-01-28T18:57:18.277",
      "invitationCode": "CXF4ZP",
      "createTime": "2021-01-21T15:05:31.43",
      "updateTime": "2021-01-28T18:57:18.277",
      "updateUser": "Admin",
      "isReadAgreement": true,
      "openId": null,
      "tagIds": null
    },
    {
      "id": 11,
      "loginName": null,
      "loginPwd": null,
      "realName": "测试",
      "companyName": "测试",
      "creditCode": "111111",
      "mobilePhone": "全部为kkdkd",
      "fixPhone": "dndndnd",
      "remark": null,
      "state": 1,
      "passTime": null,
      "invitationCode": "7X3WM3",
      "createTime": "2021-01-21T15:05:40.363",
      "updateTime": null,
      "updateUser": null,
      "isReadAgreement": true,
      "openId": null,
      "tagIds": "100"
    },
    {
      "id": 12,
      "loginName": null,
      "loginPwd": null,
      "realName": "1",
      "companyName": "1",
      "creditCode": "1",
      "mobilePhone": "1",
      "fixPhone": "",
      "remark": null,
      "state": 1,
      "passTime": null,
      "invitationCode": "PX3AWM",
      "createTime": "2021-01-26T17:03:54.383",
      "updateTime": null,
      "updateUser": null,
      "isReadAgreement": true,
      "openId": null,
      "tagIds": ""
    },
    {
      "id": 13,
      "loginName": null,
      "loginPwd": null,
      "realName": "管理员",
      "companyName": "广州联洲电子商务有限公司",
      "creditCode": "91440101MA5CX8XQ1E",
      "mobilePhone": "18173608896",
      "fixPhone": "18173608896",
      "remark": "",
      "state": 1,
      "passTime": "2021-01-28T18:58:22.953",
      "invitationCode": "5X8FZG",
      "createTime": "2021-01-27T02:54:15.127",
      "updateTime": "2021-01-28T18:58:22.953",
      "updateUser": "Admin",
      "isReadAgreement": true,
      "openId": "oNkkP57_K0gtMBY0H6WFopiGXBjI",
      "tagIds": null
    },
    {
      "id": 14,
      "loginName": null,
      "loginPwd": null,
      "realName": "赵松",
      "companyName": "广州联洲电子商务有限公司",
      "creditCode": "jansngjajkkaksg4",
      "mobilePhone": "18152654856",
      "fixPhone": "11111",
      "remark": "",
      "state": 1,
      "passTime": "2021-01-28T18:48:58.653",
      "invitationCode": "IXY59G",
      "createTime": "2021-01-27T06:44:20.49",
      "updateTime": "2021-01-28T18:48:58.653",
      "updateUser": "Admin",
      "isReadAgreement": true,
      "openId": "oNkkP50aPxGjALR5uC_cuZkbpr8k",
      "tagIds": null
    },
    {
      "id": 15,
      "loginName": null,
      "loginPwd": null,
      "realName": "王",
      "companyName": "医美",
      "creditCode": "91440101MA5CX8XQ1E",
      "mobilePhone": "15180666542",
      "fixPhone": "",
      "remark": "",
      "state": 2,
      "passTime": "2021-01-28T18:48:25.193",
      "invitationCode": "KX2KCV",
      "createTime": "2021-01-27T16:29:17.633",
      "updateTime": "2021-01-28T18:48:25.193",
      "updateUser": "Admin",
      "isReadAgreement": true,
      "openId": "oNkkP50aPxGjALR5uC_cuZkbpr8k",
      "tagIds": "100"
    },
    {
      "id": 16,
      "loginName": null,
      "loginPwd": null,
      "realName": "杨景",
      "companyName": "联洲电子商务有限公司",
      "creditCode": "91440101MA5CX8XQ1E",
      "mobilePhone": "13697020532",
      "fixPhone": "",
      "remark": "",
      "state": 1,
      "passTime": "2021-02-02T14:17:47.037",
      "invitationCode": null,
      "createTime": "2021-01-27T16:33:17.96",
      "updateTime": "2021-02-02T14:17:47.037",
      "updateUser": "Admin",
      "isReadAgreement": true,
      "openId": "oNkkP57_jUiXDjlGCaZUT09v1YOU",
      "tagIds": null
    },
    {
      "id": 17,
      "loginName": null,
      "loginPwd": null,
      "realName": "jerry",
      "companyName": "1",
      "creditCode": "91440101MA5CX8XQ1E",
      "mobilePhone": "15180669167",
      "fixPhone": "",
      "remark": "",
      "state": 1,
      "passTime": "2021-02-02T14:17:29.023",
      "invitationCode": "MX5M8R",
      "createTime": "2021-01-27T18:37:06.253",
      "updateTime": "2021-02-02T14:17:29.023",
      "updateUser": "Admin",
      "isReadAgreement": true,
      "openId": "oNkkP50aPxGjALR5uC_cuZkbpr8k",
      "tagIds": "100"
    },
    {
      "id": 18,
      "loginName": null,
      "loginPwd": null,
      "realName": "jerry",
      "companyName": "1",
      "creditCode": "91440101MA5CX8XQ1E",
      "mobilePhone": "15180669167",
      "fixPhone": "",
      "remark": "",
      "state": 1,
      "passTime": "2021-01-28T19:09:55.8",
      "invitationCode": "JXZLT4",
      "createTime": "2021-01-27T18:38:28.087",
      "updateTime": "2021-01-28T19:09:55.8",
      "updateUser": "Admin",
      "isReadAgreement": true,
      "openId": "oNkkP50aPxGjALR5uC_cuZkbpr8k",
      "tagIds": ""
    },
    {
      "id": 19,
      "loginName": null,
      "loginPwd": null,
      "realName": "王",
      "companyName": "测试",
      "creditCode": "91440101MA5CX8XQ1E",
      "mobilePhone": "18173608896",
      "fixPhone": "110",
      "remark": "",
      "state": 1,
      "passTime": "2021-01-28T19:09:44",
      "invitationCode": "UXGKCR",
      "createTime": "2021-01-27T21:09:21.563",
      "updateTime": "2021-01-28T19:09:44",
      "updateUser": "Admin",
      "isReadAgreement": true,
      "openId": null,
      "tagIds": null
    },
    {
      "id": 20,
      "loginName": null,
      "loginPwd": null,
      "realName": "1111",
      "companyName": "11",
      "creditCode": "stri111ng",
      "mobilePhone": "1111",
      "fixPhone": "110",
      "remark": "",
      "state": 1,
      "passTime": "2021-01-28T18:44:15.39",
      "invitationCode": "FXPRFQ",
      "createTime": "2021-01-27T13:21:19.037",
      "updateTime": "2021-01-28T18:44:15.39",
      "updateUser": "Admin",
      "isReadAgreement": true,
      "openId": "oNkkP57_K0gtMBY0H6WFopiGXBjI",
      "tagIds": null
    },
    {
      "id": 21,
      "loginName": null,
      "loginPwd": null,
      "realName": "wang",
      "companyName": "zasdgaasgasdga",
      "creditCode": "111",
      "mobilePhone": "18173608896",
      "fixPhone": "119",
      "remark": "",
      "state": 1,
      "passTime": "2021-01-28T18:38:43.487",
      "invitationCode": "RX47LP",
      "createTime": "2021-01-28T01:40:04.63",
      "updateTime": "2021-01-28T18:38:43.487",
      "updateUser": "Admin",
      "isReadAgreement": true,
      "openId": "oNkkP57_K0gtMBY0H6WFopiGXBjI",
      "tagIds": "100"
    },
    {
      "id": 22,
      "loginName": null,
      "loginPwd": null,
      "realName": "谢国营",
      "companyName": "联洲",
      "creditCode": "91440101MA5CX8XQ1E",
      "mobilePhone": "19167584625",
      "fixPhone": "110",
      "remark": "",
      "state": 1,
      "passTime": "2021-01-28T18:52:44.887",
      "invitationCode": "4XHU4I",
      "createTime": "2021-01-28T09:50:43.17",
      "updateTime": "2021-01-28T18:52:44.887",
      "updateUser": "Admin",
      "isReadAgreement": true,
      "openId": null,
      "tagIds": null
    },
    {
      "id": 23,
      "loginName": null,
      "loginPwd": null,
      "realName": "测试",
      "companyName": "测试",
      "creditCode": "91440101MA5CX8XQ1E",
      "mobilePhone": "18173608896",
      "fixPhone": "1110",
      "remark": "",
      "state": 1,
      "passTime": "2021-02-02T14:18:17.19",
      "invitationCode": "VXMRDB",
      "createTime": "2021-01-28T11:09:41.453",
      "updateTime": "2021-02-02T14:18:17.19",
      "updateUser": "Admin",
      "isReadAgreement": true,
      "openId": null,
      "tagIds": null
    },
    {
      "id": 24,
      "loginName": "yyyyy",
      "loginPwd": "E1ADC3949BA59ABBE56E057F2F883E",
      "realName": "1231323213131",
      "companyName": "1231",
      "creditCode": "91440101MA5CX8XQ1E",
      "mobilePhone": "15180669167",
      "fixPhone": "",
      "remark": "",
      "state": 1,
      "passTime": "2021-01-29T09:53:24.75",
      "invitationCode": "YXK2DE",
      "createTime": "2021-01-29T09:52:44.367",
      "updateTime": "2021-01-29T09:53:24.75",
      "updateUser": "Admin",
      "isReadAgreement": true,
      "openId": "oNkkP50aPxGjALR5uC_cuZkbpr8k",
      "tagIds": null
    },
    {
      "id": 25,
      "loginName": "测试2",
      "loginPwd": "25D55AD283AA40AF464C76D713C7AD",
      "realName": "测试",
      "companyName": "测试",
      "creditCode": "91440101MA5CX8XQ1E",
      "mobilePhone": "13533462524",
      "fixPhone": "",
      "remark": "",
      "state": 1,
      "passTime": "2021-01-29T10:26:52.307",
      "invitationCode": "LX8W2Z",
      "createTime": "2021-01-29T10:26:12.76",
      "updateTime": "2021-01-29T10:26:52.303",
      "updateUser": "Admin",
      "isReadAgreement": true,
      "openId": "oNkkP573a3dhE2Pwkg0Qnt8dTvs0",
      "tagIds": "100"
    },
    {
      "id": 26,
      "loginName": "test",
      "loginPwd": "E1ADC3949BA59ABBE56E057F2F883E",
      "realName": "test",
      "companyName": "嘻嘻嘻",
      "creditCode": "111112222222222",
      "mobilePhone": "12345678901",
      "fixPhone": "",
      "remark": "",
      "state": 1,
      "passTime": "2021-03-04T14:37:41.257",
      "invitationCode": "TX3284",
      "createTime": "2021-02-19T11:45:09.647",
      "updateTime": "2021-03-04T14:37:41.257",
      "updateUser": "Admin",
      "isReadAgreement": true,
      "openId": "oNkkP58rvBtlIWKNIzRCmFesuq_o",
      "tagIds": "100"
    },
    {
      "id": 1000,
      "loginName": "aaaa",
      "loginPwd": "20820E3227815ED1756A6B531E7E0D2",
      "realName": "刘昊嘉",
      "companyName": "中软国际",
      "creditCode": "ajskalkalag",
      "mobilePhone": "1852852648",
      "fixPhone": "110",
      "remark": "",
      "state": 1,
      "passTime": "2021-03-04T15:53:38.173",
      "invitationCode": "HZXZUB",
      "createTime": "2021-03-04T07:52:44.833",
      "updateTime": "2021-03-04T15:53:38.173",
      "updateUser": "Admin",
      "isReadAgreement": true,
      "openId": "string",
      "tagIds": null
    }
  ]
}