
＝＝＝＝＝＝＝＝＝＝                                   
【日志级别】DEBUG                                   
【记录时间】2021-03-17 13:59:46,703                                   
【执行时间】[5180]毫秒                                   
【debug位置】System.String 属性[(null)]                                   
【debug描述】更新Token:
＝＝＝＝＝＝＝＝＝＝                                   
【日志级别】DEBUG                                   
【记录时间】2021-03-17 13:59:46,734                                   
【执行时间】[5211]毫秒                                   
【debug位置】System.String 属性[(null)]                                   
【debug描述】获取缓存
＝＝＝＝＝＝＝＝＝＝                                   
【日志级别】DEBUG                                   
【记录时间】2021-03-17 13:59:51,018                                   
【执行时间】[9495]毫秒                                   
【debug位置】System.String 属性[(null)]                                   
【debug描述】更新动态订单:2021/3/17 13:59:51
＝＝＝＝＝＝＝＝＝＝                                   
【日志级别】INFO                                   
【记录时间】2021-03-17 13:59:56,303                                   
【执行时间】[14780]毫秒                                   
【debug位置】WeChat.Core.Api.Middleware.LogReqResponseMiddleware 属性[(null)]                                   
【debug描述】Request:http localhost:5000 /api/Depot GET ?appid=M7QDFZ1u5wcarlT3opZNH40brk&sign=3CEE9960F7CF4B895FB5009464707E64&nonce=698870&timespan=1615960795 
＝＝＝＝＝＝＝＝＝＝                                   
【日志级别】DEBUG                                   
【记录时间】2021-03-17 14:00:04,678                                   
【执行时间】[23155]毫秒                                   
【debug位置】System.String 属性[(null)]                                   
【debug描述】更新动态销售额:2021/3/17 14:00:04
＝＝＝＝＝＝＝＝＝＝                                   
【日志级别】INFO                                   
【记录时间】2021-03-17 14:00:10,312                                   
【执行时间】[28789]毫秒                                   
【debug位置】WeChat.Core.Api.Middleware.LogReqResponseMiddleware 属性[(null)]                                   
【debug描述】Response:200: {
  "status": 200,
  "success": true,
  "msg": "已清空",
  "response": null
}
＝＝＝＝＝＝＝＝＝＝                                   
【日志级别】INFO                                   
【记录时间】2021-03-17 14:00:24,872                                   
【执行时间】[43349]毫秒                                   
【debug位置】WeChat.Core.Api.Middleware.LogReqResponseMiddleware 属性[(null)]                                   
【debug描述】Request:http localhost:5000 /api/Depot/GetScan GET ?appid=M7QDFZ1u5wcarlT3opZNH40brk&sign=DDEEEBFAB26493AF4097AE63FDC679F3&nonce=611861&timespan=1615960824&trackNo=1112223333 
＝＝＝＝＝＝＝＝＝＝                                   
【日志级别】INFO                                   
【记录时间】2021-03-17 14:02:33,314                                   
【执行时间】[171791]毫秒                                   
【debug位置】WeChat.Core.Api.Middleware.LogReqResponseMiddleware 属性[(null)]                                   
【debug描述】Response:200: {
  "status": 200,
  "success": true,
  "msg": "获取成功",
  "response": {
    "purchaseNo": "",
    "verify": false,
    "logisticsCompanyName": null
  }
}
＝＝＝＝＝＝＝＝＝＝                                   
【日志级别】INFO                                   
【记录时间】2021-03-17 14:02:38,638                                   
【执行时间】[177115]毫秒                                   
【debug位置】WeChat.Core.Api.Middleware.LogReqResponseMiddleware 属性[(null)]                                   
【debug描述】Request:http localhost:5000 /api/Depot/GetScan GET ?appid=M7QDFZ1u5wcarlT3opZNH40brk&sign=2DFDF9A2A263AAD42606198879F186C8&nonce=917459&timespan=1615960958&trackNo=11122233 
＝＝＝＝＝＝＝＝＝＝                                   
【日志级别】INFO                                   
【记录时间】2021-03-17 14:03:06,065                                   
【执行时间】[204542]毫秒                                   
【debug位置】WeChat.Core.Api.Middleware.LogReqResponseMiddleware 属性[(null)]                                   
【debug描述】Response:200: {
  "status": 200,
  "success": true,
  "msg": "获取成功",
  "response": {
    "purchaseNo": "",
    "verify": false,
    "logisticsCompanyName": null
  }
}
＝＝＝＝＝＝＝＝＝＝                                   
【日志级别】INFO                                   
【记录时间】2021-03-17 14:03:31,446                                   
【执行时间】[229923]毫秒                                   
【debug位置】WeChat.Core.Api.Middleware.LogReqResponseMiddleware 属性[(null)]                                   
【debug描述】Request:http localhost:5000 /api/Depot/GetScan GET ?appid=M7QDFZ1u5wcarlT3opZNH40brk&sign=162EDBC61CE2775298337ACE2F475305&nonce=704360&timespan=1615961003&trackNo=11122233 
＝＝＝＝＝＝＝＝＝＝                                   
【日志级别】DEBUG                                   
【记录时间】2021-03-17 14:05:18,260                                   
【执行时间】[1747]毫秒                                   
【debug位置】System.String 属性[(null)]                                   
【debug描述】更新Token:
＝＝＝＝＝＝＝＝＝＝                                   
【日志级别】DEBUG                                   
【记录时间】2021-03-17 14:05:18,310                                   
【执行时间】[1796]毫秒                                   
【debug位置】System.String 属性[(null)]                                   
【debug描述】获取缓存
＝＝＝＝＝＝＝＝＝＝                                   
【日志级别】DEBUG                                   
【记录时间】2021-03-17 14:05:21,357                                   
【执行时间】[4843]毫秒                                   
【debug位置】System.String 属性[(null)]                                   
【debug描述】更新动态订单:2021/3/17 14:05:21
＝＝＝＝＝＝＝＝＝＝                                   
【日志级别】INFO                                   
【记录时间】2021-03-17 14:05:25,511                                   
【执行时间】[8997]毫秒                                   
【debug位置】WeChat.Core.Api.Middleware.LogReqResponseMiddleware 属性[(null)]                                   
【debug描述】Request:http localhost:5000 /api/Depot GET ?appid=M7QDFZ1u5wcarlT3opZNH40brk&sign=928A6F845CD4283A818F9C9C829FB261&nonce=370936&timespan=1615961125 
＝＝＝＝＝＝＝＝＝＝                                   
【日志级别】INFO                                   
【记录时间】2021-03-17 14:05:25,880                                   
【执行时间】[9366]毫秒                                   
【debug位置】WeChat.Core.Api.Middleware.LogReqResponseMiddleware 属性[(null)]                                   
【debug描述】Response:200: {
  "status": 200,
  "success": true,
  "msg": "已清空",
  "response": null
}
＝＝＝＝＝＝＝＝＝＝                                   
【日志级别】DEBUG                                   
【记录时间】2021-03-17 14:05:28,955                                   
【执行时间】[12441]毫秒                                   
【debug位置】System.String 属性[(null)]                                   
【debug描述】更新动态销售额:2021/3/17 14:05:28
＝＝＝＝＝＝＝＝＝＝                                   
【日志级别】INFO                                   
【记录时间】2021-03-17 14:05:29,965                                   
【执行时间】[13451]毫秒                                   
【debug位置】WeChat.Core.Api.Middleware.LogReqResponseMiddleware 属性[(null)]                                   
【debug描述】Request:http localhost:5000 /api/Depot/GetScan GET ?appid=M7QDFZ1u5wcarlT3opZNH40brk&sign=1BF4E028A6F6585E60BDE9B30476CB22&nonce=278383&timespan=1615961129&trackNo=111122223333 
＝＝＝＝＝＝＝＝＝＝                                   
【日志级别】INFO                                   
【记录时间】2021-03-17 14:05:30,554                                   
【执行时间】[14040]毫秒                                   
【debug位置】WeChat.Core.Api.Middleware.LogReqResponseMiddleware 属性[(null)]                                   
【debug描述】Response:200: {
  "status": 200,
  "success": true,
  "msg": "获取成功",
  "response": {
    "purchaseNo": "",
    "verify": false,
    "logisticsCompanyName": ""
  }
}
＝＝＝＝＝＝＝＝＝＝                                   
【日志级别】DEBUG                                   
【记录时间】2021-03-17 14:06:20,537                                   
【执行时间】[1536]毫秒                                   
【debug位置】System.String 属性[(null)]                                   
【debug描述】更新Token:
＝＝＝＝＝＝＝＝＝＝                                   
【日志级别】DEBUG                                   
【记录时间】2021-03-17 14:06:20,570                                   
【执行时间】[1569]毫秒                                   
【debug位置】System.String 属性[(null)]                                   
【debug描述】获取缓存
＝＝＝＝＝＝＝＝＝＝                                   
【日志级别】DEBUG                                   
【记录时间】2021-03-17 14:06:23,969                                   
【执行时间】[4968]毫秒                                   
【debug位置】System.String 属性[(null)]                                   
【debug描述】更新动态订单:2021/3/17 14:06:23
＝＝＝＝＝＝＝＝＝＝                                   
【日志级别】DEBUG                                   
【记录时间】2021-03-17 14:06:39,661                                   
【执行时间】[3914]毫秒                                   
【debug位置】System.String 属性[(null)]                                   
【debug描述】更新Token:
＝＝＝＝＝＝＝＝＝＝                                   
【日志级别】DEBUG                                   
【记录时间】2021-03-17 14:06:39,769                                   
【执行时间】[4022]毫秒                                   
【debug位置】System.String 属性[(null)]                                   
【debug描述】获取缓存
＝＝＝＝＝＝＝＝＝＝                                   
【日志级别】DEBUG                                   
【记录时间】2021-03-17 14:06:44,127                                   
【执行时间】[8380]毫秒                                   
【debug位置】System.String 属性[(null)]                                   
【debug描述】更新动态订单:2021/3/17 14:06:44
＝＝＝＝＝＝＝＝＝＝                                   
【日志级别】INFO                                   
【记录时间】2021-03-17 14:06:49,202                                   
【执行时间】[13455]毫秒                                   
【debug位置】WeChat.Core.Api.Middleware.LogReqResponseMiddleware 属性[(null)]                                   
【debug描述】Request:http localhost:5000 /api/Depot GET ?appid=M7QDFZ1u5wcarlT3opZNH40brk&sign=6DF604466A988764BF1C059A06C549D4&nonce=450501&timespan=1615961208 
＝＝＝＝＝＝＝＝＝＝                                   
【日志级别】DEBUG                                   
【记录时间】2021-03-17 14:06:54,221                                   
【执行时间】[18474]毫秒                                   
【debug位置】System.String 属性[(null)]                                   
【debug描述】更新动态销售额:2021/3/17 14:06:54
＝＝＝＝＝＝＝＝＝＝                                   
【日志级别】INFO                                   
【记录时间】2021-03-17 14:07:15,985                                   
【执行时间】[40238]毫秒                                   
【debug位置】WeChat.Core.Api.Middleware.LogReqResponseMiddleware 属性[(null)]                                   
【debug描述】Response:200: {
  "status": 200,
  "success": true,
  "msg": "已清空",
  "response": null
}
＝＝＝＝＝＝＝＝＝＝                                   
【日志级别】INFO                                   
【记录时间】2021-03-17 14:07:26,863                                   
【执行时间】[51116]毫秒                                   
【debug位置】WeChat.Core.Api.Middleware.LogReqResponseMiddleware 属性[(null)]                                   
【debug描述】Request:http localhost:5000 /api/Depot/GetScan GET ?appid=M7QDFZ1u5wcarlT3opZNH40brk&sign=1EE8E647122005EACC5F83AD9BBE0433&nonce=217828&timespan=1615961246&trackNo=111122223333 
＝＝＝＝＝＝＝＝＝＝                                   
【日志级别】INFO                                   
【记录时间】2021-03-17 14:09:27,209                                   
【执行时间】[171463]毫秒                                   
【debug位置】WeChat.Core.Api.Middleware.LogReqResponseMiddleware 属性[(null)]                                   
【debug描述】Response:200: {
  "status": 200,
  "success": true,
  "msg": "获取成功",
  "response": {
    "purchaseNo": "",
    "verify": false,
    "logisticsCompanyName": ""
  }
}
＝＝＝＝＝＝＝＝＝＝                                   
【日志级别】DEBUG                                   
【记录时间】2021-03-17 18:47:59,755                                   
【执行时间】[3537]毫秒                                   
【debug位置】System.String 属性[(null)]                                   
【debug描述】更新Token:
＝＝＝＝＝＝＝＝＝＝                                   
【日志级别】DEBUG                                   
【记录时间】2021-03-17 18:47:59,857                                   
【执行时间】[3639]毫秒                                   
【debug位置】System.String 属性[(null)]                                   
【debug描述】获取缓存
＝＝＝＝＝＝＝＝＝＝                                   
【日志级别】DEBUG                                   
【记录时间】2021-03-17 18:48:03,409                                   
【执行时间】[7191]毫秒                                   
【debug位置】System.String 属性[(null)]                                   
【debug描述】更新动态订单:2021/3/17 18:48:03
＝＝＝＝＝＝＝＝＝＝                                   
【日志级别】INFO                                   
【记录时间】2021-03-17 18:48:03,847                                   
【执行时间】[7628]毫秒                                   
【debug位置】WeChat.Core.Api.Middleware.LogReqResponseMiddleware 属性[(null)]                                   
【debug描述】Request:http localhost:5000 /api/Depot GET ?appid=M7QDFZ1u5wcarlT3opZNH40brk&sign=293F4769FEF267A54FD8C40C1B38C518&nonce=369214&timespan=1615978083 
＝＝＝＝＝＝＝＝＝＝                                   
【日志级别】DEBUG                                   
【记录时间】2021-03-17 18:48:17,596                                   
【执行时间】[21377]毫秒                                   
【debug位置】System.String 属性[(null)]                                   
【debug描述】更新动态销售额:2021/3/17 18:48:17
＝＝＝＝＝＝＝＝＝＝                                   
【日志级别】INFO                                   
【记录时间】2021-03-17 18:48:20,922                                   
【执行时间】[24704]毫秒                                   
【debug位置】WeChat.Core.Api.Middleware.LogReqResponseMiddleware 属性[(null)]                                   
【debug描述】Response:200: {
  "status": 200,
  "success": true,
  "msg": "已清空",
  "response": null
}
＝＝＝＝＝＝＝＝＝＝                                   
【日志级别】INFO                                   
【记录时间】2021-03-17 18:49:19,888                                   
【执行时间】[83669]毫秒                                   
【debug位置】WeChat.Core.Api.Middleware.LogReqResponseMiddleware 属性[(null)]                                   
【debug描述】Request:http localhost:5000 /api/Depot/GetScan GET ?appid=M7QDFZ1u5wcarlT3opZNH40brk&sign=E2F3C0FB945C9EC59018EF3E80E13E2A&nonce=138113&timespan=1615978159&trackNo=YT5314336882721 
＝＝＝＝＝＝＝＝＝＝                                   
【日志级别】INFO                                   
【记录时间】2021-03-17 18:50:06,886                                   
【执行时间】[130668]毫秒                                   
【debug位置】WeChat.Core.Api.Middleware.LogReqResponseMiddleware 属性[(null)]                                   
【debug描述】Response:200: {
  "status": 200,
  "success": true,
  "msg": "获取成功",
  "response": {
    "purchaseNo": "1646789184140027574",
    "verify": true,
    "logisticsCompanyName": "圆通速递(YTO)"
  }
}
＝＝＝＝＝＝＝＝＝＝                                   
【日志级别】DEBUG                                   
【记录时间】2021-03-17 18:52:56,494                                   
【执行时间】[3307]毫秒                                   
【debug位置】System.String 属性[(null)]                                   
【debug描述】更新Token:
＝＝＝＝＝＝＝＝＝＝                                   
【日志级别】DEBUG                                   
【记录时间】2021-03-17 18:52:56,587                                   
【执行时间】[3400]毫秒                                   
【debug位置】System.String 属性[(null)]                                   
【debug描述】获取缓存
＝＝＝＝＝＝＝＝＝＝                                   
【日志级别】DEBUG                                   
【记录时间】2021-03-17 18:53:00,005                                   
【执行时间】[6818]毫秒                                   
【debug位置】System.String 属性[(null)]                                   
【debug描述】更新动态订单:2021/3/17 18:53:00
＝＝＝＝＝＝＝＝＝＝                                   
【日志级别】INFO                                   
【记录时间】2021-03-17 18:53:04,698                                   
【执行时间】[11511]毫秒                                   
【debug位置】WeChat.Core.Api.Middleware.LogReqResponseMiddleware 属性[(null)]                                   
【debug描述】Request:http localhost:5000 /api/Depot GET ?appid=M7QDFZ1u5wcarlT3opZNH40brk&sign=09B983EFBE9AFD394CAE779BDBB04BF1&nonce=139124&timespan=1615978384 
＝＝＝＝＝＝＝＝＝＝                                   
【日志级别】DEBUG                                   
【记录时间】2021-03-17 18:53:13,222                                   
【执行时间】[20035]毫秒                                   
【debug位置】System.String 属性[(null)]                                   
【debug描述】更新动态销售额:2021/3/17 18:53:13
＝＝＝＝＝＝＝＝＝＝                                   
【日志级别】INFO                                   
【记录时间】2021-03-17 18:53:18,631                                   
【执行时间】[25444]毫秒                                   
【debug位置】WeChat.Core.Api.Middleware.LogReqResponseMiddleware 属性[(null)]                                   
【debug描述】Response:200: {
  "status": 200,
  "success": true,
  "msg": "已清空",
  "response": null
}
＝＝＝＝＝＝＝＝＝＝                                   
【日志级别】INFO                                   
【记录时间】2021-03-17 18:53:26,171                                   
【执行时间】[32984]毫秒                                   
【debug位置】WeChat.Core.Api.Middleware.LogReqResponseMiddleware 属性[(null)]                                   
【debug描述】Request:http localhost:5000 /api/Depot/GetScan GET ?appid=M7QDFZ1u5wcarlT3opZNH40brk&sign=023DBD267A07E2CFF700B8B52F0D204F&nonce=146704&timespan=1615978406&trackNo=9882056444528 
＝＝＝＝＝＝＝＝＝＝                                   
【日志级别】INFO                                   
【记录时间】2021-03-17 18:54:25,404                                   
【执行时间】[92216]毫秒                                   
【debug位置】WeChat.Core.Api.Middleware.LogReqResponseMiddleware 属性[(null)]                                   
【debug描述】Response:200: {
  "status": 200,
  "success": true,
  "msg": "获取成功",
  "response": {
    "purchaseNo": "1643856588013027574",
    "verify": true,
    "logisticsCompanyName": "邮政国内小包"
  }
}
＝＝＝＝＝＝＝＝＝＝                                   
【日志级别】DEBUG                                   
【记录时间】2021-03-17 18:55:59,383                                   
【执行时间】[1535]毫秒                                   
【debug位置】System.String 属性[(null)]                                   
【debug描述】更新Token:
＝＝＝＝＝＝＝＝＝＝                                   
【日志级别】DEBUG                                   
【记录时间】2021-03-17 18:55:59,418                                   
【执行时间】[1569]毫秒                                   
【debug位置】System.String 属性[(null)]                                   
【debug描述】获取缓存
＝＝＝＝＝＝＝＝＝＝                                   
【日志级别】DEBUG                                   
【记录时间】2021-03-17 18:56:02,648                                   
【执行时间】[4799]毫秒                                   
【debug位置】System.String 属性[(null)]                                   
【debug描述】更新动态订单:2021/3/17 18:56:02
＝＝＝＝＝＝＝＝＝＝                                   
【日志级别】DEBUG                                   
【记录时间】2021-03-17 18:56:10,634                                   
【执行时间】[12785]毫秒                                   
【debug位置】System.String 属性[(null)]                                   
【debug描述】更新动态销售额:2021/3/17 18:56:10
＝＝＝＝＝＝＝＝＝＝                                   
【日志级别】INFO                                   
【记录时间】2021-03-17 18:56:15,643                                   
【执行时间】[17794]毫秒                                   
【debug位置】WeChat.Core.Api.Middleware.LogReqResponseMiddleware 属性[(null)]                                   
【debug描述】Request:http localhost:5000 /api/Depot GET ?appid=M7QDFZ1u5wcarlT3opZNH40brk&sign=FD3400B9C1AA4FD1EA7A74C02E8D30D2&nonce=981099&timespan=1615978575 
＝＝＝＝＝＝＝＝＝＝                                   
【日志级别】INFO                                   
【记录时间】2021-03-17 18:56:15,955                                   
【执行时间】[18106]毫秒                                   
【debug位置】WeChat.Core.Api.Middleware.LogReqResponseMiddleware 属性[(null)]                                   
【debug描述】Response:200: {
  "status": 200,
  "success": true,
  "msg": "已清空",
  "response": null
}
＝＝＝＝＝＝＝＝＝＝                                   
【日志级别】INFO                                   
【记录时间】2021-03-17 18:56:28,406                                   
【执行时间】[30557]毫秒                                   
【debug位置】WeChat.Core.Api.Middleware.LogReqResponseMiddleware 属性[(null)]                                   
【debug描述】Request:http localhost:5000 /api/Depot/GetScan GET ?appid=M7QDFZ1u5wcarlT3opZNH40brk&sign=BF78BDBE19231C85855361F9C2FD9EC8&nonce=304817&timespan=1615978588&trackNo=SF1410834107074 
＝＝＝＝＝＝＝＝＝＝                                   
【日志级别】INFO                                   
【记录时间】2021-03-17 18:56:29,064                                   
【执行时间】[31216]毫秒                                   
【debug位置】WeChat.Core.Api.Middleware.LogReqResponseMiddleware 属性[(null)]                                   
【debug描述】Response:200: {
  "status": 200,
  "success": true,
  "msg": "获取成功",
  "response": {
    "purchaseNo": "线下采购",
    "verify": true,
    "logisticsCompanyName": null
  }
}
＝＝＝＝＝＝＝＝＝＝                                   
【日志级别】DEBUG                                   
【记录时间】2021-03-17 19:02:01,674                                   
【执行时间】[363825]毫秒                                   
【debug位置】System.String 属性[(null)]                                   
【debug描述】更新动态订单:2021/3/17 19:02:01
＝＝＝＝＝＝＝＝＝＝                                   
【日志级别】DEBUG                                   
【记录时间】2021-03-17 19:02:11,443                                   
【执行时间】[373595]毫秒                                   
【debug位置】System.String 属性[(null)]                                   
【debug描述】更新动态销售额:2021/3/17 19:02:11
＝＝＝＝＝＝＝＝＝＝                                   
【日志级别】DEBUG                                   
【记录时间】2021-03-17 19:15:04,137                                   
【执行时间】[1524]毫秒                                   
【debug位置】System.String 属性[(null)]                                   
【debug描述】更新Token:
＝＝＝＝＝＝＝＝＝＝                                   
【日志级别】DEBUG                                   
【记录时间】2021-03-17 19:15:04,169                                   
【执行时间】[1556]毫秒                                   
【debug位置】System.String 属性[(null)]                                   
【debug描述】获取缓存
＝＝＝＝＝＝＝＝＝＝                                   
【日志级别】DEBUG                                   
【记录时间】2021-03-17 19:15:07,206                                   
【执行时间】[4593]毫秒                                   
【debug位置】System.String 属性[(null)]                                   
【debug描述】更新动态订单:2021/3/17 19:15:07
＝＝＝＝＝＝＝＝＝＝                                   
【日志级别】DEBUG                                   
【记录时间】2021-03-17 19:15:14,695                                   
【执行时间】[12082]毫秒                                   
【debug位置】System.String 属性[(null)]                                   
【debug描述】更新动态销售额:2021/3/17 19:15:14