
＝＝＝＝＝＝＝＝＝＝                                   
【日志级别】DEBUG                                   
【记录时间】2021-03-04 13:41:53,165                                   
【执行时间】[1952]毫秒                                   
【debug位置】System.String 属性[(null)]                                   
【debug描述】更新Token:
＝＝＝＝＝＝＝＝＝＝                                   
【日志级别】DEBUG                                   
【记录时间】2021-03-04 13:41:53,206                                   
【执行时间】[1992]毫秒                                   
【debug位置】System.String 属性[(null)]                                   
【debug描述】获取缓存
＝＝＝＝＝＝＝＝＝＝                                   
【日志级别】INFO                                   
【记录时间】2021-03-04 13:42:16,193                                   
【执行时间】[24979]毫秒                                   
【debug位置】WeChat.Core.Api.Middleware.LogReqResponseMiddleware 属性[(null)]                                   
【debug描述】Request:http localhost:5000 /api/Account/Md5Password GET ?password=123456 
＝＝＝＝＝＝＝＝＝＝                                   
【日志级别】INFO                                   
【记录时间】2021-03-04 13:42:16,762                                   
【执行时间】[25548]毫秒                                   
【debug位置】WeChat.Core.Api.Middleware.LogReqResponseMiddleware 属性[(null)]                                   
【debug描述】Response:200: "E1ADC3949BA59ABBE56E057F2F883E"